<?xml version="1.0" encoding="UTF-8"?>
<testsuite xmlns:xsi="http://www.w3.org/2001/XMLSchema-instance" xsi:noNamespaceSchemaLocation="https://maven.apache.org/surefire/maven-surefire-plugin/xsd/surefire-test-report.xsd" version="3.0.2" name="com.sistema.electronico_backend.ElectronicoBackendApplicationTests" time="4.061" tests="1" errors="0" skipped="0" failures="0">
  <properties>
    <property name="java.specification.version" value="17"/>
    <property name="sun.cpu.isalist" value="amd64"/>
    <property name="sun.jnu.encoding" value="Cp1252"/>
    <property name="java.class.path" value="C:\Users\ASUS\Desktop\ProJava\sistemaElectronico\electronico-backend\target\test-classes;C:\Users\ASUS\Desktop\ProJava\sistemaElectronico\electronico-backend\target\classes;C:\Users\ASUS\.m2\repository\org\springframework\boot\spring-boot-starter-data-r2dbc\3.4.1\spring-boot-starter-data-r2dbc-3.4.1.jar;C:\Users\ASUS\.m2\repository\org\springframework\boot\spring-boot-starter\3.4.1\spring-boot-starter-3.4.1.jar;C:\Users\ASUS\.m2\repository\org\springframework\boot\spring-boot\3.4.1\spring-boot-3.4.1.jar;C:\Users\ASUS\.m2\repository\org\springframework\boot\spring-boot-autoconfigure\3.4.1\spring-boot-autoconfigure-3.4.1.jar;C:\Users\ASUS\.m2\repository\org\springframework\boot\spring-boot-starter-logging\3.4.1\spring-boot-starter-logging-3.4.1.jar;C:\Users\ASUS\.m2\repository\ch\qos\logback\logback-classic\1.5.12\logback-classic-1.5.12.jar;C:\Users\ASUS\.m2\repository\ch\qos\logback\logback-core\1.5.12\logback-core-1.5.12.jar;C:\Users\ASUS\.m2\repository\org\apache\logging\log4j\log4j-to-slf4j\2.24.3\log4j-to-slf4j-2.24.3.jar;C:\Users\ASUS\.m2\repository\org\apache\logging\log4j\log4j-api\2.24.3\log4j-api-2.24.3.jar;C:\Users\ASUS\.m2\repository\org\slf4j\jul-to-slf4j\2.0.16\jul-to-slf4j-2.0.16.jar;C:\Users\ASUS\.m2\repository\jakarta\annotation\jakarta.annotation-api\2.1.1\jakarta.annotation-api-2.1.1.jar;C:\Users\ASUS\.m2\repository\org\yaml\snakeyaml\2.3\snakeyaml-2.3.jar;C:\Users\ASUS\.m2\repository\org\springframework\data\spring-data-r2dbc\3.4.1\spring-data-r2dbc-3.4.1.jar;C:\Users\ASUS\.m2\repository\org\springframework\data\spring-data-relational\3.4.1\spring-data-relational-3.4.1.jar;C:\Users\ASUS\.m2\repository\org\springframework\data\spring-data-commons\3.4.1\spring-data-commons-3.4.1.jar;C:\Users\ASUS\.m2\repository\org\springframework\spring-tx\6.2.1\spring-tx-6.2.1.jar;C:\Users\ASUS\.m2\repository\org\springframework\spring-context\6.2.1\spring-context-6.2.1.jar;C:\Users\ASUS\.m2\repository\org\springframework\spring-aop\6.2.1\spring-aop-6.2.1.jar;C:\Users\ASUS\.m2\repository\org\springframework\spring-beans\6.2.1\spring-beans-6.2.1.jar;C:\Users\ASUS\.m2\repository\org\springframework\spring-jdbc\6.2.1\spring-jdbc-6.2.1.jar;C:\Users\ASUS\.m2\repository\org\springframework\spring-r2dbc\6.2.1\spring-r2dbc-6.2.1.jar;C:\Users\ASUS\.m2\repository\org\slf4j\slf4j-api\2.0.16\slf4j-api-2.0.16.jar;C:\Users\ASUS\.m2\repository\io\r2dbc\r2dbc-spi\1.0.0.RELEASE\r2dbc-spi-1.0.0.RELEASE.jar;C:\Users\ASUS\.m2\repository\org\reactivestreams\reactive-streams\1.0.4\reactive-streams-1.0.4.jar;C:\Users\ASUS\.m2\repository\io\r2dbc\r2dbc-pool\1.0.2.RELEASE\r2dbc-pool-1.0.2.RELEASE.jar;C:\Users\ASUS\.m2\repository\io\projectreactor\addons\reactor-pool\1.1.0\reactor-pool-1.1.0.jar;C:\Users\ASUS\.m2\repository\org\springframework\boot\spring-boot-starter-data-mongodb\3.4.1\spring-boot-starter-data-mongodb-3.4.1.jar;C:\Users\ASUS\.m2\repository\org\mongodb\mongodb-driver-sync\5.2.1\mongodb-driver-sync-5.2.1.jar;C:\Users\ASUS\.m2\repository\org\mongodb\bson\5.2.1\bson-5.2.1.jar;C:\Users\ASUS\.m2\repository\org\mongodb\mongodb-driver-core\5.2.1\mongodb-driver-core-5.2.1.jar;C:\Users\ASUS\.m2\repository\org\mongodb\bson-record-codec\5.2.1\bson-record-codec-5.2.1.jar;C:\Users\ASUS\.m2\repository\org\springframework\data\spring-data-mongodb\4.4.1\spring-data-mongodb-4.4.1.jar;C:\Users\ASUS\.m2\repository\org\springframework\spring-expression\6.2.1\spring-expression-6.2.1.jar;C:\Users\ASUS\.m2\repository\org\springframework\boot\spring-boot-starter-data-mongodb-reactive\3.4.1\spring-boot-starter-data-mongodb-reactive-3.4.1.jar;C:\Users\ASUS\.m2\repository\io\projectreactor\reactor-core\3.7.1\reactor-core-3.7.1.jar;C:\Users\ASUS\.m2\repository\org\mongodb\mongodb-driver-reactivestreams\5.2.1\mongodb-driver-reactivestreams-5.2.1.jar;C:\Users\ASUS\.m2\repository\org\springframework\boot\spring-boot-starter-validation\3.4.1\spring-boot-starter-validation-3.4.1.jar;C:\Users\ASUS\.m2\repository\org\apache\tomcat\embed\tomcat-embed-el\10.1.34\tomcat-embed-el-10.1.34.jar;C:\Users\ASUS\.m2\repository\org\hibernate\validator\hibernate-validator\8.0.2.Final\hibernate-validator-8.0.2.Final.jar;C:\Users\ASUS\.m2\repository\jakarta\validation\jakarta.validation-api\3.0.2\jakarta.validation-api-3.0.2.jar;C:\Users\ASUS\.m2\repository\org\jboss\logging\jboss-logging\3.6.1.Final\jboss-logging-3.6.1.Final.jar;C:\Users\ASUS\.m2\repository\com\fasterxml\classmate\1.7.0\classmate-1.7.0.jar;C:\Users\ASUS\.m2\repository\org\springframework\boot\spring-boot-starter-webflux\3.4.1\spring-boot-starter-webflux-3.4.1.jar;C:\Users\ASUS\.m2\repository\org\springframework\boot\spring-boot-starter-json\3.4.1\spring-boot-starter-json-3.4.1.jar;C:\Users\ASUS\.m2\repository\com\fasterxml\jackson\core\jackson-databind\2.18.2\jackson-databind-2.18.2.jar;C:\Users\ASUS\.m2\repository\com\fasterxml\jackson\core\jackson-annotations\2.18.2\jackson-annotations-2.18.2.jar;C:\Users\ASUS\.m2\repository\com\fasterxml\jackson\core\jackson-core\2.18.2\jackson-core-2.18.2.jar;C:\Users\ASUS\.m2\repository\com\fasterxml\jackson\datatype\jackson-datatype-jdk8\2.18.2\jackson-datatype-jdk8-2.18.2.jar;C:\Users\ASUS\.m2\repository\com\fasterxml\jackson\datatype\jackson-datatype-jsr310\2.18.2\jackson-datatype-jsr310-2.18.2.jar;C:\Users\ASUS\.m2\repository\com\fasterxml\jackson\module\jackson-module-parameter-names\2.18.2\jackson-module-parameter-names-2.18.2.jar;C:\Users\ASUS\.m2\repository\org\springframework\boot\spring-boot-starter-reactor-netty\3.4.1\spring-boot-starter-reactor-netty-3.4.1.jar;C:\Users\ASUS\.m2\repository\io\projectreactor\netty\reactor-netty-http\1.2.1\reactor-netty-http-1.2.1.jar;C:\Users\ASUS\.m2\repository\io\netty\netty-codec-http\4.1.116.Final\netty-codec-http-4.1.116.Final.jar;C:\Users\ASUS\.m2\repository\io\netty\netty-codec-http2\4.1.116.Final\netty-codec-http2-4.1.116.Final.jar;C:\Users\ASUS\.m2\repository\org\springframework\spring-web\6.2.1\spring-web-6.2.1.jar;C:\Users\ASUS\.m2\repository\io\micrometer\micrometer-observation\1.14.2\micrometer-observation-1.14.2.jar;C:\Users\ASUS\.m2\repository\io\micrometer\micrometer-commons\1.14.2\micrometer-commons-1.14.2.jar;C:\Users\ASUS\.m2\repository\org\springframework\spring-webflux\6.2.1\spring-webflux-6.2.1.jar;C:\Users\ASUS\.m2\repository\org\postgresql\r2dbc-postgresql\1.0.7.RELEASE\r2dbc-postgresql-1.0.7.RELEASE.jar;C:\Users\ASUS\.m2\repository\com\ongres\scram\client\2.1\client-2.1.jar;C:\Users\ASUS\.m2\repository\com\ongres\scram\common\2.1\common-2.1.jar;C:\Users\ASUS\.m2\repository\com\ongres\stringprep\saslprep\1.1\saslprep-1.1.jar;C:\Users\ASUS\.m2\repository\com\ongres\stringprep\stringprep\1.1\stringprep-1.1.jar;C:\Users\ASUS\.m2\repository\io\projectreactor\netty\reactor-netty-core\1.2.1\reactor-netty-core-1.2.1.jar;C:\Users\ASUS\.m2\repository\io\netty\netty-handler\4.1.116.Final\netty-handler-4.1.116.Final.jar;C:\Users\ASUS\.m2\repository\io\netty\netty-common\4.1.116.Final\netty-common-4.1.116.Final.jar;C:\Users\ASUS\.m2\repository\io\netty\netty-resolver\4.1.116.Final\netty-resolver-4.1.116.Final.jar;C:\Users\ASUS\.m2\repository\io\netty\netty-buffer\4.1.116.Final\netty-buffer-4.1.116.Final.jar;C:\Users\ASUS\.m2\repository\io\netty\netty-transport\4.1.116.Final\netty-transport-4.1.116.Final.jar;C:\Users\ASUS\.m2\repository\io\netty\netty-transport-native-unix-common\4.1.116.Final\netty-transport-native-unix-common-4.1.116.Final.jar;C:\Users\ASUS\.m2\repository\io\netty\netty-codec\4.1.116.Final\netty-codec-4.1.116.Final.jar;C:\Users\ASUS\.m2\repository\io\netty\netty-handler-proxy\4.1.116.Final\netty-handler-proxy-4.1.116.Final.jar;C:\Users\ASUS\.m2\repository\io\netty\netty-codec-socks\4.1.116.Final\netty-codec-socks-4.1.116.Final.jar;C:\Users\ASUS\.m2\repository\io\netty\netty-resolver-dns\4.1.116.Final\netty-resolver-dns-4.1.116.Final.jar;C:\Users\ASUS\.m2\repository\io\netty\netty-codec-dns\4.1.116.Final\netty-codec-dns-4.1.116.Final.jar;C:\Users\ASUS\.m2\repository\io\netty\netty-resolver-dns-native-macos\4.1.116.Final\netty-resolver-dns-native-macos-4.1.116.Final-osx-x86_64.jar;C:\Users\ASUS\.m2\repository\io\netty\netty-resolver-dns-classes-macos\4.1.116.Final\netty-resolver-dns-classes-macos-4.1.116.Final.jar;C:\Users\ASUS\.m2\repository\io\netty\netty-transport-native-epoll\4.1.116.Final\netty-transport-native-epoll-4.1.116.Final-linux-x86_64.jar;C:\Users\ASUS\.m2\repository\io\netty\netty-transport-classes-epoll\4.1.116.Final\netty-transport-classes-epoll-4.1.116.Final.jar;C:\Users\ASUS\.m2\repository\org\projectlombok\lombok\1.18.36\lombok-1.18.36.jar;C:\Users\ASUS\.m2\repository\org\junit\jupiter\junit-jupiter-api\5.11.4\junit-jupiter-api-5.11.4.jar;C:\Users\ASUS\.m2\repository\org\opentest4j\opentest4j\1.3.0\opentest4j-1.3.0.jar;C:\Users\ASUS\.m2\repository\org\junit\platform\junit-platform-commons\1.11.4\junit-platform-commons-1.11.4.jar;C:\Users\ASUS\.m2\repository\org\apiguardian\apiguardian-api\1.1.2\apiguardian-api-1.1.2.jar;C:\Users\ASUS\.m2\repository\org\junit\jupiter\junit-jupiter-engine\5.11.4\junit-jupiter-engine-5.11.4.jar;C:\Users\ASUS\.m2\repository\org\junit\platform\junit-platform-engine\1.11.4\junit-platform-engine-1.11.4.jar;C:\Users\ASUS\.m2\repository\junit\junit\4.13.2\junit-4.13.2.jar;C:\Users\ASUS\.m2\repository\org\hamcrest\hamcrest-core\2.2\hamcrest-core-2.2.jar;C:\Users\ASUS\.m2\repository\org\mockito\mockito-core\5.14.2\mockito-core-5.14.2.jar;C:\Users\ASUS\.m2\repository\net\bytebuddy\byte-buddy\1.15.11\byte-buddy-1.15.11.jar;C:\Users\ASUS\.m2\repository\net\bytebuddy\byte-buddy-agent\1.15.11\byte-buddy-agent-1.15.11.jar;C:\Users\ASUS\.m2\repository\org\objenesis\objenesis\3.3\objenesis-3.3.jar;C:\Users\ASUS\.m2\repository\org\springframework\boot\spring-boot-starter-test\3.4.1\spring-boot-starter-test-3.4.1.jar;C:\Users\ASUS\.m2\repository\org\springframework\boot\spring-boot-test\3.4.1\spring-boot-test-3.4.1.jar;C:\Users\ASUS\.m2\repository\org\springframework\boot\spring-boot-test-autoconfigure\3.4.1\spring-boot-test-autoconfigure-3.4.1.jar;C:\Users\ASUS\.m2\repository\com\jayway\jsonpath\json-path\2.9.0\json-path-2.9.0.jar;C:\Users\ASUS\.m2\repository\jakarta\xml\bind\jakarta.xml.bind-api\4.0.2\jakarta.xml.bind-api-4.0.2.jar;C:\Users\ASUS\.m2\repository\jakarta\activation\jakarta.activation-api\2.1.3\jakarta.activation-api-2.1.3.jar;C:\Users\ASUS\.m2\repository\net\minidev\json-smart\2.5.1\json-smart-2.5.1.jar;C:\Users\ASUS\.m2\repository\net\minidev\accessors-smart\2.5.1\accessors-smart-2.5.1.jar;C:\Users\ASUS\.m2\repository\org\ow2\asm\asm\9.6\asm-9.6.jar;C:\Users\ASUS\.m2\repository\org\assertj\assertj-core\3.26.3\assertj-core-3.26.3.jar;C:\Users\ASUS\.m2\repository\org\awaitility\awaitility\4.2.2\awaitility-4.2.2.jar;C:\Users\ASUS\.m2\repository\org\hamcrest\hamcrest\2.2\hamcrest-2.2.jar;C:\Users\ASUS\.m2\repository\org\junit\jupiter\junit-jupiter\5.11.4\junit-jupiter-5.11.4.jar;C:\Users\ASUS\.m2\repository\org\junit\jupiter\junit-jupiter-params\5.11.4\junit-jupiter-params-5.11.4.jar;C:\Users\ASUS\.m2\repository\org\mockito\mockito-junit-jupiter\5.14.2\mockito-junit-jupiter-5.14.2.jar;C:\Users\ASUS\.m2\repository\org\skyscreamer\jsonassert\1.5.3\jsonassert-1.5.3.jar;C:\Users\ASUS\.m2\repository\com\vaadin\external\google\android-json\0.0.20131108.vaadin1\android-json-0.0.20131108.vaadin1.jar;C:\Users\ASUS\.m2\repository\org\springframework\spring-core\6.2.1\spring-core-6.2.1.jar;C:\Users\ASUS\.m2\repository\org\springframework\spring-jcl\6.2.1\spring-jcl-6.2.1.jar;C:\Users\ASUS\.m2\repository\org\springframework\spring-test\6.2.1\spring-test-6.2.1.jar;C:\Users\ASUS\.m2\repository\org\xmlunit\xmlunit-core\2.10.0\xmlunit-core-2.10.0.jar;C:\Users\ASUS\.m2\repository\io\projectreactor\reactor-test\3.7.1\reactor-test-3.7.1.jar;"/>
    <property name="java.vm.vendor" value="Oracle Corporation"/>
    <property name="sun.arch.data.model" value="64"/>
    <property name="user.variant" value=""/>
    <property name="java.vendor.url" value="https://java.oracle.com/"/>
    <property name="user.timezone" value="America/Lima"/>
    <property name="org.jboss.logging.provider" value="slf4j"/>
    <property name="os.name" value="Windows 11"/>
    <property name="java.vm.specification.version" value="17"/>
    <property name="APPLICATION_NAME" value="electronico-backend"/>
    <property name="sun.java.launcher" value="SUN_STANDARD"/>
    <property name="user.country" value="PE"/>
    <property name="sun.boot.library.path" value="C:\Program Files\Java\jdk-17\bin"/>
    <property name="sun.java.command" value="C:\Users\ASUS\AppData\Local\Temp\surefire2284013604581435105\surefirebooter-20241229222537698_3.jar C:\Users\ASUS\AppData\Local\Temp\surefire2284013604581435105 2024-12-29T22-25-37_533-jvmRun1 surefire-20241229222537698_1tmp surefire_0-20241229222537698_2tmp"/>
    <property name="jdk.debug" value="release"/>
    <property name="surefire.test.class.path" value="C:\Users\ASUS\Desktop\ProJava\sistemaElectronico\electronico-backend\target\test-classes;C:\Users\ASUS\Desktop\ProJava\sistemaElectronico\electronico-backend\target\classes;C:\Users\ASUS\.m2\repository\org\springframework\boot\spring-boot-starter-data-r2dbc\3.4.1\spring-boot-starter-data-r2dbc-3.4.1.jar;C:\Users\ASUS\.m2\repository\org\springframework\boot\spring-boot-starter\3.4.1\spring-boot-starter-3.4.1.jar;C:\Users\ASUS\.m2\repository\org\springframework\boot\spring-boot\3.4.1\spring-boot-3.4.1.jar;C:\Users\ASUS\.m2\repository\org\springframework\boot\spring-boot-autoconfigure\3.4.1\spring-boot-autoconfigure-3.4.1.jar;C:\Users\ASUS\.m2\repository\org\springframework\boot\spring-boot-starter-logging\3.4.1\spring-boot-starter-logging-3.4.1.jar;C:\Users\ASUS\.m2\repository\ch\qos\logback\logback-classic\1.5.12\logback-classic-1.5.12.jar;C:\Users\ASUS\.m2\repository\ch\qos\logback\logback-core\1.5.12\logback-core-1.5.12.jar;C:\Users\ASUS\.m2\repository\org\apache\logging\log4j\log4j-to-slf4j\2.24.3\log4j-to-slf4j-2.24.3.jar;C:\Users\ASUS\.m2\repository\org\apache\logging\log4j\log4j-api\2.24.3\log4j-api-2.24.3.jar;C:\Users\ASUS\.m2\repository\org\slf4j\jul-to-slf4j\2.0.16\jul-to-slf4j-2.0.16.jar;C:\Users\ASUS\.m2\repository\jakarta\annotation\jakarta.annotation-api\2.1.1\jakarta.annotation-api-2.1.1.jar;C:\Users\ASUS\.m2\repository\org\yaml\snakeyaml\2.3\snakeyaml-2.3.jar;C:\Users\ASUS\.m2\repository\org\springframework\data\spring-data-r2dbc\3.4.1\spring-data-r2dbc-3.4.1.jar;C:\Users\ASUS\.m2\repository\org\springframework\data\spring-data-relational\3.4.1\spring-data-relational-3.4.1.jar;C:\Users\ASUS\.m2\repository\org\springframework\data\spring-data-commons\3.4.1\spring-data-commons-3.4.1.jar;C:\Users\ASUS\.m2\repository\org\springframework\spring-tx\6.2.1\spring-tx-6.2.1.jar;C:\Users\ASUS\.m2\repository\org\springframework\spring-context\6.2.1\spring-context-6.2.1.jar;C:\Users\ASUS\.m2\repository\org\springframework\spring-aop\6.2.1\spring-aop-6.2.1.jar;C:\Users\ASUS\.m2\repository\org\springframework\spring-beans\6.2.1\spring-beans-6.2.1.jar;C:\Users\ASUS\.m2\repository\org\springframework\spring-jdbc\6.2.1\spring-jdbc-6.2.1.jar;C:\Users\ASUS\.m2\repository\org\springframework\spring-r2dbc\6.2.1\spring-r2dbc-6.2.1.jar;C:\Users\ASUS\.m2\repository\org\slf4j\slf4j-api\2.0.16\slf4j-api-2.0.16.jar;C:\Users\ASUS\.m2\repository\io\r2dbc\r2dbc-spi\1.0.0.RELEASE\r2dbc-spi-1.0.0.RELEASE.jar;C:\Users\ASUS\.m2\repository\org\reactivestreams\reactive-streams\1.0.4\reactive-streams-1.0.4.jar;C:\Users\ASUS\.m2\repository\io\r2dbc\r2dbc-pool\1.0.2.RELEASE\r2dbc-pool-1.0.2.RELEASE.jar;C:\Users\ASUS\.m2\repository\io\projectreactor\addons\reactor-pool\1.1.0\reactor-pool-1.1.0.jar;C:\Users\ASUS\.m2\repository\org\springframework\boot\spring-boot-starter-data-mongodb\3.4.1\spring-boot-starter-data-mongodb-3.4.1.jar;C:\Users\ASUS\.m2\repository\org\mongodb\mongodb-driver-sync\5.2.1\mongodb-driver-sync-5.2.1.jar;C:\Users\ASUS\.m2\repository\org\mongodb\bson\5.2.1\bson-5.2.1.jar;C:\Users\ASUS\.m2\repository\org\mongodb\mongodb-driver-core\5.2.1\mongodb-driver-core-5.2.1.jar;C:\Users\ASUS\.m2\repository\org\mongodb\bson-record-codec\5.2.1\bson-record-codec-5.2.1.jar;C:\Users\ASUS\.m2\repository\org\springframework\data\spring-data-mongodb\4.4.1\spring-data-mongodb-4.4.1.jar;C:\Users\ASUS\.m2\repository\org\springframework\spring-expression\6.2.1\spring-expression-6.2.1.jar;C:\Users\ASUS\.m2\repository\org\springframework\boot\spring-boot-starter-data-mongodb-reactive\3.4.1\spring-boot-starter-data-mongodb-reactive-3.4.1.jar;C:\Users\ASUS\.m2\repository\io\projectreactor\reactor-core\3.7.1\reactor-core-3.7.1.jar;C:\Users\ASUS\.m2\repository\org\mongodb\mongodb-driver-reactivestreams\5.2.1\mongodb-driver-reactivestreams-5.2.1.jar;C:\Users\ASUS\.m2\repository\org\springframework\boot\spring-boot-starter-validation\3.4.1\spring-boot-starter-validation-3.4.1.jar;C:\Users\ASUS\.m2\repository\org\apache\tomcat\embed\tomcat-embed-el\10.1.34\tomcat-embed-el-10.1.34.jar;C:\Users\ASUS\.m2\repository\org\hibernate\validator\hibernate-validator\8.0.2.Final\hibernate-validator-8.0.2.Final.jar;C:\Users\ASUS\.m2\repository\jakarta\validation\jakarta.validation-api\3.0.2\jakarta.validation-api-3.0.2.jar;C:\Users\ASUS\.m2\repository\org\jboss\logging\jboss-logging\3.6.1.Final\jboss-logging-3.6.1.Final.jar;C:\Users\ASUS\.m2\repository\com\fasterxml\classmate\1.7.0\classmate-1.7.0.jar;C:\Users\ASUS\.m2\repository\org\springframework\boot\spring-boot-starter-webflux\3.4.1\spring-boot-starter-webflux-3.4.1.jar;C:\Users\ASUS\.m2\repository\org\springframework\boot\spring-boot-starter-json\3.4.1\spring-boot-starter-json-3.4.1.jar;C:\Users\ASUS\.m2\repository\com\fasterxml\jackson\core\jackson-databind\2.18.2\jackson-databind-2.18.2.jar;C:\Users\ASUS\.m2\repository\com\fasterxml\jackson\core\jackson-annotations\2.18.2\jackson-annotations-2.18.2.jar;C:\Users\ASUS\.m2\repository\com\fasterxml\jackson\core\jackson-core\2.18.2\jackson-core-2.18.2.jar;C:\Users\ASUS\.m2\repository\com\fasterxml\jackson\datatype\jackson-datatype-jdk8\2.18.2\jackson-datatype-jdk8-2.18.2.jar;C:\Users\ASUS\.m2\repository\com\fasterxml\jackson\datatype\jackson-datatype-jsr310\2.18.2\jackson-datatype-jsr310-2.18.2.jar;C:\Users\ASUS\.m2\repository\com\fasterxml\jackson\module\jackson-module-parameter-names\2.18.2\jackson-module-parameter-names-2.18.2.jar;C:\Users\ASUS\.m2\repository\org\springframework\boot\spring-boot-starter-reactor-netty\3.4.1\spring-boot-starter-reactor-netty-3.4.1.jar;C:\Users\ASUS\.m2\repository\io\projectreactor\netty\reactor-netty-http\1.2.1\reactor-netty-http-1.2.1.jar;C:\Users\ASUS\.m2\repository\io\netty\netty-codec-http\4.1.116.Final\netty-codec-http-4.1.116.Final.jar;C:\Users\ASUS\.m2\repository\io\netty\netty-codec-http2\4.1.116.Final\netty-codec-http2-4.1.116.Final.jar;C:\Users\ASUS\.m2\repository\org\springframework\spring-web\6.2.1\spring-web-6.2.1.jar;C:\Users\ASUS\.m2\repository\io\micrometer\micrometer-observation\1.14.2\micrometer-observation-1.14.2.jar;C:\Users\ASUS\.m2\repository\io\micrometer\micrometer-commons\1.14.2\micrometer-commons-1.14.2.jar;C:\Users\ASUS\.m2\repository\org\springframework\spring-webflux\6.2.1\spring-webflux-6.2.1.jar;C:\Users\ASUS\.m2\repository\org\postgresql\r2dbc-postgresql\1.0.7.RELEASE\r2dbc-postgresql-1.0.7.RELEASE.jar;C:\Users\ASUS\.m2\repository\com\ongres\scram\client\2.1\client-2.1.jar;C:\Users\ASUS\.m2\repository\com\ongres\scram\common\2.1\common-2.1.jar;C:\Users\ASUS\.m2\repository\com\ongres\stringprep\saslprep\1.1\saslprep-1.1.jar;C:\Users\ASUS\.m2\repository\com\ongres\stringprep\stringprep\1.1\stringprep-1.1.jar;C:\Users\ASUS\.m2\repository\io\projectreactor\netty\reactor-netty-core\1.2.1\reactor-netty-core-1.2.1.jar;C:\Users\ASUS\.m2\repository\io\netty\netty-handler\4.1.116.Final\netty-handler-4.1.116.Final.jar;C:\Users\ASUS\.m2\repository\io\netty\netty-common\4.1.116.Final\netty-common-4.1.116.Final.jar;C:\Users\ASUS\.m2\repository\io\netty\netty-resolver\4.1.116.Final\netty-resolver-4.1.116.Final.jar;C:\Users\ASUS\.m2\repository\io\netty\netty-buffer\4.1.116.Final\netty-buffer-4.1.116.Final.jar;C:\Users\ASUS\.m2\repository\io\netty\netty-transport\4.1.116.Final\netty-transport-4.1.116.Final.jar;C:\Users\ASUS\.m2\repository\io\netty\netty-transport-native-unix-common\4.1.116.Final\netty-transport-native-unix-common-4.1.116.Final.jar;C:\Users\ASUS\.m2\repository\io\netty\netty-codec\4.1.116.Final\netty-codec-4.1.116.Final.jar;C:\Users\ASUS\.m2\repository\io\netty\netty-handler-proxy\4.1.116.Final\netty-handler-proxy-4.1.116.Final.jar;C:\Users\ASUS\.m2\repository\io\netty\netty-codec-socks\4.1.116.Final\netty-codec-socks-4.1.116.Final.jar;C:\Users\ASUS\.m2\repository\io\netty\netty-resolver-dns\4.1.116.Final\netty-resolver-dns-4.1.116.Final.jar;C:\Users\ASUS\.m2\repository\io\netty\netty-codec-dns\4.1.116.Final\netty-codec-dns-4.1.116.Final.jar;C:\Users\ASUS\.m2\repository\io\netty\netty-resolver-dns-native-macos\4.1.116.Final\netty-resolver-dns-native-macos-4.1.116.Final-osx-x86_64.jar;C:\Users\ASUS\.m2\repository\io\netty\netty-resolver-dns-classes-macos\4.1.116.Final\netty-resolver-dns-classes-macos-4.1.116.Final.jar;C:\Users\ASUS\.m2\repository\io\netty\netty-transport-native-epoll\4.1.116.Final\netty-transport-native-epoll-4.1.116.Final-linux-x86_64.jar;C:\Users\ASUS\.m2\repository\io\netty\netty-transport-classes-epoll\4.1.116.Final\netty-transport-classes-epoll-4.1.116.Final.jar;C:\Users\ASUS\.m2\repository\org\projectlombok\lombok\1.18.36\lombok-1.18.36.jar;C:\Users\ASUS\.m2\repository\org\junit\jupiter\junit-jupiter-api\5.11.4\junit-jupiter-api-5.11.4.jar;C:\Users\ASUS\.m2\repository\org\opentest4j\opentest4j\1.3.0\opentest4j-1.3.0.jar;C:\Users\ASUS\.m2\repository\org\junit\platform\junit-platform-commons\1.11.4\junit-platform-commons-1.11.4.jar;C:\Users\ASUS\.m2\repository\org\apiguardian\apiguardian-api\1.1.2\apiguardian-api-1.1.2.jar;C:\Users\ASUS\.m2\repository\org\junit\jupiter\junit-jupiter-engine\5.11.4\junit-jupiter-engine-5.11.4.jar;C:\Users\ASUS\.m2\repository\org\junit\platform\junit-platform-engine\1.11.4\junit-platform-engine-1.11.4.jar;C:\Users\ASUS\.m2\repository\junit\junit\4.13.2\junit-4.13.2.jar;C:\Users\ASUS\.m2\repository\org\hamcrest\hamcrest-core\2.2\hamcrest-core-2.2.jar;C:\Users\ASUS\.m2\repository\org\mockito\mockito-core\5.14.2\mockito-core-5.14.2.jar;C:\Users\ASUS\.m2\repository\net\bytebuddy\byte-buddy\1.15.11\byte-buddy-1.15.11.jar;C:\Users\ASUS\.m2\repository\net\bytebuddy\byte-buddy-agent\1.15.11\byte-buddy-agent-1.15.11.jar;C:\Users\ASUS\.m2\repository\org\objenesis\objenesis\3.3\objenesis-3.3.jar;C:\Users\ASUS\.m2\repository\org\springframework\boot\spring-boot-starter-test\3.4.1\spring-boot-starter-test-3.4.1.jar;C:\Users\ASUS\.m2\repository\org\springframework\boot\spring-boot-test\3.4.1\spring-boot-test-3.4.1.jar;C:\Users\ASUS\.m2\repository\org\springframework\boot\spring-boot-test-autoconfigure\3.4.1\spring-boot-test-autoconfigure-3.4.1.jar;C:\Users\ASUS\.m2\repository\com\jayway\jsonpath\json-path\2.9.0\json-path-2.9.0.jar;C:\Users\ASUS\.m2\repository\jakarta\xml\bind\jakarta.xml.bind-api\4.0.2\jakarta.xml.bind-api-4.0.2.jar;C:\Users\ASUS\.m2\repository\jakarta\activation\jakarta.activation-api\2.1.3\jakarta.activation-api-2.1.3.jar;C:\Users\ASUS\.m2\repository\net\minidev\json-smart\2.5.1\json-smart-2.5.1.jar;C:\Users\ASUS\.m2\repository\net\minidev\accessors-smart\2.5.1\accessors-smart-2.5.1.jar;C:\Users\ASUS\.m2\repository\org\ow2\asm\asm\9.6\asm-9.6.jar;C:\Users\ASUS\.m2\repository\org\assertj\assertj-core\3.26.3\assertj-core-3.26.3.jar;C:\Users\ASUS\.m2\repository\org\awaitility\awaitility\4.2.2\awaitility-4.2.2.jar;C:\Users\ASUS\.m2\repository\org\hamcrest\hamcrest\2.2\hamcrest-2.2.jar;C:\Users\ASUS\.m2\repository\org\junit\jupiter\junit-jupiter\5.11.4\junit-jupiter-5.11.4.jar;C:\Users\ASUS\.m2\repository\org\junit\jupiter\junit-jupiter-params\5.11.4\junit-jupiter-params-5.11.4.jar;C:\Users\ASUS\.m2\repository\org\mockito\mockito-junit-jupiter\5.14.2\mockito-junit-jupiter-5.14.2.jar;C:\Users\ASUS\.m2\repository\org\skyscreamer\jsonassert\1.5.3\jsonassert-1.5.3.jar;C:\Users\ASUS\.m2\repository\com\vaadin\external\google\android-json\0.0.20131108.vaadin1\android-json-0.0.20131108.vaadin1.jar;C:\Users\ASUS\.m2\repository\org\springframework\spring-core\6.2.1\spring-core-6.2.1.jar;C:\Users\ASUS\.m2\repository\org\springframework\spring-jcl\6.2.1\spring-jcl-6.2.1.jar;C:\Users\ASUS\.m2\repository\org\springframework\spring-test\6.2.1\spring-test-6.2.1.jar;C:\Users\ASUS\.m2\repository\org\xmlunit\xmlunit-core\2.10.0\xmlunit-core-2.10.0.jar;C:\Users\ASUS\.m2\repository\io\projectreactor\reactor-test\3.7.1\reactor-test-3.7.1.jar;"/>
    <property name="sun.cpu.endian" value="little"/>
    <property name="user.home" value="C:\Users\ASUS"/>
    <property name="user.language" value="es"/>
    <property name="java.specification.vendor" value="Oracle Corporation"/>
    <property name="java.version.date" value="2024-04-16"/>
    <property name="java.home" value="C:\Program Files\Java\jdk-17"/>
    <property name="file.separator" value="\"/>
    <property name="basedir" value="C:\Users\ASUS\Desktop\ProJava\sistemaElectronico\electronico-backend"/>
    <property name="java.vm.compressedOopsMode" value="Zero based"/>
    <property name="line.separator" value="&#10;"/>
    <property name="java.vm.specification.vendor" value="Oracle Corporation"/>
    <property name="java.specification.name" value="Java Platform API Specification"/>
    <property name="FILE_LOG_CHARSET" value="windows-1252"/>
    <property name="java.awt.headless" value="true"/>
    <property name="surefire.real.class.path" value="C:\Users\ASUS\AppData\Local\Temp\surefire2284013604581435105\surefirebooter-20241229222537698_3.jar"/>
    <property name="user.script" value=""/>
    <property name="sun.management.compiler" value="HotSpot 64-Bit Tiered Compilers"/>
    <property name="java.runtime.version" value="17.0.11+7-LTS-207"/>
    <property name="user.name" value="ASUS"/>
    <property name="path.separator" value=";"/>
    <property name="os.version" value="10.0"/>
    <property name="java.runtime.name" value="Java(TM) SE Runtime Environment"/>
    <property name="file.encoding" value="Cp1252"/>
    <property name="java.vm.name" value="Java HotSpot(TM) 64-Bit Server VM"/>
    <property name="localRepository" value="C:\Users\ASUS\.m2\repository"/>
    <property name="java.vendor.url.bug" value="https://bugreport.java.com/bugreport/"/>
    <property name="java.io.tmpdir" value="C:\Users\ASUS\AppData\Local\Temp\"/>
    <property name="java.version" value="17.0.11"/>
    <property name="user.dir" value="C:\Users\ASUS\Desktop\ProJava\sistemaElectronico\electronico-backend"/>
    <property name="os.arch" value="amd64"/>
    <property name="java.vm.specification.name" value="Java Virtual Machine Specification"/>
    <property name="PID" value="24872"/>
    <property name="sun.os.patch.level" value=""/>
    <property name="CONSOLE_LOG_CHARSET" value="windows-1252"/>
    <property name="native.encoding" value="Cp1252"/>
    <property name="java.library.path" value="C:\Program Files\Java\jdk-17\bin;C:\Windows\Sun\Java\bin;C:\Windows\system32;C:\Windows;C:\Program Files\Java\jdk-17\bin;C:\Program Files\Common Files\Oracle\Java\javapath;C:\Windows\system32;C:\Windows;C:\Windows\System32\Wbem;C:\Windows\System32\WindowsPowerShell\v1.0\;C:\Windows\System32\OpenSSH\;C:\Program Files\dotnet\;C:\Program Files (x86)\NVIDIA Corporation\PhysX\Common;C:\Program Files\NVIDIA Corporation\NVIDIA NvDLISR;C:\mvn-3.9.8\bin;C:\Program Files\Git\cmd;C:\Program Files\Docker\Docker\resources\bin;C:\Program Files\nodejs\;C:\Users\ASUS\AppData\Local\Microsoft\WindowsApps;C:\Users\ASUS\AppData\Local\Programs\Microsoft VS Code\bin;C:\Users\ASUS\AppData\Roaming\npm;;."/>
    <property name="java.vm.info" value="mixed mode, sharing"/>
    <property name="java.vendor" value="Oracle Corporation"/>
    <property name="java.vm.version" value="17.0.11+7-LTS-207"/>
    <property name="sun.io.unicode.encoding" value="UnicodeLittle"/>
    <property name="java.class.version" value="61.0"/>
    <property name="LOGGED_APPLICATION_NAME" value="[electronico-backend] "/>
  </properties>
  <testcase name="contextLoads" classname="com.sistema.electronico_backend.ElectronicoBackendApplicationTests" time="0.8">
    <system-out><![CDATA[22:25:38.440 [main] INFO org.springframework.test.context.support.AnnotationConfigContextLoaderUtils -- Could not detect default configuration classes for test class [com.sistema.electronico_backend.ElectronicoBackendApplicationTests]: ElectronicoBackendApplicationTests does not declare any static, non-private, non-final, nested classes annotated with @Configuration.
22:25:38.540 [main] INFO org.springframework.boot.test.context.SpringBootTestContextBootstrapper -- Found @SpringBootConfiguration com.sistema.electronico_backend.ElectronicoBackendApplication for test class com.sistema.electronico_backend.ElectronicoBackendApplicationTests

  .   ____          _            __ _ _
 /\\ / ___'_ __ _ _(_)_ __  __ _ \ \ \ \
( ( )\___ | '_ | '_| | '_ \/ _` | \ \ \ \
 \\/  ___)| |_)| | | | | || (_| |  ) ) ) )
  '  |____| .__|_| |_|_| |_\__, | / / / /
 =========|_|==============|___/=/_/_/_/

 :: Spring Boot ::                (v3.4.1)

2024-12-29T22:25:38.960-05:00  INFO 24872 --- [electronico-backend] [           main] c.s.e.ElectronicoBackendApplicationTests : Starting ElectronicoBackendApplicationTests using Java 17.0.11 with PID 24872 (started by ASUS in C:\Users\ASUS\Desktop\ProJava\sistemaElectronico\electronico-backend)
2024-12-29T22:25:38.961-05:00  INFO 24872 --- [electronico-backend] [           main] c.s.e.ElectronicoBackendApplicationTests : No active profile set, falling back to 1 default profile: "default"
2024-12-29T22:25:38.961-05:00 DEBUG 24872 --- [electronico-backend] [           main] o.s.boot.SpringApplication               : Loading source class com.sistema.electronico_backend.ElectronicoBackendApplication
2024-12-29T22:25:38.990-05:00 DEBUG 24872 --- [electronico-backend] [           main] r.c.GenericReactiveWebApplicationContext : Refreshing org.springframework.boot.web.reactive.context.GenericReactiveWebApplicationContext@5b69fd74
2024-12-29T22:25:39.002-05:00 DEBUG 24872 --- [electronico-backend] [           main] o.s.b.f.s.DefaultListableBeanFactory     : Creating shared instance of singleton bean 'org.springframework.context.annotation.internalConfigurationAnnotationProcessor'
2024-12-29T22:25:39.017-05:00 DEBUG 24872 --- [electronico-backend] [           main] o.s.b.f.s.DefaultListableBeanFactory     : Creating shared instance of singleton bean 'org.springframework.boot.autoconfigure.internalCachingMetadataReaderFactory'
2024-12-29T22:25:39.063-05:00 DEBUG 24872 --- [electronico-backend] [           main] o.s.c.a.ClassPathBeanDefinitionScanner   : Identified candidate component class: file [C:\Users\ASUS\Desktop\ProJava\sistemaElectronico\electronico-backend\target\classes\com\sistema\electronico_backend\controller\CustomerController.class]
2024-12-29T22:25:39.067-05:00 DEBUG 24872 --- [electronico-backend] [           main] o.s.c.a.ClassPathBeanDefinitionScanner   : Identified candidate component class: file [C:\Users\ASUS\Desktop\ProJava\sistemaElectronico\electronico-backend\target\classes\com\sistema\electronico_backend\controller\OrderController.class]
2024-12-29T22:25:39.068-05:00 DEBUG 24872 --- [electronico-backend] [           main] o.s.c.a.ClassPathBeanDefinitionScanner   : Identified candidate component class: file [C:\Users\ASUS\Desktop\ProJava\sistemaElectronico\electronico-backend\target\classes\com\sistema\electronico_backend\controller\ProducController.class]
2024-12-29T22:25:39.082-05:00 DEBUG 24872 --- [electronico-backend] [           main] o.s.c.a.ClassPathBeanDefinitionScanner   : Ignored because not a concrete top-level class: file [C:\Users\ASUS\Desktop\ProJava\sistemaElectronico\electronico-backend\target\classes\com\sistema\electronico_backend\repository\mongo\OrderRepository.class]
2024-12-29T22:25:39.082-05:00 DEBUG 24872 --- [electronico-backend] [           main] o.s.c.a.ClassPathBeanDefinitionScanner   : Ignored because not a concrete top-level class: file [C:\Users\ASUS\Desktop\ProJava\sistemaElectronico\electronico-backend\target\classes\com\sistema\electronico_backend\repository\postgres\CustomerRepository.class]
2024-12-29T22:25:39.083-05:00 DEBUG 24872 --- [electronico-backend] [           main] o.s.c.a.ClassPathBeanDefinitionScanner   : Ignored because not a concrete top-level class: file [C:\Users\ASUS\Desktop\ProJava\sistemaElectronico\electronico-backend\target\classes\com\sistema\electronico_backend\repository\postgres\ProductRepository.class]
2024-12-29T22:25:39.084-05:00 DEBUG 24872 --- [electronico-backend] [           main] o.s.c.a.ClassPathBeanDefinitionScanner   : Identified candidate component class: file [C:\Users\ASUS\Desktop\ProJava\sistemaElectronico\electronico-backend\target\classes\com\sistema\electronico_backend\service\CustomerService.class]
2024-12-29T22:25:39.085-05:00 DEBUG 24872 --- [electronico-backend] [           main] o.s.c.a.ClassPathBeanDefinitionScanner   : Identified candidate component class: file [C:\Users\ASUS\Desktop\ProJava\sistemaElectronico\electronico-backend\target\classes\com\sistema\electronico_backend\service\OrderService.class]
2024-12-29T22:25:39.085-05:00 DEBUG 24872 --- [electronico-backend] [           main] o.s.c.a.ClassPathBeanDefinitionScanner   : Identified candidate component class: file [C:\Users\ASUS\Desktop\ProJava\sistemaElectronico\electronico-backend\target\classes\com\sistema\electronico_backend\service\ProductoService.class]
2024-12-29T22:25:39.381-05:00  INFO 24872 --- [electronico-backend] [           main] .s.d.r.c.RepositoryConfigurationDelegate : Multiple Spring Data modules found, entering strict repository configuration mode
2024-12-29T22:25:39.381-05:00  INFO 24872 --- [electronico-backend] [           main] .s.d.r.c.RepositoryConfigurationDelegate : Bootstrapping Spring Data MongoDB repositories in DEFAULT mode.
2024-12-29T22:25:39.386-05:00 DEBUG 24872 --- [electronico-backend] [           main] .s.d.r.c.RepositoryConfigurationDelegate : Scanning for MongoDB repositories in packages com.sistema.electronico_backend.repository.mongo.
2024-12-29T22:25:39.390-05:00 DEBUG 24872 --- [electronico-backend] [           main] .i.s.PathMatchingResourcePatternResolver : Skipping search for files matching pattern [**/*.class]: directory [C:\Users\ASUS\Desktop\ProJava\sistemaElectronico\electronico-backend\target\test-classes\com\sistema\electronico_backend\repository\mongo] does not exist
2024-12-29T22:25:39.391-05:00 DEBUG 24872 --- [electronico-backend] [           main] o.s.d.r.c.RepositoryComponentProvider    : Identified candidate component class: file [C:\Users\ASUS\Desktop\ProJava\sistemaElectronico\electronico-backend\target\classes\com\sistema\electronico_backend\repository\mongo\OrderRepository.class]
2024-12-29T22:25:39.461-05:00  INFO 24872 --- [electronico-backend] [           main] .s.d.r.c.RepositoryConfigurationDelegate : Finished Spring Data repository scanning in 74 ms. Found 0 MongoDB repository interfaces.
2024-12-29T22:25:39.464-05:00  INFO 24872 --- [electronico-backend] [           main] .s.d.r.c.RepositoryConfigurationDelegate : Multiple Spring Data modules found, entering strict repository configuration mode
2024-12-29T22:25:39.466-05:00  INFO 24872 --- [electronico-backend] [           main] .s.d.r.c.RepositoryConfigurationDelegate : Bootstrapping Spring Data R2DBC repositories in DEFAULT mode.
2024-12-29T22:25:39.467-05:00 DEBUG 24872 --- [electronico-backend] [           main] .s.d.r.c.RepositoryConfigurationDelegate : Scanning for R2DBC repositories in packages com.sistema.electronico_backend.repository.postgres.
2024-12-29T22:25:39.467-05:00 DEBUG 24872 --- [electronico-backend] [           main] .i.s.PathMatchingResourcePatternResolver : Skipping search for files matching pattern [**/*.class]: directory [C:\Users\ASUS\Desktop\ProJava\sistemaElectronico\electronico-backend\target\test-classes\com\sistema\electronico_backend\repository\postgres] does not exist
2024-12-29T22:25:39.468-05:00 DEBUG 24872 --- [electronico-backend] [           main] o.s.d.r.c.RepositoryComponentProvider    : Identified candidate component class: file [C:\Users\ASUS\Desktop\ProJava\sistemaElectronico\electronico-backend\target\classes\com\sistema\electronico_backend\repository\postgres\CustomerRepository.class]
2024-12-29T22:25:39.469-05:00 DEBUG 24872 --- [electronico-backend] [           main] o.s.d.r.c.RepositoryComponentProvider    : Identified candidate component class: file [C:\Users\ASUS\Desktop\ProJava\sistemaElectronico\electronico-backend\target\classes\com\sistema\electronico_backend\repository\postgres\ProductRepository.class]
2024-12-29T22:25:39.475-05:00 DEBUG 24872 --- [electronico-backend] [           main] .i.s.PathMatchingResourcePatternResolver : Skipping search for files matching pattern [**/*Impl.class]: directory [C:\Users\ASUS\Desktop\ProJava\sistemaElectronico\electronico-backend\target\test-classes\com\sistema\electronico_backend\repository\postgres] does not exist
2024-12-29T22:25:39.482-05:00  INFO 24872 --- [electronico-backend] [           main] .s.d.r.c.RepositoryConfigurationDelegate : Finished Spring Data repository scanning in 16 ms. Found 2 R2DBC repository interfaces.
2024-12-29T22:25:39.609-05:00  INFO 24872 --- [electronico-backend] [           main] .s.d.r.c.RepositoryConfigurationDelegate : Multiple Spring Data modules found, entering strict repository configuration mode
2024-12-29T22:25:39.609-05:00  INFO 24872 --- [electronico-backend] [           main] .s.d.r.c.RepositoryConfigurationDelegate : Bootstrapping Spring Data Reactive MongoDB repositories in DEFAULT mode.
2024-12-29T22:25:39.611-05:00 DEBUG 24872 --- [electronico-backend] [           main] o.s.b.f.s.DefaultListableBeanFactory     : Creating shared instance of singleton bean 'org.springframework.boot.autoconfigure.AutoConfigurationPackages'
2024-12-29T22:25:39.620-05:00 DEBUG 24872 --- [electronico-backend] [           main] o.s.b.a.AutoConfigurationPackages        : @EnableAutoConfiguration was declared on a class in the package 'com.sistema.electronico_backend'. Automatic @Repository and @Entity scanning is enabled.
2024-12-29T22:25:39.621-05:00 DEBUG 24872 --- [electronico-backend] [           main] .s.d.r.c.RepositoryConfigurationDelegate : Scanning for Reactive MongoDB repositories in packages com.sistema.electronico_backend.
2024-12-29T22:25:39.625-05:00 DEBUG 24872 --- [electronico-backend] [           main] o.s.d.r.c.RepositoryComponentProvider    : Identified candidate component class: file [C:\Users\ASUS\Desktop\ProJava\sistemaElectronico\electronico-backend\target\classes\com\sistema\electronico_backend\repository\mongo\OrderRepository.class]
2024-12-29T22:25:39.625-05:00 DEBUG 24872 --- [electronico-backend] [           main] o.s.d.r.c.RepositoryComponentProvider    : Identified candidate component class: file [C:\Users\ASUS\Desktop\ProJava\sistemaElectronico\electronico-backend\target\classes\com\sistema\electronico_backend\repository\postgres\CustomerRepository.class]
2024-12-29T22:25:39.625-05:00 DEBUG 24872 --- [electronico-backend] [           main] o.s.d.r.c.RepositoryComponentProvider    : Identified candidate component class: file [C:\Users\ASUS\Desktop\ProJava\sistemaElectronico\electronico-backend\target\classes\com\sistema\electronico_backend\repository\postgres\ProductRepository.class]
2024-12-29T22:25:39.626-05:00  INFO 24872 --- [electronico-backend] [           main] .RepositoryConfigurationExtensionSupport : Spring Data Reactive MongoDB - Could not safely identify store assignment for repository candidate interface com.sistema.electronico_backend.repository.postgres.CustomerRepository; If you want this repository to be a Reactive MongoDB repository, consider annotating your entities with one of these annotations: org.springframework.data.mongodb.core.mapping.Document (preferred), or consider extending one of the following types with your repository: org.springframework.data.mongodb.repository.ReactiveMongoRepository
2024-12-29T22:25:39.627-05:00  INFO 24872 --- [electronico-backend] [           main] .RepositoryConfigurationExtensionSupport : Spring Data Reactive MongoDB - Could not safely identify store assignment for repository candidate interface com.sistema.electronico_backend.repository.postgres.ProductRepository; If you want this repository to be a Reactive MongoDB repository, consider annotating your entities with one of these annotations: org.springframework.data.mongodb.core.mapping.Document (preferred), or consider extending one of the following types with your repository: org.springframework.data.mongodb.repository.ReactiveMongoRepository
2024-12-29T22:25:39.631-05:00  INFO 24872 --- [electronico-backend] [           main] .s.d.r.c.RepositoryConfigurationDelegate : Finished Spring Data repository scanning in 9 ms. Found 1 Reactive MongoDB repository interface.
2024-12-29T22:25:39.772-05:00 DEBUG 24872 --- [electronico-backend] [           main] o.s.b.f.s.DefaultListableBeanFactory     : Creating shared instance of singleton bean 'propertySourcesPlaceholderConfigurer'
2024-12-29T22:25:39.777-05:00 DEBUG 24872 --- [electronico-backend] [           main] o.s.b.f.s.DefaultListableBeanFactory     : Creating shared instance of singleton bean 'org.springframework.boot.test.mock.mockito.MockitoPostProcessor'
2024-12-29T22:25:39.777-05:00 DEBUG 24872 --- [electronico-backend] [           main] o.s.b.f.s.DefaultListableBeanFactory     : Creating shared instance of singleton bean 'org.springframework.boot.sql.init.dependency.DatabaseInitializationDependencyConfigurer$DependsOnDatabaseInitializationPostProcessor'
2024-12-29T22:25:39.803-05:00 DEBUG 24872 --- [electronico-backend] [           main] o.s.b.f.s.DefaultListableBeanFactory     : Creating shared instance of singleton bean 'org.springframework.context.event.internalEventListenerProcessor'
2024-12-29T22:25:39.805-05:00 DEBUG 24872 --- [electronico-backend] [           main] o.s.b.f.s.DefaultListableBeanFactory     : Creating shared instance of singleton bean 'forceAutoProxyCreatorToUseClassProxying'
2024-12-29T22:25:39.806-05:00 DEBUG 24872 --- [electronico-backend] [           main] o.s.b.f.s.DefaultListableBeanFactory     : Creating shared instance of singleton bean 'org.springframework.context.event.internalEventListenerFactory'
2024-12-29T22:25:39.806-05:00 DEBUG 24872 --- [electronico-backend] [           main] o.s.b.f.s.DefaultListableBeanFactory     : Creating shared instance of singleton bean 'org.springframework.transaction.config.internalTransactionalEventListenerFactory'
2024-12-29T22:25:39.808-05:00 DEBUG 24872 --- [electronico-backend] [           main] o.s.b.f.s.DefaultListableBeanFactory     : Creating shared instance of singleton bean 'org.springframework.boot.test.mock.mockito.MockitoPostProcessor$SpyPostProcessor'
2024-12-29T22:25:39.809-05:00 DEBUG 24872 --- [electronico-backend] [           main] o.s.b.f.s.DefaultListableBeanFactory     : Creating shared instance of singleton bean 'org.springframework.context.annotation.internalAutowiredAnnotationProcessor'
2024-12-29T22:25:39.811-05:00 DEBUG 24872 --- [electronico-backend] [           main] o.s.b.f.s.DefaultListableBeanFactory     : Creating shared instance of singleton bean 'org.springframework.context.annotation.internalCommonAnnotationProcessor'
2024-12-29T22:25:39.814-05:00 DEBUG 24872 --- [electronico-backend] [           main] o.s.b.f.s.DefaultListableBeanFactory     : Creating shared instance of singleton bean 'org.springframework.boot.context.properties.ConfigurationPropertiesBindingPostProcessor'
2024-12-29T22:25:39.814-05:00 DEBUG 24872 --- [electronico-backend] [           main] o.s.b.f.s.DefaultListableBeanFactory     : Creating shared instance of singleton bean 'org.springframework.boot.context.internalConfigurationPropertiesBinder'
2024-12-29T22:25:39.816-05:00 DEBUG 24872 --- [electronico-backend] [           main] o.s.b.f.s.DefaultListableBeanFactory     : Creating shared instance of singleton bean 'methodValidationPostProcessor'
2024-12-29T22:25:39.819-05:00 DEBUG 24872 --- [electronico-backend] [           main] o.s.b.f.s.DefaultListableBeanFactory     : Autowiring by type from bean name 'methodValidationPostProcessor' via factory method to bean named 'environment'
2024-12-29T22:25:39.827-05:00 DEBUG 24872 --- [electronico-backend] [           main] o.s.b.f.s.DefaultListableBeanFactory     : Creating shared instance of singleton bean 'org.springframework.boot.context.properties.EnableConfigurationPropertiesRegistrar.methodValidationExcludeFilter'
2024-12-29T22:25:39.839-05:00 DEBUG 24872 --- [electronico-backend] [           main] o.s.b.f.s.DefaultListableBeanFactory     : Creating shared instance of singleton bean 'persistenceExceptionTranslationPostProcessor'
2024-12-29T22:25:39.839-05:00 DEBUG 24872 --- [electronico-backend] [           main] o.s.b.f.s.DefaultListableBeanFactory     : Autowiring by type from bean name 'persistenceExceptionTranslationPostProcessor' via factory method to bean named 'environment'
2024-12-29T22:25:39.841-05:00 DEBUG 24872 --- [electronico-backend] [           main] o.s.b.f.s.DefaultListableBeanFactory     : Creating shared instance of singleton bean 'org.springframework.aop.config.internalAutoProxyCreator'
2024-12-29T22:25:39.845-05:00 DEBUG 24872 --- [electronico-backend] [           main] o.s.b.f.s.DefaultListableBeanFactory     : Creating shared instance of singleton bean 'webServerFactoryCustomizerBeanPostProcessor'
2024-12-29T22:25:39.848-05:00 DEBUG 24872 --- [electronico-backend] [           main] o.s.b.f.s.DefaultListableBeanFactory     : Creating shared instance of singleton bean 'org.springframework.test.context.support.internalDynamicPropertyRegistrarBeanInitializer'
2024-12-29T22:25:39.849-05:00 DEBUG 24872 --- [electronico-backend] [           main] o.s.b.f.s.DefaultListableBeanFactory     : Creating shared instance of singleton bean 'org.springframework.transaction.config.internalTransactionAdvisor'
2024-12-29T22:25:39.849-05:00 DEBUG 24872 --- [electronico-backend] [           main] o.s.b.f.s.DefaultListableBeanFactory     : Creating shared instance of singleton bean 'org.springframework.transaction.annotation.ProxyTransactionManagementConfiguration'
2024-12-29T22:25:39.854-05:00 DEBUG 24872 --- [electronico-backend] [           main] o.s.b.f.s.DefaultListableBeanFactory     : Creating shared instance of singleton bean 'transactionAttributeSource'
2024-12-29T22:25:39.855-05:00 DEBUG 24872 --- [electronico-backend] [           main] o.s.b.f.s.DefaultListableBeanFactory     : Creating shared instance of singleton bean 'transactionInterceptor'
2024-12-29T22:25:39.855-05:00 DEBUG 24872 --- [electronico-backend] [           main] o.s.b.f.s.DefaultListableBeanFactory     : Autowiring by type from bean name 'transactionInterceptor' via factory method to bean named 'transactionAttributeSource'
2024-12-29T22:25:39.864-05:00 DEBUG 24872 --- [electronico-backend] [           main] o.s.b.f.s.DefaultListableBeanFactory     : Autowiring by type from bean name 'org.springframework.transaction.config.internalTransactionAdvisor' via factory method to bean named 'transactionAttributeSource'
2024-12-29T22:25:39.864-05:00 DEBUG 24872 --- [electronico-backend] [           main] o.s.b.f.s.DefaultListableBeanFactory     : Autowiring by type from bean name 'org.springframework.transaction.config.internalTransactionAdvisor' via factory method to bean named 'transactionInterceptor'
2024-12-29T22:25:39.867-05:00 DEBUG 24872 --- [electronico-backend] [           main] o.s.b.f.s.DefaultListableBeanFactory     : Creating shared instance of singleton bean 'electronicoBackendApplication'
2024-12-29T22:25:39.869-05:00 DEBUG 24872 --- [electronico-backend] [           main] o.s.b.f.s.DefaultListableBeanFactory     : Creating shared instance of singleton bean 'customerController'
2024-12-29T22:25:39.872-05:00 DEBUG 24872 --- [electronico-backend] [           main] o.s.b.f.s.DefaultListableBeanFactory     : Creating shared instance of singleton bean 'customerService'
2024-12-29T22:25:39.872-05:00 DEBUG 24872 --- [electronico-backend] [           main] o.s.b.f.s.DefaultListableBeanFactory     : Creating shared instance of singleton bean 'customerRepository'
2024-12-29T22:25:39.874-05:00 DEBUG 24872 --- [electronico-backend] [           main] o.s.b.f.s.DefaultListableBeanFactory     : Creating shared instance of singleton bean 'r2dbc.named-queries#1'
2024-12-29T22:25:39.878-05:00 DEBUG 24872 --- [electronico-backend] [           main] o.s.b.f.s.DefaultListableBeanFactory     : Creating shared instance of singleton bean 'r2dbc.CustomerRepository.fragments#0'
2024-12-29T22:25:39.881-05:00 DEBUG 24872 --- [electronico-backend] [           main] o.s.b.f.s.DefaultListableBeanFactory     : Creating shared instance of singleton bean 'r2dbcEntityTemplate'
2024-12-29T22:25:39.882-05:00 DEBUG 24872 --- [electronico-backend] [           main] o.s.b.f.s.DefaultListableBeanFactory     : Creating shared instance of singleton bean 'org.springframework.boot.autoconfigure.data.r2dbc.R2dbcDataAutoConfiguration'
2024-12-29T22:25:39.883-05:00 DEBUG 24872 --- [electronico-backend] [           main] o.s.b.f.s.DefaultListableBeanFactory     : Creating shared instance of singleton bean 'r2dbcDatabaseClient'
2024-12-29T22:25:39.883-05:00 DEBUG 24872 --- [electronico-backend] [           main] o.s.b.f.s.DefaultListableBeanFactory     : Creating shared instance of singleton bean 'org.springframework.boot.autoconfigure.r2dbc.ConnectionFactoryDependentConfiguration'
2024-12-29T22:25:39.883-05:00 DEBUG 24872 --- [electronico-backend] [           main] o.s.b.f.s.DefaultListableBeanFactory     : Creating shared instance of singleton bean 'connectionFactory'
2024-12-29T22:25:39.883-05:00 DEBUG 24872 --- [electronico-backend] [           main] o.s.b.f.s.DefaultListableBeanFactory     : Creating shared instance of singleton bean 'org.springframework.boot.autoconfigure.r2dbc.ConnectionFactoryConfigurations$PoolConfiguration$PooledConnectionFactoryConfiguration'
2024-12-29T22:25:39.884-05:00 DEBUG 24872 --- [electronico-backend] [           main] o.s.b.f.s.DefaultListableBeanFactory     : Creating shared instance of singleton bean 'spring.r2dbc-org.springframework.boot.autoconfigure.r2dbc.R2dbcProperties'
2024-12-29T22:25:39.885-05:00 DEBUG 24872 --- [electronico-backend] [           main] o.s.b.f.s.DefaultListableBeanFactory     : Creating shared instance of singleton bean 'org.springframework.boot.context.properties.BoundConfigurationProperties'
2024-12-29T22:25:39.893-05:00 DEBUG 24872 --- [electronico-backend] [           main] o.s.b.f.s.DefaultListableBeanFactory     : Autowiring by type from bean name 'connectionFactory' via factory method to bean named 'spring.r2dbc-org.springframework.boot.autoconfigure.r2dbc.R2dbcProperties'
2024-12-29T22:25:39.894-05:00 DEBUG 24872 --- [electronico-backend] [           main] o.s.b.f.s.DefaultListableBeanFactory     : Autowiring by type from bean name 'connectionFactory' via factory method to bean named 'org.springframework.boot.web.reactive.context.GenericReactiveWebApplicationContext@5b69fd74'
2024-12-29T22:25:39.894-05:00 DEBUG 24872 --- [electronico-backend] [           main] o.s.b.f.s.DefaultListableBeanFactory     : Creating shared instance of singleton bean 'propertiesR2dbcConnectionDetails'
2024-12-29T22:25:39.894-05:00 DEBUG 24872 --- [electronico-backend] [           main] o.s.b.f.s.DefaultListableBeanFactory     : Creating shared instance of singleton bean 'org.springframework.boot.autoconfigure.r2dbc.R2dbcAutoConfiguration'
2024-12-29T22:25:39.895-05:00 DEBUG 24872 --- [electronico-backend] [           main] o.s.b.f.s.DefaultListableBeanFactory     : Autowiring by type from bean name 'propertiesR2dbcConnectionDetails' via factory method to bean named 'spring.r2dbc-org.springframework.boot.autoconfigure.r2dbc.R2dbcProperties'
2024-12-29T22:25:39.940-05:00 DEBUG 24872 --- [electronico-backend] [           main] io.r2dbc.postgresql.Extensions           : Discovering Extensions using ServiceLoader
2024-12-29T22:25:39.941-05:00 DEBUG 24872 --- [electronico-backend] [           main] io.r2dbc.postgresql.Extensions           : Registering extension io.r2dbc.postgresql.codec.BuiltinDynamicCodecs
2024-12-29T22:25:40.072-05:00 DEBUG 24872 --- [electronico-backend] [           main] o.s.b.f.s.DefaultListableBeanFactory     : Autowiring by type from bean name 'r2dbcDatabaseClient' via factory method to bean named 'connectionFactory'
2024-12-29T22:25:40.087-05:00 DEBUG 24872 --- [electronico-backend] [           main] o.s.b.f.s.DefaultListableBeanFactory     : Autowiring by type from bean name 'org.springframework.boot.autoconfigure.data.r2dbc.R2dbcDataAutoConfiguration' via constructor to bean named 'r2dbcDatabaseClient'
2024-12-29T22:25:40.120-05:00 DEBUG 24872 --- [electronico-backend] [           main] o.s.b.f.s.DefaultListableBeanFactory     : Creating shared instance of singleton bean 'r2dbcConverter'
2024-12-29T22:25:40.121-05:00 DEBUG 24872 --- [electronico-backend] [           main] o.s.b.f.s.DefaultListableBeanFactory     : Creating shared instance of singleton bean 'r2dbcMappingContext'
2024-12-29T22:25:40.121-05:00 DEBUG 24872 --- [electronico-backend] [           main] o.s.b.f.s.DefaultListableBeanFactory     : Creating shared instance of singleton bean 'r2dbcCustomConversions'
2024-12-29T22:25:40.154-05:00 DEBUG 24872 --- [electronico-backend] [           main] o.s.data.convert.CustomConversions       : Adding converter from class io.r2dbc.postgresql.codec.Point to class org.springframework.data.geo.Point as reading converter
2024-12-29T22:25:40.154-05:00 DEBUG 24872 --- [electronico-backend] [           main] o.s.data.convert.CustomConversions       : Adding converter from class org.springframework.data.geo.Point to class io.r2dbc.postgresql.codec.Point as writing converter
2024-12-29T22:25:40.154-05:00 DEBUG 24872 --- [electronico-backend] [           main] o.s.data.convert.CustomConversions       : Adding converter from class io.r2dbc.postgresql.codec.Circle to class org.springframework.data.geo.Circle as reading converter
2024-12-29T22:25:40.154-05:00 DEBUG 24872 --- [electronico-backend] [           main] o.s.data.convert.CustomConversions       : Adding converter from class org.springframework.data.geo.Circle to class io.r2dbc.postgresql.codec.Circle as writing converter
2024-12-29T22:25:40.154-05:00 DEBUG 24872 --- [electronico-backend] [           main] o.s.data.convert.CustomConversions       : Adding converter from class io.r2dbc.postgresql.codec.Box to class org.springframework.data.geo.Box as reading converter
2024-12-29T22:25:40.155-05:00 DEBUG 24872 --- [electronico-backend] [           main] o.s.data.convert.CustomConversions       : Adding converter from class org.springframework.data.geo.Box to class io.r2dbc.postgresql.codec.Box as writing converter
2024-12-29T22:25:40.155-05:00 DEBUG 24872 --- [electronico-backend] [           main] o.s.data.convert.CustomConversions       : Adding converter from class io.r2dbc.postgresql.codec.Polygon to class org.springframework.data.geo.Polygon as reading converter
2024-12-29T22:25:40.155-05:00 DEBUG 24872 --- [electronico-backend] [           main] o.s.data.convert.CustomConversions       : Adding converter from class org.springframework.data.geo.Polygon to class io.r2dbc.postgresql.codec.Polygon as writing converter
2024-12-29T22:25:40.155-05:00 DEBUG 24872 --- [electronico-backend] [           main] o.s.data.convert.CustomConversions       : Adding converter from class io.r2dbc.postgresql.codec.Json to class [B as reading converter
2024-12-29T22:25:40.155-05:00 DEBUG 24872 --- [electronico-backend] [           main] o.s.data.convert.CustomConversions       : Adding converter from class io.r2dbc.postgresql.codec.Json to class java.lang.String as reading converter
2024-12-29T22:25:40.155-05:00 DEBUG 24872 --- [electronico-backend] [           main] o.s.data.convert.CustomConversions       : Adding converter from interface io.r2dbc.spi.Row to class java.lang.Boolean as reading converter
2024-12-29T22:25:40.155-05:00 DEBUG 24872 --- [electronico-backend] [           main] o.s.data.convert.CustomConversions       : Adding converter from interface io.r2dbc.spi.Row to class java.lang.Number as reading converter
2024-12-29T22:25:40.155-05:00 DEBUG 24872 --- [electronico-backend] [           main] o.s.data.convert.CustomConversions       : Adding converter from interface io.r2dbc.spi.Row to class java.time.LocalDate as reading converter
2024-12-29T22:25:40.155-05:00 DEBUG 24872 --- [electronico-backend] [           main] o.s.data.convert.CustomConversions       : Adding converter from interface io.r2dbc.spi.Row to class java.time.LocalDateTime as reading converter
2024-12-29T22:25:40.155-05:00 DEBUG 24872 --- [electronico-backend] [           main] o.s.data.convert.CustomConversions       : Adding converter from interface io.r2dbc.spi.Row to class java.time.LocalTime as reading converter
2024-12-29T22:25:40.155-05:00 DEBUG 24872 --- [electronico-backend] [           main] o.s.data.convert.CustomConversions       : Adding converter from interface io.r2dbc.spi.Row to class java.time.OffsetDateTime as reading converter
2024-12-29T22:25:40.155-05:00 DEBUG 24872 --- [electronico-backend] [           main] o.s.data.convert.CustomConversions       : Adding converter from interface io.r2dbc.spi.Row to class java.lang.String as reading converter
2024-12-29T22:25:40.155-05:00 DEBUG 24872 --- [electronico-backend] [           main] o.s.data.convert.CustomConversions       : Adding converter from interface io.r2dbc.spi.Row to class java.util.UUID as reading converter
2024-12-29T22:25:40.155-05:00 DEBUG 24872 --- [electronico-backend] [           main] o.s.data.convert.CustomConversions       : Adding converter from interface io.r2dbc.spi.Row to class java.time.ZonedDateTime as reading converter
2024-12-29T22:25:40.155-05:00 DEBUG 24872 --- [electronico-backend] [           main] o.s.data.convert.CustomConversions       : Adding converter from class java.util.Date to class java.time.LocalDateTime as reading converter
2024-12-29T22:25:40.155-05:00 DEBUG 24872 --- [electronico-backend] [           main] o.s.data.convert.CustomConversions       : Adding converter from class java.time.LocalDateTime to class java.util.Date as writing converter
2024-12-29T22:25:40.155-05:00 DEBUG 24872 --- [electronico-backend] [           main] o.s.data.convert.CustomConversions       : Adding converter from class java.util.Date to class java.time.LocalDate as reading converter
2024-12-29T22:25:40.155-05:00 DEBUG 24872 --- [electronico-backend] [           main] o.s.data.convert.CustomConversions       : Adding converter from class java.time.LocalDate to class java.util.Date as writing converter
2024-12-29T22:25:40.155-05:00 DEBUG 24872 --- [electronico-backend] [           main] o.s.data.convert.CustomConversions       : Adding converter from class java.util.Date to class java.time.LocalTime as reading converter
2024-12-29T22:25:40.155-05:00 DEBUG 24872 --- [electronico-backend] [           main] o.s.data.convert.CustomConversions       : Adding converter from class java.time.LocalTime to class java.util.Date as writing converter
2024-12-29T22:25:40.155-05:00 DEBUG 24872 --- [electronico-backend] [           main] o.s.data.convert.CustomConversions       : Adding converter from class java.util.Date to class java.time.Instant as reading converter
2024-12-29T22:25:40.156-05:00 DEBUG 24872 --- [electronico-backend] [           main] o.s.data.convert.CustomConversions       : Adding converter from class java.time.Instant to class java.util.Date as writing converter
2024-12-29T22:25:40.156-05:00 DEBUG 24872 --- [electronico-backend] [           main] o.s.data.convert.CustomConversions       : Adding converter from class java.time.LocalDateTime to class java.time.Instant as reading converter
2024-12-29T22:25:40.156-05:00 DEBUG 24872 --- [electronico-backend] [           main] o.s.data.convert.CustomConversions       : Adding converter from class java.time.Instant to class java.time.LocalDateTime as reading converter
2024-12-29T22:25:40.156-05:00 DEBUG 24872 --- [electronico-backend] [           main] o.s.data.convert.CustomConversions       : Adding converter from class java.time.ZoneId to class java.lang.String as writing converter
2024-12-29T22:25:40.156-05:00 DEBUG 24872 --- [electronico-backend] [           main] o.s.data.convert.CustomConversions       : Adding converter from class java.lang.String to class java.time.ZoneId as reading converter
2024-12-29T22:25:40.156-05:00 DEBUG 24872 --- [electronico-backend] [           main] o.s.data.convert.CustomConversions       : Adding converter from class java.time.Duration to class java.lang.String as writing converter
2024-12-29T22:25:40.156-05:00 DEBUG 24872 --- [electronico-backend] [           main] o.s.data.convert.CustomConversions       : Adding converter from class java.lang.String to class java.time.Duration as reading converter
2024-12-29T22:25:40.156-05:00 DEBUG 24872 --- [electronico-backend] [           main] o.s.data.convert.CustomConversions       : Adding converter from class java.time.Period to class java.lang.String as writing converter
2024-12-29T22:25:40.156-05:00 DEBUG 24872 --- [electronico-backend] [           main] o.s.data.convert.CustomConversions       : Adding converter from class java.lang.String to class java.time.Period as reading converter
2024-12-29T22:25:40.156-05:00 DEBUG 24872 --- [electronico-backend] [           main] o.s.data.convert.CustomConversions       : Adding converter from class java.lang.String to class java.time.LocalDate as reading converter
2024-12-29T22:25:40.156-05:00 DEBUG 24872 --- [electronico-backend] [           main] o.s.data.convert.CustomConversions       : Adding converter from class java.lang.String to class java.time.LocalDateTime as reading converter
2024-12-29T22:25:40.156-05:00 DEBUG 24872 --- [electronico-backend] [           main] o.s.data.convert.CustomConversions       : Adding converter from class java.lang.String to class java.time.Instant as reading converter
2024-12-29T22:25:40.159-05:00 DEBUG 24872 --- [electronico-backend] [           main] o.s.b.f.s.DefaultListableBeanFactory     : Creating shared instance of singleton bean 'r2dbcManagedTypes'
2024-12-29T22:25:40.159-05:00 DEBUG 24872 --- [electronico-backend] [           main] o.s.b.f.s.DefaultListableBeanFactory     : Autowiring by type from bean name 'r2dbcManagedTypes' via factory method to bean named 'org.springframework.boot.web.reactive.context.GenericReactiveWebApplicationContext@5b69fd74'
2024-12-29T22:25:40.164-05:00 DEBUG 24872 --- [electronico-backend] [           main] ssPathScanningCandidateComponentProvider : Identified candidate component class: file [C:\Users\ASUS\Desktop\ProJava\sistemaElectronico\electronico-backend\target\classes\com\sistema\electronico_backend\entity\Customer.class]
2024-12-29T22:25:40.164-05:00 DEBUG 24872 --- [electronico-backend] [           main] ssPathScanningCandidateComponentProvider : Identified candidate component class: file [C:\Users\ASUS\Desktop\ProJava\sistemaElectronico\electronico-backend\target\classes\com\sistema\electronico_backend\entity\Product.class]
2024-12-29T22:25:40.165-05:00 DEBUG 24872 --- [electronico-backend] [           main] o.s.b.f.s.DefaultListableBeanFactory     : Autowiring by type from bean name 'r2dbcMappingContext' via factory method to bean named 'r2dbcCustomConversions'
2024-12-29T22:25:40.166-05:00 DEBUG 24872 --- [electronico-backend] [           main] o.s.b.f.s.DefaultListableBeanFactory     : Autowiring by type from bean name 'r2dbcMappingContext' via factory method to bean named 'r2dbcManagedTypes'
2024-12-29T22:25:40.237-05:00 DEBUG 24872 --- [electronico-backend] [           main] o.s.b.f.s.DefaultListableBeanFactory     : Autowiring by type from bean name 'r2dbcConverter' via factory method to bean named 'r2dbcMappingContext'
2024-12-29T22:25:40.238-05:00 DEBUG 24872 --- [electronico-backend] [           main] o.s.b.f.s.DefaultListableBeanFactory     : Autowiring by type from bean name 'r2dbcConverter' via factory method to bean named 'r2dbcCustomConversions'
2024-12-29T22:25:40.258-05:00 DEBUG 24872 --- [electronico-backend] [           main] o.s.b.f.s.DefaultListableBeanFactory     : Autowiring by type from bean name 'r2dbcEntityTemplate' via factory method to bean named 'r2dbcConverter'
2024-12-29T22:25:40.304-05:00 DEBUG 24872 --- [electronico-backend] [           main] o.s.d.r.c.s.RepositoryFactorySupport     : Initializing repository instance for com.sistema.electronico_backend.repository.postgres.CustomerRepository…
2024-12-29T22:25:40.361-05:00 DEBUG 24872 --- [electronico-backend] [           main] o.s.d.r.c.s.RepositoryFactorySupport     : Finished creation of repository instance for com.sistema.electronico_backend.repository.postgres.CustomerRepository.
2024-12-29T22:25:40.365-05:00 DEBUG 24872 --- [electronico-backend] [           main] o.s.b.f.s.DefaultListableBeanFactory     : Autowiring by type from bean name 'customerService' via constructor to bean named 'customerRepository'
2024-12-29T22:25:40.365-05:00 DEBUG 24872 --- [electronico-backend] [           main] o.s.b.f.s.DefaultListableBeanFactory     : Autowiring by type from bean name 'customerController' via constructor to bean named 'customerService'
2024-12-29T22:25:40.366-05:00 DEBUG 24872 --- [electronico-backend] [           main] o.s.b.f.s.DefaultListableBeanFactory     : Creating shared instance of singleton bean 'orderController'
2024-12-29T22:25:40.368-05:00 DEBUG 24872 --- [electronico-backend] [           main] o.s.b.f.s.DefaultListableBeanFactory     : Creating shared instance of singleton bean 'orderService'
2024-12-29T22:25:40.369-05:00 DEBUG 24872 --- [electronico-backend] [           main] o.s.b.f.s.DefaultListableBeanFactory     : Creating shared instance of singleton bean 'orderRepository'
2024-12-29T22:25:40.370-05:00 DEBUG 24872 --- [electronico-backend] [           main] o.s.b.f.s.DefaultListableBeanFactory     : Creating shared instance of singleton bean 'mongo.named-queries#0'
2024-12-29T22:25:40.372-05:00 DEBUG 24872 --- [electronico-backend] [           main] o.s.b.f.s.DefaultListableBeanFactory     : Creating shared instance of singleton bean 'reactive mongodb.OrderRepository.fragments#0'
2024-12-29T22:25:40.372-05:00 DEBUG 24872 --- [electronico-backend] [           main] o.s.b.f.s.DefaultListableBeanFactory     : Creating shared instance of singleton bean 'reactiveMongoTemplate'
2024-12-29T22:25:40.372-05:00 DEBUG 24872 --- [electronico-backend] [           main] o.s.b.f.s.DefaultListableBeanFactory     : Creating shared instance of singleton bean 'org.springframework.boot.autoconfigure.data.mongo.MongoReactiveDataAutoConfiguration'
2024-12-29T22:25:40.373-05:00 DEBUG 24872 --- [electronico-backend] [           main] o.s.b.f.s.DefaultListableBeanFactory     : Creating shared instance of singleton bean 'mongoConnectionDetails'
2024-12-29T22:25:40.373-05:00 DEBUG 24872 --- [electronico-backend] [           main] o.s.b.f.s.DefaultListableBeanFactory     : Creating shared instance of singleton bean 'org.springframework.boot.autoconfigure.mongo.MongoAutoConfiguration'
2024-12-29T22:25:40.374-05:00 DEBUG 24872 --- [electronico-backend] [           main] o.s.b.f.s.DefaultListableBeanFactory     : Creating shared instance of singleton bean 'spring.data.mongodb-org.springframework.boot.autoconfigure.mongo.MongoProperties'
2024-12-29T22:25:40.377-05:00 DEBUG 24872 --- [electronico-backend] [           main] o.s.b.f.s.DefaultListableBeanFactory     : Autowiring by type from bean name 'mongoConnectionDetails' via factory method to bean named 'spring.data.mongodb-org.springframework.boot.autoconfigure.mongo.MongoProperties'
2024-12-29T22:25:40.380-05:00 DEBUG 24872 --- [electronico-backend] [           main] o.s.b.f.s.DefaultListableBeanFactory     : Autowiring by type from bean name 'org.springframework.boot.autoconfigure.data.mongo.MongoReactiveDataAutoConfiguration' via constructor to bean named 'mongoConnectionDetails'
2024-12-29T22:25:40.381-05:00 DEBUG 24872 --- [electronico-backend] [           main] o.s.b.f.s.DefaultListableBeanFactory     : Creating shared instance of singleton bean 'reactiveMongoDatabaseFactory'
2024-12-29T22:25:40.381-05:00 DEBUG 24872 --- [electronico-backend] [           main] o.s.b.f.s.DefaultListableBeanFactory     : Creating shared instance of singleton bean 'reactiveStreamsMongoClient'
2024-12-29T22:25:40.382-05:00 DEBUG 24872 --- [electronico-backend] [           main] o.s.b.f.s.DefaultListableBeanFactory     : Creating shared instance of singleton bean 'org.springframework.boot.autoconfigure.mongo.MongoReactiveAutoConfiguration'
2024-12-29T22:25:40.382-05:00 DEBUG 24872 --- [electronico-backend] [           main] o.s.b.f.s.DefaultListableBeanFactory     : Creating shared instance of singleton bean 'mongoClientSettings'
2024-12-29T22:25:40.382-05:00 DEBUG 24872 --- [electronico-backend] [           main] o.s.b.f.s.DefaultListableBeanFactory     : Creating shared instance of singleton bean 'org.springframework.boot.autoconfigure.mongo.MongoAutoConfiguration$MongoClientSettingsConfiguration'
2024-12-29T22:25:40.435-05:00 DEBUG 24872 --- [electronico-backend] [           main] o.s.b.f.s.DefaultListableBeanFactory     : Autowiring by type from bean name 'reactiveStreamsMongoClient' via factory method to bean named 'mongoClientSettings'
2024-12-29T22:25:40.437-05:00 DEBUG 24872 --- [electronico-backend] [           main] o.s.b.f.s.DefaultListableBeanFactory     : Creating shared instance of singleton bean 'standardMongoSettingsCustomizer'
2024-12-29T22:25:40.438-05:00 DEBUG 24872 --- [electronico-backend] [           main] o.s.b.f.s.DefaultListableBeanFactory     : Autowiring by type from bean name 'standardMongoSettingsCustomizer' via factory method to bean named 'spring.data.mongodb-org.springframework.boot.autoconfigure.mongo.MongoProperties'
2024-12-29T22:25:40.438-05:00 DEBUG 24872 --- [electronico-backend] [           main] o.s.b.f.s.DefaultListableBeanFactory     : Autowiring by type from bean name 'standardMongoSettingsCustomizer' via factory method to bean named 'mongoConnectionDetails'
2024-12-29T22:25:40.441-05:00 DEBUG 24872 --- [electronico-backend] [           main] o.s.b.f.s.DefaultListableBeanFactory     : Creating shared instance of singleton bean 'sslBundleRegistry'
2024-12-29T22:25:40.441-05:00 DEBUG 24872 --- [electronico-backend] [           main] o.s.b.f.s.DefaultListableBeanFactory     : Creating shared instance of singleton bean 'org.springframework.boot.autoconfigure.ssl.SslAutoConfiguration'
2024-12-29T22:25:40.442-05:00 DEBUG 24872 --- [electronico-backend] [           main] o.s.b.f.s.DefaultListableBeanFactory     : Creating shared instance of singleton bean 'spring.ssl-org.springframework.boot.autoconfigure.ssl.SslProperties'
2024-12-29T22:25:40.444-05:00 DEBUG 24872 --- [electronico-backend] [           main] o.s.b.f.s.DefaultListableBeanFactory     : Autowiring by type from bean name 'org.springframework.boot.autoconfigure.ssl.SslAutoConfiguration' via constructor to bean named 'org.springframework.boot.web.reactive.context.GenericReactiveWebApplicationContext@5b69fd74'
2024-12-29T22:25:40.444-05:00 DEBUG 24872 --- [electronico-backend] [           main] o.s.b.f.s.DefaultListableBeanFactory     : Autowiring by type from bean name 'org.springframework.boot.autoconfigure.ssl.SslAutoConfiguration' via constructor to bean named 'spring.ssl-org.springframework.boot.autoconfigure.ssl.SslProperties'
2024-12-29T22:25:40.446-05:00 DEBUG 24872 --- [electronico-backend] [           main] o.s.b.f.s.DefaultListableBeanFactory     : Creating shared instance of singleton bean 'sslPropertiesSslBundleRegistrar'
2024-12-29T22:25:40.447-05:00 DEBUG 24872 --- [electronico-backend] [           main] o.s.b.f.s.DefaultListableBeanFactory     : Creating shared instance of singleton bean 'fileWatcher'
2024-12-29T22:25:40.448-05:00 DEBUG 24872 --- [electronico-backend] [           main] o.s.b.f.s.DefaultListableBeanFactory     : Autowiring by type from bean name 'sslPropertiesSslBundleRegistrar' via factory method to bean named 'fileWatcher'
2024-12-29T22:25:40.456-05:00 DEBUG 24872 --- [electronico-backend] [           main] o.s.b.f.s.DefaultListableBeanFactory     : Creating shared instance of singleton bean 'nettyDriverCustomizer'
2024-12-29T22:25:40.456-05:00 DEBUG 24872 --- [electronico-backend] [           main] o.s.b.f.s.DefaultListableBeanFactory     : Creating shared instance of singleton bean 'org.springframework.boot.autoconfigure.mongo.MongoReactiveAutoConfiguration$NettyDriverConfiguration'
2024-12-29T22:25:40.718-05:00  INFO 24872 --- [electronico-backend] [           main] org.mongodb.driver.client                : MongoClient with metadata {"driver": {"name": "mongo-java-driver|reactive-streams|spring-boot", "version": "5.2.1"}, "os": {"type": "Windows", "name": "Windows 11", "architecture": "amd64", "version": "10.0"}, "platform": "Java/Oracle Corporation/17.0.11+7-LTS-207"} created with settings MongoClientSettings{readPreference=primary, writeConcern=WriteConcern{w=null, wTimeout=null ms, journal=null}, retryWrites=true, retryReads=true, readConcern=ReadConcern{level=null}, credential=null, transportSettings=NettyTransportSettings{eventLoopGroup=io.netty.channel.nio.NioEventLoopGroup@58882a93, socketChannelClass=null, allocator=null, sslContext=null}, commandListeners=[], codecRegistry=ProvidersCodecRegistry{codecProviders=[ValueCodecProvider{}, BsonValueCodecProvider{}, DBRefCodecProvider{}, DBObjectCodecProvider{}, DocumentCodecProvider{}, CollectionCodecProvider{}, IterableCodecProvider{}, MapCodecProvider{}, GeoJsonCodecProvider{}, GridFSFileCodecProvider{}, Jsr310CodecProvider{}, JsonObjectCodecProvider{}, BsonCodecProvider{}, EnumCodecProvider{}, com.mongodb.client.model.mql.ExpressionCodecProvider@15e08615, com.mongodb.Jep395RecordCodecProvider@19dac2d6, com.mongodb.KotlinCodecProvider@7e2bc2f4]}, loggerSettings=LoggerSettings{maxDocumentLength=1000}, clusterSettings={hosts=[localhost:27017], srvServiceName=mongodb, mode=SINGLE, requiredClusterType=UNKNOWN, requiredReplicaSetName='null', serverSelector='null', clusterListeners='[]', serverSelectionTimeout='30000 ms', localThreshold='15 ms'}, socketSettings=SocketSettings{connectTimeoutMS=10000, readTimeoutMS=0, receiveBufferSize=0, proxySettings=ProxySettings{host=null, port=null, username=null, password=null}}, heartbeatSocketSettings=SocketSettings{connectTimeoutMS=10000, readTimeoutMS=10000, receiveBufferSize=0, proxySettings=ProxySettings{host=null, port=null, username=null, password=null}}, connectionPoolSettings=ConnectionPoolSettings{maxSize=100, minSize=0, maxWaitTimeMS=120000, maxConnectionLifeTimeMS=0, maxConnectionIdleTimeMS=0, maintenanceInitialDelayMS=0, maintenanceFrequencyMS=60000, connectionPoolListeners=[], maxConnecting=2}, serverSettings=ServerSettings{heartbeatFrequencyMS=10000, minHeartbeatFrequencyMS=500, serverMonitoringMode=AUTO, serverListeners='[]', serverMonitorListeners='[]'}, sslSettings=SslSettings{enabled=false, invalidHostNameAllowed=false, context=null}, applicationName='null', compressorList=[], uuidRepresentation=JAVA_LEGACY, serverApi=null, autoEncryptionSettings=null, dnsClient=null, inetAddressResolver=null, contextProvider=null, timeoutMS=null}
2024-12-29T22:25:40.722-05:00 DEBUG 24872 --- [electronico-backend] [           main] o.s.b.f.s.DefaultListableBeanFactory     : Autowiring by type from bean name 'reactiveMongoDatabaseFactory' via factory method to bean named 'reactiveStreamsMongoClient'
2024-12-29T22:25:40.723-05:00 DEBUG 24872 --- [electronico-backend] [           main] o.s.b.f.s.DefaultListableBeanFactory     : Autowiring by type from bean name 'reactiveMongoDatabaseFactory' via factory method to bean named 'spring.data.mongodb-org.springframework.boot.autoconfigure.mongo.MongoProperties'
2024-12-29T22:25:40.726-05:00 DEBUG 24872 --- [electronico-backend] [           main] o.s.b.f.s.DefaultListableBeanFactory     : Creating shared instance of singleton bean 'mappingMongoConverter'
2024-12-29T22:25:40.726-05:00 DEBUG 24872 --- [electronico-backend] [           main] o.s.b.f.s.DefaultListableBeanFactory     : Creating shared instance of singleton bean 'org.springframework.boot.autoconfigure.data.mongo.MongoDataConfiguration'
2024-12-29T22:25:40.728-05:00 DEBUG 24872 --- [electronico-backend] [           main] o.s.b.f.s.DefaultListableBeanFactory     : Creating shared instance of singleton bean 'mongoMappingContext'
2024-12-29T22:25:40.728-05:00 DEBUG 24872 --- [electronico-backend] [           main] o.s.b.f.s.DefaultListableBeanFactory     : Creating shared instance of singleton bean 'mongoCustomConversions'
2024-12-29T22:25:40.779-05:00 DEBUG 24872 --- [electronico-backend] [           main] o.s.data.convert.CustomConversions       : Adding converter from class java.lang.Character to class java.lang.String as writing converter
2024-12-29T22:25:40.779-05:00 DEBUG 24872 --- [electronico-backend] [           main] o.s.data.convert.CustomConversions       : Adding converter from class java.util.Locale to class java.lang.String as writing converter
2024-12-29T22:25:40.779-05:00 DEBUG 24872 --- [electronico-backend] [           main] o.s.data.convert.CustomConversions       : Adding converter from class java.math.BigDecimal to class java.lang.String as writing converter
2024-12-29T22:25:40.779-05:00 DEBUG 24872 --- [electronico-backend] [           main] o.s.data.convert.CustomConversions       : Adding converter from class java.math.BigDecimal to class org.bson.types.Decimal128 as writing converter
2024-12-29T22:25:40.779-05:00 DEBUG 24872 --- [electronico-backend] [           main] o.s.data.convert.CustomConversions       : Adding converter from class java.lang.String to class java.math.BigDecimal as reading converter
2024-12-29T22:25:40.779-05:00 DEBUG 24872 --- [electronico-backend] [           main] o.s.data.convert.CustomConversions       : Adding converter from class org.bson.types.Decimal128 to class java.math.BigDecimal as reading converter
2024-12-29T22:25:40.779-05:00 DEBUG 24872 --- [electronico-backend] [           main] o.s.data.convert.CustomConversions       : Adding converter from class java.math.BigInteger to class java.lang.String as writing converter
2024-12-29T22:25:40.779-05:00 DEBUG 24872 --- [electronico-backend] [           main] o.s.data.convert.CustomConversions       : Adding converter from class java.lang.String to class java.math.BigInteger as reading converter
2024-12-29T22:25:40.779-05:00 DEBUG 24872 --- [electronico-backend] [           main] o.s.data.convert.CustomConversions       : Adding converter from class java.net.URL to class java.lang.String as writing converter
2024-12-29T22:25:40.779-05:00 DEBUG 24872 --- [electronico-backend] [           main] o.s.data.convert.CustomConversions       : Adding converter from class java.lang.String to class java.net.URL as reading converter
2024-12-29T22:25:40.780-05:00 DEBUG 24872 --- [electronico-backend] [           main] o.s.data.convert.CustomConversions       : Adding converter from class org.bson.Document to class java.lang.String as reading converter
2024-12-29T22:25:40.780-05:00 DEBUG 24872 --- [electronico-backend] [           main] o.s.data.convert.CustomConversions       : Adding converter from class org.springframework.data.mongodb.core.query.Term to class java.lang.String as writing converter
2024-12-29T22:25:40.780-05:00 DEBUG 24872 --- [electronico-backend] [           main] o.s.data.convert.CustomConversions       : Adding converter from class org.springframework.data.mongodb.core.script.NamedMongoScript to class org.bson.Document as writing converter
2024-12-29T22:25:40.780-05:00 DEBUG 24872 --- [electronico-backend] [           main] o.s.data.convert.CustomConversions       : Adding converter from class org.bson.Document to class org.springframework.data.mongodb.core.script.NamedMongoScript as reading converter
2024-12-29T22:25:40.780-05:00 DEBUG 24872 --- [electronico-backend] [           main] o.s.data.convert.CustomConversions       : Adding converter from class java.util.Currency to class java.lang.String as writing converter
2024-12-29T22:25:40.780-05:00 DEBUG 24872 --- [electronico-backend] [           main] o.s.data.convert.CustomConversions       : Adding converter from class java.lang.String to class java.util.Currency as reading converter
2024-12-29T22:25:40.780-05:00 DEBUG 24872 --- [electronico-backend] [           main] o.s.data.convert.CustomConversions       : Adding converter from class java.util.concurrent.atomic.AtomicInteger to class java.lang.Integer as writing converter
2024-12-29T22:25:40.780-05:00 DEBUG 24872 --- [electronico-backend] [           main] o.s.data.convert.CustomConversions       : Adding converter from class java.util.concurrent.atomic.AtomicLong to class java.lang.Long as writing converter
2024-12-29T22:25:40.780-05:00 DEBUG 24872 --- [electronico-backend] [           main] o.s.data.convert.CustomConversions       : Adding converter from class java.lang.Long to class java.util.concurrent.atomic.AtomicLong as reading converter
2024-12-29T22:25:40.780-05:00 DEBUG 24872 --- [electronico-backend] [           main] o.s.data.convert.CustomConversions       : Adding converter from class java.lang.Integer to class java.util.concurrent.atomic.AtomicInteger as reading converter
2024-12-29T22:25:40.780-05:00 DEBUG 24872 --- [electronico-backend] [           main] o.s.data.convert.CustomConversions       : Adding converter from class org.bson.types.Binary to class [B as reading converter
2024-12-29T22:25:40.780-05:00 DEBUG 24872 --- [electronico-backend] [           main] o.s.data.convert.CustomConversions       : Adding converter from class org.bson.BsonTimestamp to class java.time.Instant as reading converter
2024-12-29T22:25:40.780-05:00 DEBUG 24872 --- [electronico-backend] [           main] o.s.data.convert.CustomConversions       : Adding converter from class org.bson.BsonUndefined to class java.lang.Object as reading converter
2024-12-29T22:25:40.780-05:00 DEBUG 24872 --- [electronico-backend] [           main] o.s.data.convert.CustomConversions       : Adding converter from class java.net.URI to class java.lang.String as writing converter
2024-12-29T22:25:40.780-05:00 DEBUG 24872 --- [electronico-backend] [           main] o.s.data.convert.CustomConversions       : Adding converter from class java.lang.String to class java.net.URI as reading converter
2024-12-29T22:25:40.780-05:00 DEBUG 24872 --- [electronico-backend] [           main] o.s.data.convert.CustomConversions       : Adding converter from class org.springframework.data.geo.Box to class org.bson.Document as writing converter
2024-12-29T22:25:40.780-05:00 DEBUG 24872 --- [electronico-backend] [           main] o.s.data.convert.CustomConversions       : Adding converter from class org.springframework.data.geo.Polygon to class org.bson.Document as writing converter
2024-12-29T22:25:40.780-05:00 DEBUG 24872 --- [electronico-backend] [           main] o.s.data.convert.CustomConversions       : Adding converter from class org.springframework.data.geo.Circle to class org.bson.Document as writing converter
2024-12-29T22:25:40.780-05:00 DEBUG 24872 --- [electronico-backend] [           main] o.s.data.convert.CustomConversions       : Adding converter from class org.springframework.data.mongodb.core.geo.Sphere to class org.bson.Document as writing converter
2024-12-29T22:25:40.780-05:00 DEBUG 24872 --- [electronico-backend] [           main] o.s.data.convert.CustomConversions       : Adding converter from class org.bson.Document to class org.springframework.data.geo.Box as reading converter
2024-12-29T22:25:40.780-05:00 DEBUG 24872 --- [electronico-backend] [           main] o.s.data.convert.CustomConversions       : Adding converter from class org.bson.Document to class org.springframework.data.geo.Polygon as reading converter
2024-12-29T22:25:40.780-05:00 DEBUG 24872 --- [electronico-backend] [           main] o.s.data.convert.CustomConversions       : Adding converter from class org.bson.Document to class org.springframework.data.geo.Circle as reading converter
2024-12-29T22:25:40.781-05:00 DEBUG 24872 --- [electronico-backend] [           main] o.s.data.convert.CustomConversions       : Adding converter from class org.bson.Document to class org.springframework.data.mongodb.core.geo.Sphere as reading converter
2024-12-29T22:25:40.781-05:00 DEBUG 24872 --- [electronico-backend] [           main] o.s.data.convert.CustomConversions       : Adding converter from class org.bson.Document to class org.springframework.data.geo.Point as reading converter
2024-12-29T22:25:40.781-05:00 DEBUG 24872 --- [electronico-backend] [           main] o.s.data.convert.CustomConversions       : Adding converter from class org.springframework.data.geo.Point to class org.bson.Document as writing converter
2024-12-29T22:25:40.781-05:00 DEBUG 24872 --- [electronico-backend] [           main] o.s.data.convert.CustomConversions       : Adding converter from class org.springframework.data.mongodb.core.query.GeoCommand to class org.bson.Document as writing converter
2024-12-29T22:25:40.781-05:00 DEBUG 24872 --- [electronico-backend] [           main] o.s.data.convert.CustomConversions       : Adding converter from interface org.springframework.data.mongodb.core.geo.GeoJson to class org.bson.Document as writing converter
2024-12-29T22:25:40.781-05:00 DEBUG 24872 --- [electronico-backend] [           main] o.s.data.convert.CustomConversions       : Adding converter from class org.springframework.data.mongodb.core.geo.GeoJsonPoint to class org.bson.Document as writing converter
2024-12-29T22:25:40.781-05:00 DEBUG 24872 --- [electronico-backend] [           main] o.s.data.convert.CustomConversions       : Adding converter from class org.springframework.data.mongodb.core.geo.GeoJsonPolygon to class org.bson.Document as writing converter
2024-12-29T22:25:40.781-05:00 DEBUG 24872 --- [electronico-backend] [           main] o.s.data.convert.CustomConversions       : Adding converter from class org.bson.Document to class org.springframework.data.mongodb.core.geo.GeoJsonPoint as reading converter
2024-12-29T22:25:40.781-05:00 DEBUG 24872 --- [electronico-backend] [           main] o.s.data.convert.CustomConversions       : Adding converter from class org.bson.Document to class org.springframework.data.mongodb.core.geo.GeoJsonPolygon as reading converter
2024-12-29T22:25:40.781-05:00 DEBUG 24872 --- [electronico-backend] [           main] o.s.data.convert.CustomConversions       : Adding converter from class org.bson.Document to class org.springframework.data.mongodb.core.geo.GeoJsonLineString as reading converter
2024-12-29T22:25:40.781-05:00 DEBUG 24872 --- [electronico-backend] [           main] o.s.data.convert.CustomConversions       : Adding converter from class org.bson.Document to class org.springframework.data.mongodb.core.geo.GeoJsonMultiLineString as reading converter
2024-12-29T22:25:40.781-05:00 DEBUG 24872 --- [electronico-backend] [           main] o.s.data.convert.CustomConversions       : Adding converter from class org.bson.Document to class org.springframework.data.mongodb.core.geo.GeoJsonMultiPoint as reading converter
2024-12-29T22:25:40.781-05:00 DEBUG 24872 --- [electronico-backend] [           main] o.s.data.convert.CustomConversions       : Adding converter from class org.bson.Document to class org.springframework.data.mongodb.core.geo.GeoJsonMultiPolygon as reading converter
2024-12-29T22:25:40.781-05:00 DEBUG 24872 --- [electronico-backend] [           main] o.s.data.convert.CustomConversions       : Adding converter from class org.bson.Document to class org.springframework.data.mongodb.core.geo.GeoJsonGeometryCollection as reading converter
2024-12-29T22:25:40.781-05:00 DEBUG 24872 --- [electronico-backend] [           main] o.s.data.convert.CustomConversions       : Adding converter from class org.bson.Document to interface org.springframework.data.mongodb.core.geo.GeoJson as reading converter
2024-12-29T22:25:40.781-05:00 DEBUG 24872 --- [electronico-backend] [           main] o.s.data.convert.CustomConversions       : Adding converter from class java.util.Date to class java.time.LocalDateTime as reading converter
2024-12-29T22:25:40.781-05:00 DEBUG 24872 --- [electronico-backend] [           main] o.s.data.convert.CustomConversions       : Adding converter from class java.time.LocalDateTime to class java.util.Date as writing converter
2024-12-29T22:25:40.781-05:00 DEBUG 24872 --- [electronico-backend] [           main] o.s.data.convert.CustomConversions       : Adding converter from class java.util.Date to class java.time.LocalDate as reading converter
2024-12-29T22:25:40.781-05:00 DEBUG 24872 --- [electronico-backend] [           main] o.s.data.convert.CustomConversions       : Adding converter from class java.time.LocalDate to class java.util.Date as writing converter
2024-12-29T22:25:40.781-05:00 DEBUG 24872 --- [electronico-backend] [           main] o.s.data.convert.CustomConversions       : Adding converter from class java.util.Date to class java.time.LocalTime as reading converter
2024-12-29T22:25:40.781-05:00 DEBUG 24872 --- [electronico-backend] [           main] o.s.data.convert.CustomConversions       : Adding converter from class java.time.LocalTime to class java.util.Date as writing converter
2024-12-29T22:25:40.781-05:00 DEBUG 24872 --- [electronico-backend] [           main] o.s.data.convert.CustomConversions       : Adding converter from class java.util.Date to class java.time.Instant as reading converter
2024-12-29T22:25:40.781-05:00 DEBUG 24872 --- [electronico-backend] [           main] o.s.data.convert.CustomConversions       : Adding converter from class java.time.Instant to class java.util.Date as writing converter
2024-12-29T22:25:40.783-05:00 DEBUG 24872 --- [electronico-backend] [           main] o.s.data.convert.CustomConversions       : Skipping converter from class java.time.LocalDateTime to class java.time.Instant as reading converter class java.time.LocalDateTime is not a store supported simple type
2024-12-29T22:25:40.783-05:00 DEBUG 24872 --- [electronico-backend] [           main] o.s.data.convert.CustomConversions       : Skipping converter from class java.time.Instant to class java.time.LocalDateTime as reading converter class java.time.Instant is not a store supported simple type
2024-12-29T22:25:40.783-05:00 DEBUG 24872 --- [electronico-backend] [           main] o.s.data.convert.CustomConversions       : Adding converter from class java.time.ZoneId to class java.lang.String as writing converter
2024-12-29T22:25:40.783-05:00 DEBUG 24872 --- [electronico-backend] [           main] o.s.data.convert.CustomConversions       : Adding converter from class java.lang.String to class java.time.ZoneId as reading converter
2024-12-29T22:25:40.783-05:00 DEBUG 24872 --- [electronico-backend] [           main] o.s.data.convert.CustomConversions       : Adding converter from class java.time.Duration to class java.lang.String as writing converter
2024-12-29T22:25:40.783-05:00 DEBUG 24872 --- [electronico-backend] [           main] o.s.data.convert.CustomConversions       : Adding converter from class java.lang.String to class java.time.Duration as reading converter
2024-12-29T22:25:40.783-05:00 DEBUG 24872 --- [electronico-backend] [           main] o.s.data.convert.CustomConversions       : Adding converter from class java.time.Period to class java.lang.String as writing converter
2024-12-29T22:25:40.783-05:00 DEBUG 24872 --- [electronico-backend] [           main] o.s.data.convert.CustomConversions       : Adding converter from class java.lang.String to class java.time.Period as reading converter
2024-12-29T22:25:40.783-05:00 DEBUG 24872 --- [electronico-backend] [           main] o.s.data.convert.CustomConversions       : Adding converter from class java.lang.String to class java.time.LocalDate as reading converter
2024-12-29T22:25:40.783-05:00 DEBUG 24872 --- [electronico-backend] [           main] o.s.data.convert.CustomConversions       : Adding converter from class java.lang.String to class java.time.LocalDateTime as reading converter
2024-12-29T22:25:40.783-05:00 DEBUG 24872 --- [electronico-backend] [           main] o.s.data.convert.CustomConversions       : Adding converter from class java.lang.String to class java.time.Instant as reading converter
2024-12-29T22:25:40.785-05:00 DEBUG 24872 --- [electronico-backend] [           main] o.s.b.f.s.DefaultListableBeanFactory     : Creating shared instance of singleton bean 'mongoManagedTypes'
2024-12-29T22:25:40.785-05:00 DEBUG 24872 --- [electronico-backend] [           main] o.s.b.f.s.DefaultListableBeanFactory     : Autowiring by type from bean name 'mongoManagedTypes' via factory method to bean named 'org.springframework.boot.web.reactive.context.GenericReactiveWebApplicationContext@5b69fd74'
2024-12-29T22:25:40.789-05:00 DEBUG 24872 --- [electronico-backend] [           main] ssPathScanningCandidateComponentProvider : Identified candidate component class: file [C:\Users\ASUS\Desktop\ProJava\sistemaElectronico\electronico-backend\target\classes\com\sistema\electronico_backend\entity\Order.class]
2024-12-29T22:25:40.790-05:00 DEBUG 24872 --- [electronico-backend] [           main] o.s.b.f.s.DefaultListableBeanFactory     : Autowiring by type from bean name 'mongoMappingContext' via factory method to bean named 'spring.data.mongodb-org.springframework.boot.autoconfigure.mongo.MongoProperties'
2024-12-29T22:25:40.791-05:00 DEBUG 24872 --- [electronico-backend] [           main] o.s.b.f.s.DefaultListableBeanFactory     : Autowiring by type from bean name 'mongoMappingContext' via factory method to bean named 'mongoCustomConversions'
2024-12-29T22:25:40.791-05:00 DEBUG 24872 --- [electronico-backend] [           main] o.s.b.f.s.DefaultListableBeanFactory     : Autowiring by type from bean name 'mongoMappingContext' via factory method to bean named 'mongoManagedTypes'
2024-12-29T22:25:40.825-05:00 DEBUG 24872 --- [electronico-backend] [           main] o.s.b.f.s.DefaultListableBeanFactory     : Autowiring by type from bean name 'mappingMongoConverter' via factory method to bean named 'mongoMappingContext'
2024-12-29T22:25:40.825-05:00 DEBUG 24872 --- [electronico-backend] [           main] o.s.b.f.s.DefaultListableBeanFactory     : Autowiring by type from bean name 'mappingMongoConverter' via factory method to bean named 'mongoCustomConversions'
2024-12-29T22:25:40.825-05:00 DEBUG 24872 --- [electronico-backend] [           main] o.s.b.f.s.DefaultListableBeanFactory     : Creating shared instance of singleton bean 'mongoDatabaseFactory'
2024-12-29T22:25:40.825-05:00 DEBUG 24872 --- [electronico-backend] [           main] o.s.b.f.s.DefaultListableBeanFactory     : Creating shared instance of singleton bean 'org.springframework.boot.autoconfigure.data.mongo.MongoDatabaseFactoryConfiguration'
2024-12-29T22:25:40.826-05:00 DEBUG 24872 --- [electronico-backend] [           main] o.s.b.f.s.DefaultListableBeanFactory     : Creating shared instance of singleton bean 'mongo'
2024-12-29T22:25:40.826-05:00 DEBUG 24872 --- [electronico-backend] [           main] o.s.b.f.s.DefaultListableBeanFactory     : Autowiring by type from bean name 'mongo' via factory method to bean named 'mongoClientSettings'
2024-12-29T22:25:40.840-05:00  INFO 24872 --- [electronico-backend] [localhost:27017] org.mongodb.driver.cluster               : Monitor thread successfully connected to server with description ServerDescription{address=localhost:27017, type=STANDALONE, cryptd=false, state=CONNECTED, ok=true, minWireVersion=0, maxWireVersion=25, maxDocumentSize=16777216, logicalSessionTimeoutMinutes=30, roundTripTimeNanos=58642200, minRoundTripTimeNanos=0}
2024-12-29T22:25:40.862-05:00  INFO 24872 --- [electronico-backend] [           main] org.mongodb.driver.client                : MongoClient with metadata {"driver": {"name": "mongo-java-driver|sync|spring-boot", "version": "5.2.1"}, "os": {"type": "Windows", "name": "Windows 11", "architecture": "amd64", "version": "10.0"}, "platform": "Java/Oracle Corporation/17.0.11+7-LTS-207"} created with settings MongoClientSettings{readPreference=primary, writeConcern=WriteConcern{w=null, wTimeout=null ms, journal=null}, retryWrites=true, retryReads=true, readConcern=ReadConcern{level=null}, credential=null, transportSettings=NettyTransportSettings{eventLoopGroup=io.netty.channel.nio.NioEventLoopGroup@285bf5ac, socketChannelClass=null, allocator=null, sslContext=null}, commandListeners=[], codecRegistry=ProvidersCodecRegistry{codecProviders=[ValueCodecProvider{}, BsonValueCodecProvider{}, DBRefCodecProvider{}, DBObjectCodecProvider{}, DocumentCodecProvider{}, CollectionCodecProvider{}, IterableCodecProvider{}, MapCodecProvider{}, GeoJsonCodecProvider{}, GridFSFileCodecProvider{}, Jsr310CodecProvider{}, JsonObjectCodecProvider{}, BsonCodecProvider{}, EnumCodecProvider{}, com.mongodb.client.model.mql.ExpressionCodecProvider@15e08615, com.mongodb.Jep395RecordCodecProvider@19dac2d6, com.mongodb.KotlinCodecProvider@7e2bc2f4]}, loggerSettings=LoggerSettings{maxDocumentLength=1000}, clusterSettings={hosts=[localhost:27017], srvServiceName=mongodb, mode=SINGLE, requiredClusterType=UNKNOWN, requiredReplicaSetName='null', serverSelector='null', clusterListeners='[]', serverSelectionTimeout='30000 ms', localThreshold='15 ms'}, socketSettings=SocketSettings{connectTimeoutMS=10000, readTimeoutMS=0, receiveBufferSize=0, proxySettings=ProxySettings{host=null, port=null, username=null, password=null}}, heartbeatSocketSettings=SocketSettings{connectTimeoutMS=10000, readTimeoutMS=10000, receiveBufferSize=0, proxySettings=ProxySettings{host=null, port=null, username=null, password=null}}, connectionPoolSettings=ConnectionPoolSettings{maxSize=100, minSize=0, maxWaitTimeMS=120000, maxConnectionLifeTimeMS=0, maxConnectionIdleTimeMS=0, maintenanceInitialDelayMS=0, maintenanceFrequencyMS=60000, connectionPoolListeners=[], maxConnecting=2}, serverSettings=ServerSettings{heartbeatFrequencyMS=10000, minHeartbeatFrequencyMS=500, serverMonitoringMode=AUTO, serverListeners='[]', serverMonitorListeners='[]'}, sslSettings=SslSettings{enabled=false, invalidHostNameAllowed=false, context=null}, applicationName='null', compressorList=[], uuidRepresentation=JAVA_LEGACY, serverApi=null, autoEncryptionSettings=null, dnsClient=null, inetAddressResolver=null, contextProvider=null, timeoutMS=null}
2024-12-29T22:25:40.863-05:00  INFO 24872 --- [electronico-backend] [localhost:27017] org.mongodb.driver.cluster               : Monitor thread successfully connected to server with description ServerDescription{address=localhost:27017, type=STANDALONE, cryptd=false, state=CONNECTED, ok=true, minWireVersion=0, maxWireVersion=25, maxDocumentSize=16777216, logicalSessionTimeoutMinutes=30, roundTripTimeNanos=3788500, minRoundTripTimeNanos=0}
2024-12-29T22:25:40.864-05:00 DEBUG 24872 --- [electronico-backend] [           main] o.s.b.f.s.DefaultListableBeanFactory     : Autowiring by type from bean name 'mongoDatabaseFactory' via factory method to bean named 'mongo'
2024-12-29T22:25:40.865-05:00 DEBUG 24872 --- [electronico-backend] [           main] o.s.b.f.s.DefaultListableBeanFactory     : Autowiring by type from bean name 'mongoDatabaseFactory' via factory method to bean named 'spring.data.mongodb-org.springframework.boot.autoconfigure.mongo.MongoProperties'
2024-12-29T22:25:40.865-05:00 DEBUG 24872 --- [electronico-backend] [           main] o.s.b.f.s.DefaultListableBeanFactory     : Autowiring by type from bean name 'mongoDatabaseFactory' via factory method to bean named 'mongoConnectionDetails'
2024-12-29T22:25:40.875-05:00 DEBUG 24872 --- [electronico-backend] [           main] o.s.data.convert.CustomConversions       : Adding converter from class java.lang.Character to class java.lang.String as writing converter
2024-12-29T22:25:40.875-05:00 DEBUG 24872 --- [electronico-backend] [           main] o.s.data.convert.CustomConversions       : Adding converter from class java.util.Locale to class java.lang.String as writing converter
2024-12-29T22:25:40.875-05:00 DEBUG 24872 --- [electronico-backend] [           main] o.s.data.convert.CustomConversions       : Adding converter from class java.math.BigDecimal to class java.lang.String as writing converter
2024-12-29T22:25:40.875-05:00 DEBUG 24872 --- [electronico-backend] [           main] o.s.data.convert.CustomConversions       : Adding converter from class java.math.BigDecimal to class org.bson.types.Decimal128 as writing converter
2024-12-29T22:25:40.875-05:00 DEBUG 24872 --- [electronico-backend] [           main] o.s.data.convert.CustomConversions       : Adding converter from class java.lang.String to class java.math.BigDecimal as reading converter
2024-12-29T22:25:40.875-05:00 DEBUG 24872 --- [electronico-backend] [           main] o.s.data.convert.CustomConversions       : Adding converter from class org.bson.types.Decimal128 to class java.math.BigDecimal as reading converter
2024-12-29T22:25:40.875-05:00 DEBUG 24872 --- [electronico-backend] [           main] o.s.data.convert.CustomConversions       : Adding converter from class java.math.BigInteger to class java.lang.String as writing converter
2024-12-29T22:25:40.875-05:00 DEBUG 24872 --- [electronico-backend] [           main] o.s.data.convert.CustomConversions       : Adding converter from class java.lang.String to class java.math.BigInteger as reading converter
2024-12-29T22:25:40.875-05:00 DEBUG 24872 --- [electronico-backend] [           main] o.s.data.convert.CustomConversions       : Adding converter from class java.net.URL to class java.lang.String as writing converter
2024-12-29T22:25:40.875-05:00 DEBUG 24872 --- [electronico-backend] [           main] o.s.data.convert.CustomConversions       : Adding converter from class java.lang.String to class java.net.URL as reading converter
2024-12-29T22:25:40.875-05:00 DEBUG 24872 --- [electronico-backend] [           main] o.s.data.convert.CustomConversions       : Adding converter from class org.bson.Document to class java.lang.String as reading converter
2024-12-29T22:25:40.875-05:00 DEBUG 24872 --- [electronico-backend] [           main] o.s.data.convert.CustomConversions       : Adding converter from class org.springframework.data.mongodb.core.query.Term to class java.lang.String as writing converter
2024-12-29T22:25:40.875-05:00 DEBUG 24872 --- [electronico-backend] [           main] o.s.data.convert.CustomConversions       : Adding converter from class org.springframework.data.mongodb.core.script.NamedMongoScript to class org.bson.Document as writing converter
2024-12-29T22:25:40.875-05:00 DEBUG 24872 --- [electronico-backend] [           main] o.s.data.convert.CustomConversions       : Adding converter from class org.bson.Document to class org.springframework.data.mongodb.core.script.NamedMongoScript as reading converter
2024-12-29T22:25:40.875-05:00 DEBUG 24872 --- [electronico-backend] [           main] o.s.data.convert.CustomConversions       : Adding converter from class java.util.Currency to class java.lang.String as writing converter
2024-12-29T22:25:40.875-05:00 DEBUG 24872 --- [electronico-backend] [           main] o.s.data.convert.CustomConversions       : Adding converter from class java.lang.String to class java.util.Currency as reading converter
2024-12-29T22:25:40.875-05:00 DEBUG 24872 --- [electronico-backend] [           main] o.s.data.convert.CustomConversions       : Adding converter from class java.util.concurrent.atomic.AtomicInteger to class java.lang.Integer as writing converter
2024-12-29T22:25:40.875-05:00 DEBUG 24872 --- [electronico-backend] [           main] o.s.data.convert.CustomConversions       : Adding converter from class java.util.concurrent.atomic.AtomicLong to class java.lang.Long as writing converter
2024-12-29T22:25:40.875-05:00 DEBUG 24872 --- [electronico-backend] [           main] o.s.data.convert.CustomConversions       : Adding converter from class java.lang.Long to class java.util.concurrent.atomic.AtomicLong as reading converter
2024-12-29T22:25:40.875-05:00 DEBUG 24872 --- [electronico-backend] [           main] o.s.data.convert.CustomConversions       : Adding converter from class java.lang.Integer to class java.util.concurrent.atomic.AtomicInteger as reading converter
2024-12-29T22:25:40.876-05:00 DEBUG 24872 --- [electronico-backend] [           main] o.s.data.convert.CustomConversions       : Adding converter from class org.bson.types.Binary to class [B as reading converter
2024-12-29T22:25:40.876-05:00 DEBUG 24872 --- [electronico-backend] [           main] o.s.data.convert.CustomConversions       : Adding converter from class org.bson.BsonTimestamp to class java.time.Instant as reading converter
2024-12-29T22:25:40.876-05:00 DEBUG 24872 --- [electronico-backend] [           main] o.s.data.convert.CustomConversions       : Adding converter from class org.bson.BsonUndefined to class java.lang.Object as reading converter
2024-12-29T22:25:40.876-05:00 DEBUG 24872 --- [electronico-backend] [           main] o.s.data.convert.CustomConversions       : Adding converter from class java.net.URI to class java.lang.String as writing converter
2024-12-29T22:25:40.876-05:00 DEBUG 24872 --- [electronico-backend] [           main] o.s.data.convert.CustomConversions       : Adding converter from class java.lang.String to class java.net.URI as reading converter
2024-12-29T22:25:40.876-05:00 DEBUG 24872 --- [electronico-backend] [           main] o.s.data.convert.CustomConversions       : Adding converter from class org.springframework.data.geo.Box to class org.bson.Document as writing converter
2024-12-29T22:25:40.876-05:00 DEBUG 24872 --- [electronico-backend] [           main] o.s.data.convert.CustomConversions       : Adding converter from class org.springframework.data.geo.Polygon to class org.bson.Document as writing converter
2024-12-29T22:25:40.876-05:00 DEBUG 24872 --- [electronico-backend] [           main] o.s.data.convert.CustomConversions       : Adding converter from class org.springframework.data.geo.Circle to class org.bson.Document as writing converter
2024-12-29T22:25:40.876-05:00 DEBUG 24872 --- [electronico-backend] [           main] o.s.data.convert.CustomConversions       : Adding converter from class org.springframework.data.mongodb.core.geo.Sphere to class org.bson.Document as writing converter
2024-12-29T22:25:40.876-05:00 DEBUG 24872 --- [electronico-backend] [           main] o.s.data.convert.CustomConversions       : Adding converter from class org.bson.Document to class org.springframework.data.geo.Box as reading converter
2024-12-29T22:25:40.876-05:00 DEBUG 24872 --- [electronico-backend] [           main] o.s.data.convert.CustomConversions       : Adding converter from class org.bson.Document to class org.springframework.data.geo.Polygon as reading converter
2024-12-29T22:25:40.876-05:00 DEBUG 24872 --- [electronico-backend] [           main] o.s.data.convert.CustomConversions       : Adding converter from class org.bson.Document to class org.springframework.data.geo.Circle as reading converter
2024-12-29T22:25:40.876-05:00 DEBUG 24872 --- [electronico-backend] [           main] o.s.data.convert.CustomConversions       : Adding converter from class org.bson.Document to class org.springframework.data.mongodb.core.geo.Sphere as reading converter
2024-12-29T22:25:40.876-05:00 DEBUG 24872 --- [electronico-backend] [           main] o.s.data.convert.CustomConversions       : Adding converter from class org.bson.Document to class org.springframework.data.geo.Point as reading converter
2024-12-29T22:25:40.876-05:00 DEBUG 24872 --- [electronico-backend] [           main] o.s.data.convert.CustomConversions       : Adding converter from class org.springframework.data.geo.Point to class org.bson.Document as writing converter
2024-12-29T22:25:40.876-05:00 DEBUG 24872 --- [electronico-backend] [           main] o.s.data.convert.CustomConversions       : Adding converter from class org.springframework.data.mongodb.core.query.GeoCommand to class org.bson.Document as writing converter
2024-12-29T22:25:40.876-05:00 DEBUG 24872 --- [electronico-backend] [           main] o.s.data.convert.CustomConversions       : Adding converter from interface org.springframework.data.mongodb.core.geo.GeoJson to class org.bson.Document as writing converter
2024-12-29T22:25:40.876-05:00 DEBUG 24872 --- [electronico-backend] [           main] o.s.data.convert.CustomConversions       : Adding converter from class org.springframework.data.mongodb.core.geo.GeoJsonPoint to class org.bson.Document as writing converter
2024-12-29T22:25:40.876-05:00 DEBUG 24872 --- [electronico-backend] [           main] o.s.data.convert.CustomConversions       : Adding converter from class org.springframework.data.mongodb.core.geo.GeoJsonPolygon to class org.bson.Document as writing converter
2024-12-29T22:25:40.876-05:00 DEBUG 24872 --- [electronico-backend] [           main] o.s.data.convert.CustomConversions       : Adding converter from class org.bson.Document to class org.springframework.data.mongodb.core.geo.GeoJsonPoint as reading converter
2024-12-29T22:25:40.876-05:00 DEBUG 24872 --- [electronico-backend] [           main] o.s.data.convert.CustomConversions       : Adding converter from class org.bson.Document to class org.springframework.data.mongodb.core.geo.GeoJsonPolygon as reading converter
2024-12-29T22:25:40.876-05:00 DEBUG 24872 --- [electronico-backend] [           main] o.s.data.convert.CustomConversions       : Adding converter from class org.bson.Document to class org.springframework.data.mongodb.core.geo.GeoJsonLineString as reading converter
2024-12-29T22:25:40.876-05:00 DEBUG 24872 --- [electronico-backend] [           main] o.s.data.convert.CustomConversions       : Adding converter from class org.bson.Document to class org.springframework.data.mongodb.core.geo.GeoJsonMultiLineString as reading converter
2024-12-29T22:25:40.876-05:00 DEBUG 24872 --- [electronico-backend] [           main] o.s.data.convert.CustomConversions       : Adding converter from class org.bson.Document to class org.springframework.data.mongodb.core.geo.GeoJsonMultiPoint as reading converter
2024-12-29T22:25:40.876-05:00 DEBUG 24872 --- [electronico-backend] [           main] o.s.data.convert.CustomConversions       : Adding converter from class org.bson.Document to class org.springframework.data.mongodb.core.geo.GeoJsonMultiPolygon as reading converter
2024-12-29T22:25:40.876-05:00 DEBUG 24872 --- [electronico-backend] [           main] o.s.data.convert.CustomConversions       : Adding converter from class org.bson.Document to class org.springframework.data.mongodb.core.geo.GeoJsonGeometryCollection as reading converter
2024-12-29T22:25:40.876-05:00 DEBUG 24872 --- [electronico-backend] [           main] o.s.data.convert.CustomConversions       : Adding converter from class org.bson.Document to interface org.springframework.data.mongodb.core.geo.GeoJson as reading converter
2024-12-29T22:25:40.876-05:00 DEBUG 24872 --- [electronico-backend] [           main] o.s.data.convert.CustomConversions       : Adding converter from class java.util.Date to class java.time.LocalDateTime as reading converter
2024-12-29T22:25:40.876-05:00 DEBUG 24872 --- [electronico-backend] [           main] o.s.data.convert.CustomConversions       : Adding converter from class java.time.LocalDateTime to class java.util.Date as writing converter
2024-12-29T22:25:40.876-05:00 DEBUG 24872 --- [electronico-backend] [           main] o.s.data.convert.CustomConversions       : Adding converter from class java.util.Date to class java.time.LocalDate as reading converter
2024-12-29T22:25:40.876-05:00 DEBUG 24872 --- [electronico-backend] [           main] o.s.data.convert.CustomConversions       : Adding converter from class java.time.LocalDate to class java.util.Date as writing converter
2024-12-29T22:25:40.876-05:00 DEBUG 24872 --- [electronico-backend] [           main] o.s.data.convert.CustomConversions       : Adding converter from class java.util.Date to class java.time.LocalTime as reading converter
2024-12-29T22:25:40.876-05:00 DEBUG 24872 --- [electronico-backend] [           main] o.s.data.convert.CustomConversions       : Adding converter from class java.time.LocalTime to class java.util.Date as writing converter
2024-12-29T22:25:40.876-05:00 DEBUG 24872 --- [electronico-backend] [           main] o.s.data.convert.CustomConversions       : Adding converter from class java.util.Date to class java.time.Instant as reading converter
2024-12-29T22:25:40.876-05:00 DEBUG 24872 --- [electronico-backend] [           main] o.s.data.convert.CustomConversions       : Adding converter from class java.time.Instant to class java.util.Date as writing converter
2024-12-29T22:25:40.876-05:00 DEBUG 24872 --- [electronico-backend] [           main] o.s.data.convert.CustomConversions       : Skipping converter from class java.time.LocalDateTime to class java.time.Instant as reading converter class java.time.LocalDateTime is not a store supported simple type
2024-12-29T22:25:40.876-05:00 DEBUG 24872 --- [electronico-backend] [           main] o.s.data.convert.CustomConversions       : Skipping converter from class java.time.Instant to class java.time.LocalDateTime as reading converter class java.time.Instant is not a store supported simple type
2024-12-29T22:25:40.876-05:00 DEBUG 24872 --- [electronico-backend] [           main] o.s.data.convert.CustomConversions       : Adding converter from class java.time.ZoneId to class java.lang.String as writing converter
2024-12-29T22:25:40.876-05:00 DEBUG 24872 --- [electronico-backend] [           main] o.s.data.convert.CustomConversions       : Adding converter from class java.lang.String to class java.time.ZoneId as reading converter
2024-12-29T22:25:40.876-05:00 DEBUG 24872 --- [electronico-backend] [           main] o.s.data.convert.CustomConversions       : Adding converter from class java.time.Duration to class java.lang.String as writing converter
2024-12-29T22:25:40.876-05:00 DEBUG 24872 --- [electronico-backend] [           main] o.s.data.convert.CustomConversions       : Adding converter from class java.lang.String to class java.time.Duration as reading converter
2024-12-29T22:25:40.876-05:00 DEBUG 24872 --- [electronico-backend] [           main] o.s.data.convert.CustomConversions       : Adding converter from class java.time.Period to class java.lang.String as writing converter
2024-12-29T22:25:40.876-05:00 DEBUG 24872 --- [electronico-backend] [           main] o.s.data.convert.CustomConversions       : Adding converter from class java.lang.String to class java.time.Period as reading converter
2024-12-29T22:25:40.877-05:00 DEBUG 24872 --- [electronico-backend] [           main] o.s.data.convert.CustomConversions       : Adding converter from class java.lang.String to class java.time.LocalDate as reading converter
2024-12-29T22:25:40.877-05:00 DEBUG 24872 --- [electronico-backend] [           main] o.s.data.convert.CustomConversions       : Adding converter from class java.lang.String to class java.time.LocalDateTime as reading converter
2024-12-29T22:25:40.877-05:00 DEBUG 24872 --- [electronico-backend] [           main] o.s.data.convert.CustomConversions       : Adding converter from class java.lang.String to class java.time.Instant as reading converter
2024-12-29T22:25:40.899-05:00 DEBUG 24872 --- [electronico-backend] [           main] o.s.b.f.s.DefaultListableBeanFactory     : Autowiring by type from bean name 'reactiveMongoTemplate' via factory method to bean named 'reactiveMongoDatabaseFactory'
2024-12-29T22:25:40.899-05:00 DEBUG 24872 --- [electronico-backend] [           main] o.s.b.f.s.DefaultListableBeanFactory     : Autowiring by type from bean name 'reactiveMongoTemplate' via factory method to bean named 'mappingMongoConverter'
2024-12-29T22:25:40.938-05:00 DEBUG 24872 --- [electronico-backend] [           main] o.s.d.r.c.s.RepositoryFactorySupport     : Initializing repository instance for com.sistema.electronico_backend.repository.mongo.OrderRepository…
2024-12-29T22:25:40.975-05:00 DEBUG 24872 --- [electronico-backend] [           main] o.s.d.r.c.s.RepositoryFactorySupport     : Finished creation of repository instance for com.sistema.electronico_backend.repository.mongo.OrderRepository.
2024-12-29T22:25:40.978-05:00 DEBUG 24872 --- [electronico-backend] [           main] o.s.b.f.s.DefaultListableBeanFactory     : Creating shared instance of singleton bean 'productRepository'
2024-12-29T22:25:40.978-05:00 DEBUG 24872 --- [electronico-backend] [           main] o.s.b.f.s.DefaultListableBeanFactory     : Creating shared instance of singleton bean 'r2dbc.named-queries#0'
2024-12-29T22:25:40.980-05:00 DEBUG 24872 --- [electronico-backend] [           main] o.s.b.f.s.DefaultListableBeanFactory     : Creating shared instance of singleton bean 'r2dbc.ProductRepository.fragments#0'
2024-12-29T22:25:40.981-05:00 DEBUG 24872 --- [electronico-backend] [           main] o.s.d.r.c.s.RepositoryFactorySupport     : Initializing repository instance for com.sistema.electronico_backend.repository.postgres.ProductRepository…
2024-12-29T22:25:40.991-05:00 DEBUG 24872 --- [electronico-backend] [           main] o.s.d.r.c.s.RepositoryFactorySupport     : Finished creation of repository instance for com.sistema.electronico_backend.repository.postgres.ProductRepository.
2024-12-29T22:25:40.993-05:00 DEBUG 24872 --- [electronico-backend] [           main] o.s.b.f.s.DefaultListableBeanFactory     : Autowiring by type from bean name 'orderService' via constructor to bean named 'orderRepository'
2024-12-29T22:25:40.993-05:00 DEBUG 24872 --- [electronico-backend] [           main] o.s.b.f.s.DefaultListableBeanFactory     : Autowiring by type from bean name 'orderService' via constructor to bean named 'customerRepository'
2024-12-29T22:25:40.993-05:00 DEBUG 24872 --- [electronico-backend] [           main] o.s.b.f.s.DefaultListableBeanFactory     : Autowiring by type from bean name 'orderService' via constructor to bean named 'productRepository'
2024-12-29T22:25:40.994-05:00 DEBUG 24872 --- [electronico-backend] [           main] o.s.b.f.s.DefaultListableBeanFactory     : Autowiring by type from bean name 'orderController' via constructor to bean named 'orderService'
2024-12-29T22:25:40.995-05:00 DEBUG 24872 --- [electronico-backend] [           main] o.s.b.f.s.DefaultListableBeanFactory     : Creating shared instance of singleton bean 'producController'
2024-12-29T22:25:40.995-05:00 DEBUG 24872 --- [electronico-backend] [           main] o.s.b.f.s.DefaultListableBeanFactory     : Creating shared instance of singleton bean 'productoService'
2024-12-29T22:25:40.995-05:00 DEBUG 24872 --- [electronico-backend] [           main] o.s.b.f.s.DefaultListableBeanFactory     : Autowiring by type from bean name 'productoService' via constructor to bean named 'productRepository'
2024-12-29T22:25:40.995-05:00 DEBUG 24872 --- [electronico-backend] [           main] o.s.b.f.s.DefaultListableBeanFactory     : Autowiring by type from bean name 'producController' via constructor to bean named 'productoService'
2024-12-29T22:25:40.996-05:00 DEBUG 24872 --- [electronico-backend] [           main] o.s.b.f.s.DefaultListableBeanFactory     : Creating shared instance of singleton bean 'data-mongo.repository-aot-processor#0'
2024-12-29T22:25:40.999-05:00 DEBUG 24872 --- [electronico-backend] [           main] o.s.b.f.s.DefaultListableBeanFactory     : Creating shared instance of singleton bean 'data-r2dbc.repository-aot-processor#0'
2024-12-29T22:25:41.001-05:00 DEBUG 24872 --- [electronico-backend] [           main] o.s.b.f.s.DefaultListableBeanFactory     : Creating shared instance of singleton bean 'org.springframework.boot.autoconfigure.context.PropertyPlaceholderAutoConfiguration'
2024-12-29T22:25:41.001-05:00 DEBUG 24872 --- [electronico-backend] [           main] o.s.b.f.s.DefaultListableBeanFactory     : Creating shared instance of singleton bean 'org.springframework.boot.autoconfigure.reactor.netty.ReactorNettyConfigurations$ReactorResourceFactoryConfiguration'
2024-12-29T22:25:41.001-05:00 DEBUG 24872 --- [electronico-backend] [           main] o.s.b.f.s.DefaultListableBeanFactory     : Creating shared instance of singleton bean 'reactorResourceFactory'
2024-12-29T22:25:41.002-05:00 DEBUG 24872 --- [electronico-backend] [           main] o.s.b.f.s.DefaultListableBeanFactory     : Creating shared instance of singleton bean 'spring.reactor.netty-org.springframework.boot.autoconfigure.reactor.netty.ReactorNettyProperties'
2024-12-29T22:25:41.003-05:00 DEBUG 24872 --- [electronico-backend] [           main] o.s.b.f.s.DefaultListableBeanFactory     : Autowiring by type from bean name 'reactorResourceFactory' via factory method to bean named 'spring.reactor.netty-org.springframework.boot.autoconfigure.reactor.netty.ReactorNettyProperties'
2024-12-29T22:25:41.004-05:00 DEBUG 24872 --- [electronico-backend] [           main] o.s.b.f.s.DefaultListableBeanFactory     : Creating shared instance of singleton bean 'org.springframework.boot.autoconfigure.web.reactive.ReactiveWebServerFactoryConfiguration$EmbeddedNetty'
2024-12-29T22:25:41.004-05:00 DEBUG 24872 --- [electronico-backend] [           main] o.s.b.f.s.DefaultListableBeanFactory     : Creating shared instance of singleton bean 'nettyReactiveWebServerFactory'
2024-12-29T22:25:41.005-05:00 DEBUG 24872 --- [electronico-backend] [           main] o.s.b.f.s.DefaultListableBeanFactory     : Autowiring by type from bean name 'nettyReactiveWebServerFactory' via factory method to bean named 'reactorResourceFactory'
2024-12-29T22:25:41.011-05:00 DEBUG 24872 --- [electronico-backend] [           main] o.s.b.f.s.DefaultListableBeanFactory     : Creating shared instance of singleton bean 'reactiveWebServerFactoryCustomizer'
2024-12-29T22:25:41.012-05:00 DEBUG 24872 --- [electronico-backend] [           main] o.s.b.f.s.DefaultListableBeanFactory     : Creating shared instance of singleton bean 'org.springframework.boot.autoconfigure.web.reactive.ReactiveWebServerFactoryAutoConfiguration'
2024-12-29T22:25:41.013-05:00 DEBUG 24872 --- [electronico-backend] [           main] o.s.b.f.s.DefaultListableBeanFactory     : Creating shared instance of singleton bean 'server-org.springframework.boot.autoconfigure.web.ServerProperties'
2024-12-29T22:25:41.023-05:00 DEBUG 24872 --- [electronico-backend] [           main] o.s.b.f.s.DefaultListableBeanFactory     : Autowiring by type from bean name 'reactiveWebServerFactoryCustomizer' via factory method to bean named 'server-org.springframework.boot.autoconfigure.web.ServerProperties'
2024-12-29T22:25:41.023-05:00 DEBUG 24872 --- [electronico-backend] [           main] o.s.b.f.s.DefaultListableBeanFactory     : Creating shared instance of singleton bean 'nettyWebServerFactoryCustomizer'
2024-12-29T22:25:41.024-05:00 DEBUG 24872 --- [electronico-backend] [           main] o.s.b.f.s.DefaultListableBeanFactory     : Creating shared instance of singleton bean 'org.springframework.boot.autoconfigure.web.embedded.EmbeddedWebServerFactoryCustomizerAutoConfiguration$NettyWebServerFactoryCustomizerConfiguration'
2024-12-29T22:25:41.024-05:00 DEBUG 24872 --- [electronico-backend] [           main] o.s.b.f.s.DefaultListableBeanFactory     : Autowiring by type from bean name 'nettyWebServerFactoryCustomizer' via factory method to bean named 'environment'
2024-12-29T22:25:41.025-05:00 DEBUG 24872 --- [electronico-backend] [           main] o.s.b.f.s.DefaultListableBeanFactory     : Autowiring by type from bean name 'nettyWebServerFactoryCustomizer' via factory method to bean named 'server-org.springframework.boot.autoconfigure.web.ServerProperties'
2024-12-29T22:25:41.038-05:00 DEBUG 24872 --- [electronico-backend] [           main] o.s.b.f.s.DefaultListableBeanFactory     : Creating shared instance of singleton bean 'org.springframework.boot.autoconfigure.jackson.JacksonAutoConfiguration$Jackson2ObjectMapperBuilderCustomizerConfiguration'
2024-12-29T22:25:41.039-05:00 DEBUG 24872 --- [electronico-backend] [           main] o.s.b.f.s.DefaultListableBeanFactory     : Creating shared instance of singleton bean 'standardJacksonObjectMapperBuilderCustomizer'
2024-12-29T22:25:41.040-05:00 DEBUG 24872 --- [electronico-backend] [           main] o.s.b.f.s.DefaultListableBeanFactory     : Creating shared instance of singleton bean 'spring.jackson-org.springframework.boot.autoconfigure.jackson.JacksonProperties'
2024-12-29T22:25:41.043-05:00 DEBUG 24872 --- [electronico-backend] [           main] o.s.b.f.s.DefaultListableBeanFactory     : Autowiring by type from bean name 'standardJacksonObjectMapperBuilderCustomizer' via factory method to bean named 'spring.jackson-org.springframework.boot.autoconfigure.jackson.JacksonProperties'
2024-12-29T22:25:41.044-05:00 DEBUG 24872 --- [electronico-backend] [           main] o.s.b.f.s.DefaultListableBeanFactory     : Creating shared instance of singleton bean 'parameterNamesModule'
2024-12-29T22:25:41.045-05:00 DEBUG 24872 --- [electronico-backend] [           main] o.s.b.f.s.DefaultListableBeanFactory     : Creating shared instance of singleton bean 'org.springframework.boot.autoconfigure.jackson.JacksonAutoConfiguration$ParameterNamesModuleConfiguration'
2024-12-29T22:25:41.049-05:00 DEBUG 24872 --- [electronico-backend] [           main] o.s.b.f.s.DefaultListableBeanFactory     : Creating shared instance of singleton bean 'jsonMixinModule'
2024-12-29T22:25:41.049-05:00 DEBUG 24872 --- [electronico-backend] [           main] o.s.b.f.s.DefaultListableBeanFactory     : Creating shared instance of singleton bean 'org.springframework.boot.autoconfigure.jackson.JacksonAutoConfiguration$JacksonMixinConfiguration'
2024-12-29T22:25:41.050-05:00 DEBUG 24872 --- [electronico-backend] [           main] o.s.b.f.s.DefaultListableBeanFactory     : Creating shared instance of singleton bean 'jsonMixinModuleEntries'
2024-12-29T22:25:41.051-05:00 DEBUG 24872 --- [electronico-backend] [           main] o.s.b.f.s.DefaultListableBeanFactory     : Autowiring by type from bean name 'jsonMixinModuleEntries' via factory method to bean named 'org.springframework.boot.web.reactive.context.GenericReactiveWebApplicationContext@5b69fd74'
2024-12-29T22:25:41.058-05:00 DEBUG 24872 --- [electronico-backend] [           main] o.s.b.f.s.DefaultListableBeanFactory     : Autowiring by type from bean name 'jsonMixinModule' via factory method to bean named 'org.springframework.boot.web.reactive.context.GenericReactiveWebApplicationContext@5b69fd74'
2024-12-29T22:25:41.058-05:00 DEBUG 24872 --- [electronico-backend] [           main] o.s.b.f.s.DefaultListableBeanFactory     : Autowiring by type from bean name 'jsonMixinModule' via factory method to bean named 'jsonMixinModuleEntries'
2024-12-29T22:25:41.060-05:00 DEBUG 24872 --- [electronico-backend] [           main] o.s.b.f.s.DefaultListableBeanFactory     : Creating shared instance of singleton bean 'jsonComponentModule'
2024-12-29T22:25:41.061-05:00 DEBUG 24872 --- [electronico-backend] [           main] o.s.b.f.s.DefaultListableBeanFactory     : Creating shared instance of singleton bean 'org.springframework.boot.autoconfigure.jackson.JacksonAutoConfiguration'
2024-12-29T22:25:41.066-05:00 DEBUG 24872 --- [electronico-backend] [           main] o.s.b.f.s.DefaultListableBeanFactory     : Creating shared instance of singleton bean 'org.springframework.boot.autoconfigure.jackson.JacksonAutoConfiguration$JacksonObjectMapperBuilderConfiguration'
2024-12-29T22:25:41.067-05:00 DEBUG 24872 --- [electronico-backend] [           main] o.s.b.f.s.DefaultListableBeanFactory     : Creating shared instance of singleton bean 'org.springframework.boot.autoconfigure.jackson.JacksonAutoConfiguration$JacksonObjectMapperConfiguration'
2024-12-29T22:25:41.067-05:00 DEBUG 24872 --- [electronico-backend] [           main] o.s.b.f.s.DefaultListableBeanFactory     : Creating shared instance of singleton bean 'jacksonObjectMapper'
2024-12-29T22:25:41.067-05:00 DEBUG 24872 --- [electronico-backend] [           main] o.s.b.f.s.DefaultListableBeanFactory     : Autowiring by type from bean name 'jacksonObjectMapperBuilder' via factory method to bean named 'org.springframework.boot.web.reactive.context.GenericReactiveWebApplicationContext@5b69fd74'
2024-12-29T22:25:41.067-05:00 DEBUG 24872 --- [electronico-backend] [           main] o.s.b.f.s.DefaultListableBeanFactory     : Autowiring by type from bean name 'jacksonObjectMapperBuilder' via factory method to bean named 'standardJacksonObjectMapperBuilderCustomizer'
2024-12-29T22:25:41.070-05:00 DEBUG 24872 --- [electronico-backend] [           main] o.s.b.f.s.DefaultListableBeanFactory     : Autowiring by type from bean name 'jacksonObjectMapper' via factory method to bean named 'jacksonObjectMapperBuilder'
2024-12-29T22:25:41.083-05:00 DEBUG 24872 --- [electronico-backend] [           main] o.s.b.f.s.DefaultListableBeanFactory     : Creating shared instance of singleton bean 'org.springframework.boot.autoconfigure.http.codec.CodecsAutoConfiguration$DefaultCodecsConfiguration'
2024-12-29T22:25:41.084-05:00 DEBUG 24872 --- [electronico-backend] [           main] o.s.b.f.s.DefaultListableBeanFactory     : Creating shared instance of singleton bean 'defaultCodecCustomizer'
2024-12-29T22:25:41.084-05:00 DEBUG 24872 --- [electronico-backend] [           main] o.s.b.f.s.DefaultListableBeanFactory     : Creating shared instance of singleton bean 'spring.codec-org.springframework.boot.autoconfigure.codec.CodecProperties'
2024-12-29T22:25:41.085-05:00 DEBUG 24872 --- [electronico-backend] [           main] o.s.b.f.s.DefaultListableBeanFactory     : Autowiring by type from bean name 'defaultCodecCustomizer' via factory method to bean named 'spring.codec-org.springframework.boot.autoconfigure.codec.CodecProperties'
2024-12-29T22:25:41.086-05:00 DEBUG 24872 --- [electronico-backend] [           main] o.s.b.f.s.DefaultListableBeanFactory     : Creating shared instance of singleton bean 'org.springframework.boot.autoconfigure.http.codec.CodecsAutoConfiguration$JacksonCodecConfiguration'
2024-12-29T22:25:41.086-05:00 DEBUG 24872 --- [electronico-backend] [           main] o.s.b.f.s.DefaultListableBeanFactory     : Creating shared instance of singleton bean 'jacksonCodecCustomizer'
2024-12-29T22:25:41.087-05:00 DEBUG 24872 --- [electronico-backend] [           main] o.s.b.f.s.DefaultListableBeanFactory     : Autowiring by type from bean name 'jacksonCodecCustomizer' via factory method to bean named 'jacksonObjectMapper'
2024-12-29T22:25:41.087-05:00 DEBUG 24872 --- [electronico-backend] [           main] o.s.b.f.s.DefaultListableBeanFactory     : Creating shared instance of singleton bean 'org.springframework.boot.autoconfigure.http.codec.CodecsAutoConfiguration'
2024-12-29T22:25:41.088-05:00 DEBUG 24872 --- [electronico-backend] [           main] o.s.b.f.s.DefaultListableBeanFactory     : Creating shared instance of singleton bean 'org.springframework.boot.autoconfigure.validation.ValidationAutoConfiguration'
2024-12-29T22:25:41.088-05:00 DEBUG 24872 --- [electronico-backend] [           main] o.s.b.f.s.DefaultListableBeanFactory     : Creating shared instance of singleton bean 'defaultValidator'
2024-12-29T22:25:41.088-05:00 DEBUG 24872 --- [electronico-backend] [           main] o.s.b.f.s.DefaultListableBeanFactory     : Autowiring by type from bean name 'defaultValidator' via factory method to bean named 'org.springframework.boot.web.reactive.context.GenericReactiveWebApplicationContext@5b69fd74'
2024-12-29T22:25:41.101-05:00 DEBUG 24872 --- [electronico-backend] [           main] o.s.b.f.s.DefaultListableBeanFactory     : Creating shared instance of singleton bean 'org.springframework.boot.autoconfigure.web.reactive.ReactiveMultipartAutoConfiguration'
2024-12-29T22:25:41.102-05:00 DEBUG 24872 --- [electronico-backend] [           main] o.s.b.f.s.DefaultListableBeanFactory     : Creating shared instance of singleton bean 'defaultPartHttpMessageReaderCustomizer'
2024-12-29T22:25:41.102-05:00 DEBUG 24872 --- [electronico-backend] [           main] o.s.b.f.s.DefaultListableBeanFactory     : Creating shared instance of singleton bean 'spring.webflux.multipart-org.springframework.boot.autoconfigure.web.reactive.ReactiveMultipartProperties'
2024-12-29T22:25:41.104-05:00 DEBUG 24872 --- [electronico-backend] [           main] o.s.b.f.s.DefaultListableBeanFactory     : Autowiring by type from bean name 'defaultPartHttpMessageReaderCustomizer' via factory method to bean named 'spring.webflux.multipart-org.springframework.boot.autoconfigure.web.reactive.ReactiveMultipartProperties'
2024-12-29T22:25:41.105-05:00 DEBUG 24872 --- [electronico-backend] [           main] o.s.b.f.s.DefaultListableBeanFactory     : Creating shared instance of singleton bean 'org.springframework.boot.autoconfigure.web.reactive.WebSessionIdResolverAutoConfiguration'
2024-12-29T22:25:41.105-05:00 DEBUG 24872 --- [electronico-backend] [           main] o.s.b.f.s.DefaultListableBeanFactory     : Creating shared instance of singleton bean 'spring.webflux-org.springframework.boot.autoconfigure.web.reactive.WebFluxProperties'
2024-12-29T22:25:41.107-05:00 DEBUG 24872 --- [electronico-backend] [           main] o.s.b.f.s.DefaultListableBeanFactory     : Autowiring by type from bean name 'org.springframework.boot.autoconfigure.web.reactive.WebSessionIdResolverAutoConfiguration' via constructor to bean named 'server-org.springframework.boot.autoconfigure.web.ServerProperties'
2024-12-29T22:25:41.107-05:00 DEBUG 24872 --- [electronico-backend] [           main] o.s.b.f.s.DefaultListableBeanFactory     : Autowiring by type from bean name 'org.springframework.boot.autoconfigure.web.reactive.WebSessionIdResolverAutoConfiguration' via constructor to bean named 'spring.webflux-org.springframework.boot.autoconfigure.web.reactive.WebFluxProperties'
2024-12-29T22:25:41.107-05:00 DEBUG 24872 --- [electronico-backend] [           main] o.s.b.f.s.DefaultListableBeanFactory     : Creating shared instance of singleton bean 'webSessionIdResolver'
2024-12-29T22:25:41.111-05:00 DEBUG 24872 --- [electronico-backend] [           main] o.s.b.f.s.DefaultListableBeanFactory     : Creating shared instance of singleton bean 'org.springframework.boot.autoconfigure.web.reactive.error.ErrorWebFluxAutoConfiguration'
2024-12-29T22:25:41.111-05:00 DEBUG 24872 --- [electronico-backend] [           main] o.s.b.f.s.DefaultListableBeanFactory     : Autowiring by type from bean name 'org.springframework.boot.autoconfigure.web.reactive.error.ErrorWebFluxAutoConfiguration' via constructor to bean named 'server-org.springframework.boot.autoconfigure.web.ServerProperties'
2024-12-29T22:25:41.111-05:00 DEBUG 24872 --- [electronico-backend] [           main] o.s.b.f.s.DefaultListableBeanFactory     : Creating shared instance of singleton bean 'errorWebExceptionHandler'
2024-12-29T22:25:41.112-05:00 DEBUG 24872 --- [electronico-backend] [           main] o.s.b.f.s.DefaultListableBeanFactory     : Creating shared instance of singleton bean 'errorAttributes'
2024-12-29T22:25:41.116-05:00 DEBUG 24872 --- [electronico-backend] [           main] o.s.b.f.s.DefaultListableBeanFactory     : Creating shared instance of singleton bean 'spring.web-org.springframework.boot.autoconfigure.web.WebProperties'
2024-12-29T22:25:41.120-05:00 DEBUG 24872 --- [electronico-backend] [           main] o.s.b.f.s.DefaultListableBeanFactory     : Creating shared instance of singleton bean 'serverCodecConfigurer'
2024-12-29T22:25:41.120-05:00 DEBUG 24872 --- [electronico-backend] [           main] o.s.b.f.s.DefaultListableBeanFactory     : Creating shared instance of singleton bean 'org.springframework.boot.autoconfigure.web.reactive.WebFluxAutoConfiguration$EnableWebFluxConfiguration'
2024-12-29T22:25:41.120-05:00 DEBUG 24872 --- [electronico-backend] [           main] o.s.b.f.s.DefaultListableBeanFactory     : Autowiring by type from bean name 'org.springframework.boot.autoconfigure.web.reactive.WebFluxAutoConfiguration$EnableWebFluxConfiguration' via constructor to bean named 'spring.webflux-org.springframework.boot.autoconfigure.web.reactive.WebFluxProperties'
2024-12-29T22:25:41.120-05:00 DEBUG 24872 --- [electronico-backend] [           main] o.s.b.f.s.DefaultListableBeanFactory     : Autowiring by type from bean name 'org.springframework.boot.autoconfigure.web.reactive.WebFluxAutoConfiguration$EnableWebFluxConfiguration' via constructor to bean named 'spring.web-org.springframework.boot.autoconfigure.web.WebProperties'
2024-12-29T22:25:41.120-05:00 DEBUG 24872 --- [electronico-backend] [           main] o.s.b.f.s.DefaultListableBeanFactory     : Autowiring by type from bean name 'org.springframework.boot.autoconfigure.web.reactive.WebFluxAutoConfiguration$EnableWebFluxConfiguration' via constructor to bean named 'server-org.springframework.boot.autoconfigure.web.ServerProperties'
2024-12-29T22:25:41.123-05:00 DEBUG 24872 --- [electronico-backend] [           main] o.s.b.f.s.DefaultListableBeanFactory     : Creating shared instance of singleton bean 'org.springframework.boot.autoconfigure.web.reactive.WebFluxAutoConfiguration$WebFluxConfig'
2024-12-29T22:25:41.126-05:00 DEBUG 24872 --- [electronico-backend] [           main] o.s.b.f.s.DefaultListableBeanFactory     : Autowiring by type from bean name 'org.springframework.boot.autoconfigure.web.reactive.WebFluxAutoConfiguration$WebFluxConfig' via constructor to bean named 'environment'
2024-12-29T22:25:41.126-05:00 DEBUG 24872 --- [electronico-backend] [           main] o.s.b.f.s.DefaultListableBeanFactory     : Autowiring by type from bean name 'org.springframework.boot.autoconfigure.web.reactive.WebFluxAutoConfiguration$WebFluxConfig' via constructor to bean named 'spring.web-org.springframework.boot.autoconfigure.web.WebProperties'
2024-12-29T22:25:41.126-05:00 DEBUG 24872 --- [electronico-backend] [           main] o.s.b.f.s.DefaultListableBeanFactory     : Autowiring by type from bean name 'org.springframework.boot.autoconfigure.web.reactive.WebFluxAutoConfiguration$WebFluxConfig' via constructor to bean named 'spring.webflux-org.springframework.boot.autoconfigure.web.reactive.WebFluxProperties'
2024-12-29T22:25:41.126-05:00 DEBUG 24872 --- [electronico-backend] [           main] o.s.b.f.s.DefaultListableBeanFactory     : Autowiring by type from bean name 'org.springframework.boot.autoconfigure.web.reactive.WebFluxAutoConfiguration$WebFluxConfig' via constructor to bean named 'org.springframework.beans.factory.support.DefaultListableBeanFactory@7bc9e6ab'
2024-12-29T22:25:41.195-05:00 DEBUG 24872 --- [electronico-backend] [           main] o.s.b.f.s.DefaultListableBeanFactory     : Autowiring by type from bean name 'errorWebExceptionHandler' via factory method to bean named 'errorAttributes'
2024-12-29T22:25:41.195-05:00 DEBUG 24872 --- [electronico-backend] [           main] o.s.b.f.s.DefaultListableBeanFactory     : Autowiring by type from bean name 'errorWebExceptionHandler' via factory method to bean named 'spring.web-org.springframework.boot.autoconfigure.web.WebProperties'
2024-12-29T22:25:41.195-05:00 DEBUG 24872 --- [electronico-backend] [           main] o.s.b.f.s.DefaultListableBeanFactory     : Autowiring by type from bean name 'errorWebExceptionHandler' via factory method to bean named 'serverCodecConfigurer'
2024-12-29T22:25:41.195-05:00 DEBUG 24872 --- [electronico-backend] [           main] o.s.b.f.s.DefaultListableBeanFactory     : Autowiring by type from bean name 'errorWebExceptionHandler' via factory method to bean named 'org.springframework.boot.web.reactive.context.GenericReactiveWebApplicationContext@5b69fd74'
2024-12-29T22:25:41.206-05:00 DEBUG 24872 --- [electronico-backend] [           main] o.s.b.f.s.DefaultListableBeanFactory     : Creating shared instance of singleton bean 'webFluxConversionService'
2024-12-29T22:25:41.210-05:00 DEBUG 24872 --- [electronico-backend] [           main] o.s.b.f.s.DefaultListableBeanFactory     : Creating shared instance of singleton bean 'webFluxValidator'
2024-12-29T22:25:41.212-05:00 DEBUG 24872 --- [electronico-backend] [           main] o.s.b.f.s.DefaultListableBeanFactory     : Creating shared instance of singleton bean 'localeContextResolver'
2024-12-29T22:25:41.215-05:00 DEBUG 24872 --- [electronico-backend] [           main] o.s.b.f.s.DefaultListableBeanFactory     : Creating shared instance of singleton bean 'webSessionManager'
2024-12-29T22:25:41.218-05:00 DEBUG 24872 --- [electronico-backend] [           main] o.s.b.f.s.DefaultListableBeanFactory     : Creating shared instance of singleton bean 'webHandler'
2024-12-29T22:25:41.220-05:00 DEBUG 24872 --- [electronico-backend] [           main] o.s.b.f.s.DefaultListableBeanFactory     : Creating shared instance of singleton bean 'requestMappingHandlerMapping'
2024-12-29T22:25:41.221-05:00 DEBUG 24872 --- [electronico-backend] [           main] o.s.b.f.s.DefaultListableBeanFactory     : Creating shared instance of singleton bean 'webFluxContentTypeResolver'
2024-12-29T22:25:41.224-05:00 DEBUG 24872 --- [electronico-backend] [           main] o.s.b.f.s.DefaultListableBeanFactory     : Autowiring by type from bean name 'requestMappingHandlerMapping' via factory method to bean named 'webFluxContentTypeResolver'
2024-12-29T22:25:41.300-05:00 DEBUG 24872 --- [electronico-backend] [           main] s.w.r.r.m.a.RequestMappingHandlerMapping : 10 mappings in 'requestMappingHandlerMapping'
2024-12-29T22:25:41.302-05:00 DEBUG 24872 --- [electronico-backend] [           main] o.s.b.f.s.DefaultListableBeanFactory     : Creating shared instance of singleton bean 'routerFunctionMapping'
2024-12-29T22:25:41.302-05:00 DEBUG 24872 --- [electronico-backend] [           main] o.s.b.f.s.DefaultListableBeanFactory     : Autowiring by type from bean name 'routerFunctionMapping' via factory method to bean named 'serverCodecConfigurer'
2024-12-29T22:25:41.305-05:00 DEBUG 24872 --- [electronico-backend] [           main] o.s.b.f.s.DefaultListableBeanFactory     : Creating shared instance of singleton bean 'resourceHandlerMapping'
2024-12-29T22:25:41.305-05:00 DEBUG 24872 --- [electronico-backend] [           main] o.s.b.f.s.DefaultListableBeanFactory     : Creating shared instance of singleton bean 'resourceUrlProvider'
2024-12-29T22:25:41.307-05:00 DEBUG 24872 --- [electronico-backend] [           main] o.s.b.f.s.DefaultListableBeanFactory     : Autowiring by type from bean name 'resourceHandlerMapping' via factory method to bean named 'resourceUrlProvider'
2024-12-29T22:25:41.319-05:00 DEBUG 24872 --- [electronico-backend] [           main] o.s.w.r.handler.SimpleUrlHandlerMapping  : Patterns [/webjars/**, /**] in 'resourceHandlerMapping'
2024-12-29T22:25:41.320-05:00 DEBUG 24872 --- [electronico-backend] [           main] o.s.b.f.s.DefaultListableBeanFactory     : Creating shared instance of singleton bean 'welcomePageRouterFunctionMapping'
2024-12-29T22:25:41.320-05:00 DEBUG 24872 --- [electronico-backend] [           main] o.s.b.f.s.DefaultListableBeanFactory     : Creating shared instance of singleton bean 'org.springframework.boot.autoconfigure.web.reactive.WebFluxAutoConfiguration$WelcomePageConfiguration'
2024-12-29T22:25:41.321-05:00 DEBUG 24872 --- [electronico-backend] [           main] o.s.b.f.s.DefaultListableBeanFactory     : Autowiring by type from bean name 'welcomePageRouterFunctionMapping' via factory method to bean named 'org.springframework.boot.web.reactive.context.GenericReactiveWebApplicationContext@5b69fd74'
2024-12-29T22:25:41.321-05:00 DEBUG 24872 --- [electronico-backend] [           main] o.s.b.f.s.DefaultListableBeanFactory     : Autowiring by type from bean name 'welcomePageRouterFunctionMapping' via factory method to bean named 'spring.webflux-org.springframework.boot.autoconfigure.web.reactive.WebFluxProperties'
2024-12-29T22:25:41.321-05:00 DEBUG 24872 --- [electronico-backend] [           main] o.s.b.f.s.DefaultListableBeanFactory     : Autowiring by type from bean name 'welcomePageRouterFunctionMapping' via factory method to bean named 'spring.web-org.springframework.boot.autoconfigure.web.WebProperties'
2024-12-29T22:25:41.326-05:00 DEBUG 24872 --- [electronico-backend] [           main] o.s.b.f.s.DefaultListableBeanFactory     : Creating shared instance of singleton bean 'requestMappingHandlerAdapter'
2024-12-29T22:25:41.327-05:00 DEBUG 24872 --- [electronico-backend] [           main] o.s.b.f.s.DefaultListableBeanFactory     : Creating shared instance of singleton bean 'webFluxAdapterRegistry'
2024-12-29T22:25:41.328-05:00 DEBUG 24872 --- [electronico-backend] [           main] o.s.b.f.s.DefaultListableBeanFactory     : Autowiring by type from bean name 'requestMappingHandlerAdapter' via factory method to bean named 'webFluxAdapterRegistry'
2024-12-29T22:25:41.329-05:00 DEBUG 24872 --- [electronico-backend] [           main] o.s.b.f.s.DefaultListableBeanFactory     : Autowiring by type from bean name 'requestMappingHandlerAdapter' via factory method to bean named 'serverCodecConfigurer'
2024-12-29T22:25:41.329-05:00 DEBUG 24872 --- [electronico-backend] [           main] o.s.b.f.s.DefaultListableBeanFactory     : Autowiring by type from bean name 'requestMappingHandlerAdapter' via factory method to bean named 'webFluxConversionService'
2024-12-29T22:25:41.329-05:00 DEBUG 24872 --- [electronico-backend] [           main] o.s.b.f.s.DefaultListableBeanFactory     : Autowiring by type from bean name 'requestMappingHandlerAdapter' via factory method to bean named 'webFluxContentTypeResolver'
2024-12-29T22:25:41.329-05:00 DEBUG 24872 --- [electronico-backend] [           main] o.s.b.f.s.DefaultListableBeanFactory     : Autowiring by type from bean name 'requestMappingHandlerAdapter' via factory method to bean named 'webFluxValidator'
2024-12-29T22:25:41.357-05:00 DEBUG 24872 --- [electronico-backend] [           main] o.s.w.r.r.m.a.ControllerMethodResolver   : ControllerAdvice beans: none
2024-12-29T22:25:41.357-05:00 DEBUG 24872 --- [electronico-backend] [           main] o.s.b.f.s.DefaultListableBeanFactory     : Creating shared instance of singleton bean 'handlerFunctionAdapter'
2024-12-29T22:25:41.358-05:00 DEBUG 24872 --- [electronico-backend] [           main] o.s.b.f.s.DefaultListableBeanFactory     : Creating shared instance of singleton bean 'simpleHandlerAdapter'
2024-12-29T22:25:41.359-05:00 DEBUG 24872 --- [electronico-backend] [           main] o.s.b.f.s.DefaultListableBeanFactory     : Creating shared instance of singleton bean 'webFluxWebSocketHandlerAdapter'
2024-12-29T22:25:41.367-05:00 DEBUG 24872 --- [electronico-backend] [           main] o.s.b.f.s.DefaultListableBeanFactory     : Creating shared instance of singleton bean 'responseEntityResultHandler'
2024-12-29T22:25:41.369-05:00 DEBUG 24872 --- [electronico-backend] [           main] o.s.b.f.s.DefaultListableBeanFactory     : Autowiring by type from bean name 'responseEntityResultHandler' via factory method to bean named 'webFluxAdapterRegistry'
2024-12-29T22:25:41.369-05:00 DEBUG 24872 --- [electronico-backend] [           main] o.s.b.f.s.DefaultListableBeanFactory     : Autowiring by type from bean name 'responseEntityResultHandler' via factory method to bean named 'serverCodecConfigurer'
2024-12-29T22:25:41.369-05:00 DEBUG 24872 --- [electronico-backend] [           main] o.s.b.f.s.DefaultListableBeanFactory     : Autowiring by type from bean name 'responseEntityResultHandler' via factory method to bean named 'webFluxContentTypeResolver'
2024-12-29T22:25:41.372-05:00 DEBUG 24872 --- [electronico-backend] [           main] o.s.b.f.s.DefaultListableBeanFactory     : Creating shared instance of singleton bean 'responseBodyResultHandler'
2024-12-29T22:25:41.372-05:00 DEBUG 24872 --- [electronico-backend] [           main] o.s.b.f.s.DefaultListableBeanFactory     : Autowiring by type from bean name 'responseBodyResultHandler' via factory method to bean named 'webFluxAdapterRegistry'
2024-12-29T22:25:41.372-05:00 DEBUG 24872 --- [electronico-backend] [           main] o.s.b.f.s.DefaultListableBeanFactory     : Autowiring by type from bean name 'responseBodyResultHandler' via factory method to bean named 'serverCodecConfigurer'
2024-12-29T22:25:41.372-05:00 DEBUG 24872 --- [electronico-backend] [           main] o.s.b.f.s.DefaultListableBeanFactory     : Autowiring by type from bean name 'responseBodyResultHandler' via factory method to bean named 'webFluxContentTypeResolver'
2024-12-29T22:25:41.373-05:00 DEBUG 24872 --- [electronico-backend] [           main] o.s.b.f.s.DefaultListableBeanFactory     : Creating shared instance of singleton bean 'viewResolutionResultHandler'
2024-12-29T22:25:41.374-05:00 DEBUG 24872 --- [electronico-backend] [           main] o.s.b.f.s.DefaultListableBeanFactory     : Autowiring by type from bean name 'viewResolutionResultHandler' via factory method to bean named 'webFluxAdapterRegistry'
2024-12-29T22:25:41.374-05:00 DEBUG 24872 --- [electronico-backend] [           main] o.s.b.f.s.DefaultListableBeanFactory     : Autowiring by type from bean name 'viewResolutionResultHandler' via factory method to bean named 'webFluxContentTypeResolver'
2024-12-29T22:25:41.379-05:00 DEBUG 24872 --- [electronico-backend] [           main] o.s.b.f.s.DefaultListableBeanFactory     : Creating shared instance of singleton bean 'serverResponseResultHandler'
2024-12-29T22:25:41.380-05:00 DEBUG 24872 --- [electronico-backend] [           main] o.s.b.f.s.DefaultListableBeanFactory     : Autowiring by type from bean name 'serverResponseResultHandler' via factory method to bean named 'serverCodecConfigurer'
2024-12-29T22:25:41.381-05:00 DEBUG 24872 --- [electronico-backend] [           main] o.s.b.f.s.DefaultListableBeanFactory     : Creating shared instance of singleton bean 'responseStatusExceptionHandler'
2024-12-29T22:25:41.382-05:00 DEBUG 24872 --- [electronico-backend] [           main] o.s.b.f.s.DefaultListableBeanFactory     : Creating shared instance of singleton bean 'org.springframework.boot.autoconfigure.web.reactive.WebFluxAutoConfiguration'
2024-12-29T22:25:41.385-05:00 DEBUG 24872 --- [electronico-backend] [           main] o.s.b.f.s.DefaultListableBeanFactory     : Creating shared instance of singleton bean 'org.springframework.boot.autoconfigure.web.reactive.HttpHandlerAutoConfiguration$AnnotationConfig'
2024-12-29T22:25:41.385-05:00 DEBUG 24872 --- [electronico-backend] [           main] o.s.b.f.s.DefaultListableBeanFactory     : Autowiring by type from bean name 'org.springframework.boot.autoconfigure.web.reactive.HttpHandlerAutoConfiguration$AnnotationConfig' via constructor to bean named 'org.springframework.boot.web.reactive.context.GenericReactiveWebApplicationContext@5b69fd74'
2024-12-29T22:25:41.385-05:00 DEBUG 24872 --- [electronico-backend] [           main] o.s.b.f.s.DefaultListableBeanFactory     : Creating shared instance of singleton bean 'httpHandler'
2024-12-29T22:25:41.397-05:00 DEBUG 24872 --- [electronico-backend] [           main] o.s.w.s.adapter.HttpWebHandlerAdapter    : enableLoggingRequestDetails='false': form data and headers will be masked to prevent unsafe logging of potentially sensitive data
2024-12-29T22:25:41.398-05:00 DEBUG 24872 --- [electronico-backend] [           main] o.s.b.f.s.DefaultListableBeanFactory     : Creating shared instance of singleton bean 'org.springframework.boot.autoconfigure.web.reactive.HttpHandlerAutoConfiguration'
2024-12-29T22:25:41.398-05:00 DEBUG 24872 --- [electronico-backend] [           main] o.s.b.f.s.DefaultListableBeanFactory     : Creating shared instance of singleton bean 'org.springframework.boot.autoconfigure.aop.AopAutoConfiguration$ClassProxyingConfiguration'
2024-12-29T22:25:41.399-05:00 DEBUG 24872 --- [electronico-backend] [           main] o.s.b.f.s.DefaultListableBeanFactory     : Creating shared instance of singleton bean 'org.springframework.boot.autoconfigure.aop.AopAutoConfiguration'
2024-12-29T22:25:41.399-05:00 DEBUG 24872 --- [electronico-backend] [           main] o.s.b.f.s.DefaultListableBeanFactory     : Creating shared instance of singleton bean 'org.springframework.boot.autoconfigure.availability.ApplicationAvailabilityAutoConfiguration'
2024-12-29T22:25:41.399-05:00 DEBUG 24872 --- [electronico-backend] [           main] o.s.b.f.s.DefaultListableBeanFactory     : Creating shared instance of singleton bean 'applicationAvailability'
2024-12-29T22:25:41.401-05:00 DEBUG 24872 --- [electronico-backend] [           main] o.s.b.f.s.DefaultListableBeanFactory     : Creating shared instance of singleton bean 'org.springframework.boot.autoconfigure.r2dbc.ConnectionFactoryConfigurations$PoolConfiguration'
2024-12-29T22:25:41.402-05:00 DEBUG 24872 --- [electronico-backend] [           main] o.s.b.f.s.DefaultListableBeanFactory     : Creating shared instance of singleton bean 'org.springframework.boot.autoconfigure.transaction.TransactionManagerCustomizationAutoConfiguration'
2024-12-29T22:25:41.402-05:00 DEBUG 24872 --- [electronico-backend] [           main] o.s.b.f.s.DefaultListableBeanFactory     : Creating shared instance of singleton bean 'platformTransactionManagerCustomizers'
2024-12-29T22:25:41.404-05:00 DEBUG 24872 --- [electronico-backend] [           main] o.s.b.f.s.DefaultListableBeanFactory     : Creating shared instance of singleton bean 'transactionExecutionListeners'
2024-12-29T22:25:41.405-05:00 DEBUG 24872 --- [electronico-backend] [           main] o.s.b.f.s.DefaultListableBeanFactory     : Creating shared instance of singleton bean 'spring.transaction-org.springframework.boot.autoconfigure.transaction.TransactionProperties'
2024-12-29T22:25:41.408-05:00 DEBUG 24872 --- [electronico-backend] [           main] o.s.b.f.s.DefaultListableBeanFactory     : Creating shared instance of singleton bean 'org.springframework.boot.autoconfigure.context.ConfigurationPropertiesAutoConfiguration'
2024-12-29T22:25:41.408-05:00 DEBUG 24872 --- [electronico-backend] [           main] o.s.b.f.s.DefaultListableBeanFactory     : Creating shared instance of singleton bean 'org.springframework.boot.autoconfigure.context.LifecycleAutoConfiguration'
2024-12-29T22:25:41.408-05:00 DEBUG 24872 --- [electronico-backend] [           main] o.s.b.f.s.DefaultListableBeanFactory     : Creating shared instance of singleton bean 'lifecycleProcessor'
2024-12-29T22:25:41.409-05:00 DEBUG 24872 --- [electronico-backend] [           main] o.s.b.f.s.DefaultListableBeanFactory     : Creating shared instance of singleton bean 'spring.lifecycle-org.springframework.boot.autoconfigure.context.LifecycleProperties'
2024-12-29T22:25:41.410-05:00 DEBUG 24872 --- [electronico-backend] [           main] o.s.b.f.s.DefaultListableBeanFactory     : Autowiring by type from bean name 'lifecycleProcessor' via factory method to bean named 'spring.lifecycle-org.springframework.boot.autoconfigure.context.LifecycleProperties'
2024-12-29T22:25:41.412-05:00 DEBUG 24872 --- [electronico-backend] [           main] o.s.b.f.s.DefaultListableBeanFactory     : Creating shared instance of singleton bean 'org.springframework.boot.autoconfigure.dao.PersistenceExceptionTranslationAutoConfiguration'
2024-12-29T22:25:41.412-05:00 DEBUG 24872 --- [electronico-backend] [           main] o.s.b.f.s.DefaultListableBeanFactory     : Creating shared instance of singleton bean 'org.springframework.boot.autoconfigure.data.mongo.MongoDatabaseFactoryDependentConfiguration'
2024-12-29T22:25:41.413-05:00 DEBUG 24872 --- [electronico-backend] [           main] o.s.b.f.s.DefaultListableBeanFactory     : Creating shared instance of singleton bean 'mongoTemplate'
2024-12-29T22:25:41.413-05:00 DEBUG 24872 --- [electronico-backend] [           main] o.s.b.f.s.DefaultListableBeanFactory     : Autowiring by type from bean name 'mongoTemplate' via factory method to bean named 'mongoDatabaseFactory'
2024-12-29T22:25:41.413-05:00 DEBUG 24872 --- [electronico-backend] [           main] o.s.b.f.s.DefaultListableBeanFactory     : Autowiring by type from bean name 'mongoTemplate' via factory method to bean named 'mappingMongoConverter'
2024-12-29T22:25:41.434-05:00 DEBUG 24872 --- [electronico-backend] [           main] o.s.b.f.s.DefaultListableBeanFactory     : Creating shared instance of singleton bean 'gridFsTemplate'
2024-12-29T22:25:41.435-05:00 DEBUG 24872 --- [electronico-backend] [           main] o.s.b.f.s.DefaultListableBeanFactory     : Autowiring by type from bean name 'gridFsTemplate' via factory method to bean named 'spring.data.mongodb-org.springframework.boot.autoconfigure.mongo.MongoProperties'
2024-12-29T22:25:41.435-05:00 DEBUG 24872 --- [electronico-backend] [           main] o.s.b.f.s.DefaultListableBeanFactory     : Autowiring by type from bean name 'gridFsTemplate' via factory method to bean named 'mongoDatabaseFactory'
2024-12-29T22:25:41.435-05:00 DEBUG 24872 --- [electronico-backend] [           main] o.s.b.f.s.DefaultListableBeanFactory     : Autowiring by type from bean name 'gridFsTemplate' via factory method to bean named 'mongoTemplate'
2024-12-29T22:25:41.435-05:00 DEBUG 24872 --- [electronico-backend] [           main] o.s.b.f.s.DefaultListableBeanFactory     : Autowiring by type from bean name 'gridFsTemplate' via factory method to bean named 'mongoConnectionDetails'
2024-12-29T22:25:41.440-05:00 DEBUG 24872 --- [electronico-backend] [           main] o.s.b.f.s.DefaultListableBeanFactory     : Creating shared instance of singleton bean 'org.springframework.boot.autoconfigure.data.mongo.MongoDataAutoConfiguration'
2024-12-29T22:25:41.441-05:00 DEBUG 24872 --- [electronico-backend] [           main] o.s.b.f.s.DefaultListableBeanFactory     : Creating shared instance of singleton bean 'dataBufferFactory'
2024-12-29T22:25:41.444-05:00 DEBUG 24872 --- [electronico-backend] [           main] o.s.b.f.s.DefaultListableBeanFactory     : Creating shared instance of singleton bean 'reactiveGridFsTemplate'
2024-12-29T22:25:41.445-05:00 DEBUG 24872 --- [electronico-backend] [           main] o.s.b.f.s.DefaultListableBeanFactory     : Autowiring by type from bean name 'reactiveGridFsTemplate' via factory method to bean named 'reactiveMongoDatabaseFactory'
2024-12-29T22:25:41.445-05:00 DEBUG 24872 --- [electronico-backend] [           main] o.s.b.f.s.DefaultListableBeanFactory     : Autowiring by type from bean name 'reactiveGridFsTemplate' via factory method to bean named 'mappingMongoConverter'
2024-12-29T22:25:41.445-05:00 DEBUG 24872 --- [electronico-backend] [           main] o.s.b.f.s.DefaultListableBeanFactory     : Autowiring by type from bean name 'reactiveGridFsTemplate' via factory method to bean named 'dataBufferFactory'
2024-12-29T22:25:41.450-05:00 DEBUG 24872 --- [electronico-backend] [           main] o.s.b.f.s.DefaultListableBeanFactory     : Creating shared instance of singleton bean 'org.springframework.boot.autoconfigure.data.mongo.MongoReactiveRepositoriesAutoConfiguration'
2024-12-29T22:25:41.450-05:00 DEBUG 24872 --- [electronico-backend] [           main] o.s.b.f.s.DefaultListableBeanFactory     : Creating shared instance of singleton bean 'data-mongo.repository-aot-processor#1'
2024-12-29T22:25:41.451-05:00 DEBUG 24872 --- [electronico-backend] [           main] o.s.b.f.s.DefaultListableBeanFactory     : Creating shared instance of singleton bean 'org.springframework.boot.autoconfigure.info.ProjectInfoAutoConfiguration'
2024-12-29T22:25:41.455-05:00 DEBUG 24872 --- [electronico-backend] [           main] o.s.b.f.s.DefaultListableBeanFactory     : Creating shared instance of singleton bean 'spring.info-org.springframework.boot.autoconfigure.info.ProjectInfoProperties'
2024-12-29T22:25:41.455-05:00 DEBUG 24872 --- [electronico-backend] [           main] o.s.b.f.s.DefaultListableBeanFactory     : Autowiring by type from bean name 'org.springframework.boot.autoconfigure.info.ProjectInfoAutoConfiguration' via constructor to bean named 'spring.info-org.springframework.boot.autoconfigure.info.ProjectInfoProperties'
2024-12-29T22:25:41.456-05:00 DEBUG 24872 --- [electronico-backend] [           main] o.s.b.f.s.DefaultListableBeanFactory     : Creating shared instance of singleton bean 'org.springframework.boot.autoconfigure.netty.NettyAutoConfiguration'
2024-12-29T22:25:41.456-05:00 DEBUG 24872 --- [electronico-backend] [           main] o.s.b.f.s.DefaultListableBeanFactory     : Creating shared instance of singleton bean 'spring.netty-org.springframework.boot.autoconfigure.netty.NettyProperties'
2024-12-29T22:25:41.457-05:00 DEBUG 24872 --- [electronico-backend] [           main] o.s.b.f.s.DefaultListableBeanFactory     : Autowiring by type from bean name 'org.springframework.boot.autoconfigure.netty.NettyAutoConfiguration' via constructor to bean named 'spring.netty-org.springframework.boot.autoconfigure.netty.NettyProperties'
2024-12-29T22:25:41.457-05:00 DEBUG 24872 --- [electronico-backend] [           main] o.s.b.f.s.DefaultListableBeanFactory     : Creating shared instance of singleton bean 'org.springframework.boot.autoconfigure.reactor.ReactorAutoConfiguration'
2024-12-29T22:25:41.458-05:00 DEBUG 24872 --- [electronico-backend] [           main] o.s.b.f.s.DefaultListableBeanFactory     : Creating shared instance of singleton bean 'spring.reactor-org.springframework.boot.autoconfigure.reactor.ReactorProperties'
2024-12-29T22:25:41.458-05:00 DEBUG 24872 --- [electronico-backend] [           main] o.s.b.f.s.DefaultListableBeanFactory     : Autowiring by type from bean name 'org.springframework.boot.autoconfigure.reactor.ReactorAutoConfiguration' via constructor to bean named 'spring.reactor-org.springframework.boot.autoconfigure.reactor.ReactorProperties'
2024-12-29T22:25:41.458-05:00 DEBUG 24872 --- [electronico-backend] [           main] o.s.b.f.s.DefaultListableBeanFactory     : Creating shared instance of singleton bean 'org.springframework.boot.autoconfigure.sql.init.R2dbcInitializationConfiguration'
2024-12-29T22:25:41.459-05:00 DEBUG 24872 --- [electronico-backend] [           main] o.s.b.f.s.DefaultListableBeanFactory     : Creating shared instance of singleton bean 'r2dbcScriptDatabaseInitializer'
2024-12-29T22:25:41.459-05:00 DEBUG 24872 --- [electronico-backend] [           main] o.s.b.f.s.DefaultListableBeanFactory     : Creating shared instance of singleton bean 'spring.sql.init-org.springframework.boot.autoconfigure.sql.init.SqlInitializationProperties'
2024-12-29T22:25:41.460-05:00 DEBUG 24872 --- [electronico-backend] [           main] o.s.b.f.s.DefaultListableBeanFactory     : Autowiring by type from bean name 'r2dbcScriptDatabaseInitializer' via factory method to bean named 'connectionFactory'
2024-12-29T22:25:41.460-05:00 DEBUG 24872 --- [electronico-backend] [           main] o.s.b.f.s.DefaultListableBeanFactory     : Autowiring by type from bean name 'r2dbcScriptDatabaseInitializer' via factory method to bean named 'spring.sql.init-org.springframework.boot.autoconfigure.sql.init.SqlInitializationProperties'
2024-12-29T22:25:41.467-05:00 DEBUG 24872 --- [electronico-backend] [           main] o.s.b.f.s.DefaultListableBeanFactory     : Creating shared instance of singleton bean 'org.springframework.boot.autoconfigure.sql.init.SqlInitializationAutoConfiguration'
2024-12-29T22:25:41.467-05:00 DEBUG 24872 --- [electronico-backend] [           main] o.s.b.f.s.DefaultListableBeanFactory     : Creating shared instance of singleton bean 'org.springframework.boot.autoconfigure.task.TaskExecutorConfigurations$ThreadPoolTaskExecutorBuilderConfiguration'
2024-12-29T22:25:41.467-05:00 DEBUG 24872 --- [electronico-backend] [           main] o.s.b.f.s.DefaultListableBeanFactory     : Creating shared instance of singleton bean 'threadPoolTaskExecutorBuilder'
2024-12-29T22:25:41.469-05:00 DEBUG 24872 --- [electronico-backend] [           main] o.s.b.f.s.DefaultListableBeanFactory     : Creating shared instance of singleton bean 'spring.task.execution-org.springframework.boot.autoconfigure.task.TaskExecutionProperties'
2024-12-29T22:25:41.470-05:00 DEBUG 24872 --- [electronico-backend] [           main] o.s.b.f.s.DefaultListableBeanFactory     : Autowiring by type from bean name 'threadPoolTaskExecutorBuilder' via factory method to bean named 'spring.task.execution-org.springframework.boot.autoconfigure.task.TaskExecutionProperties'
2024-12-29T22:25:41.472-05:00 DEBUG 24872 --- [electronico-backend] [           main] o.s.b.f.s.DefaultListableBeanFactory     : Creating shared instance of singleton bean 'org.springframework.boot.autoconfigure.task.TaskExecutorConfigurations$SimpleAsyncTaskExecutorBuilderConfiguration'
2024-12-29T22:25:41.473-05:00 DEBUG 24872 --- [electronico-backend] [           main] o.s.b.f.s.DefaultListableBeanFactory     : Autowiring by type from bean name 'org.springframework.boot.autoconfigure.task.TaskExecutorConfigurations$SimpleAsyncTaskExecutorBuilderConfiguration' via constructor to bean named 'spring.task.execution-org.springframework.boot.autoconfigure.task.TaskExecutionProperties'
2024-12-29T22:25:41.474-05:00 DEBUG 24872 --- [electronico-backend] [           main] o.s.b.f.s.DefaultListableBeanFactory     : Creating shared instance of singleton bean 'simpleAsyncTaskExecutorBuilder'
2024-12-29T22:25:41.475-05:00 DEBUG 24872 --- [electronico-backend] [           main] o.s.b.f.s.DefaultListableBeanFactory     : Creating shared instance of singleton bean 'org.springframework.boot.autoconfigure.task.TaskExecutorConfigurations$TaskExecutorConfiguration'
2024-12-29T22:25:41.476-05:00 DEBUG 24872 --- [electronico-backend] [           main] o.s.b.f.s.DefaultListableBeanFactory     : Creating shared instance of singleton bean 'org.springframework.boot.autoconfigure.task.TaskExecutionAutoConfiguration'
2024-12-29T22:25:41.476-05:00 DEBUG 24872 --- [electronico-backend] [           main] o.s.b.f.s.DefaultListableBeanFactory     : Creating shared instance of singleton bean 'org.springframework.boot.autoconfigure.task.TaskSchedulingConfigurations$ThreadPoolTaskSchedulerBuilderConfiguration'
2024-12-29T22:25:41.476-05:00 DEBUG 24872 --- [electronico-backend] [           main] o.s.b.f.s.DefaultListableBeanFactory     : Creating shared instance of singleton bean 'threadPoolTaskSchedulerBuilder'
2024-12-29T22:25:41.478-05:00 DEBUG 24872 --- [electronico-backend] [           main] o.s.b.f.s.DefaultListableBeanFactory     : Creating shared instance of singleton bean 'spring.task.scheduling-org.springframework.boot.autoconfigure.task.TaskSchedulingProperties'
2024-12-29T22:25:41.479-05:00 DEBUG 24872 --- [electronico-backend] [           main] o.s.b.f.s.DefaultListableBeanFactory     : Autowiring by type from bean name 'threadPoolTaskSchedulerBuilder' via factory method to bean named 'spring.task.scheduling-org.springframework.boot.autoconfigure.task.TaskSchedulingProperties'
2024-12-29T22:25:41.481-05:00 DEBUG 24872 --- [electronico-backend] [           main] o.s.b.f.s.DefaultListableBeanFactory     : Creating shared instance of singleton bean 'org.springframework.boot.autoconfigure.task.TaskSchedulingConfigurations$SimpleAsyncTaskSchedulerBuilderConfiguration'
2024-12-29T22:25:41.482-05:00 DEBUG 24872 --- [electronico-backend] [           main] o.s.b.f.s.DefaultListableBeanFactory     : Autowiring by type from bean name 'org.springframework.boot.autoconfigure.task.TaskSchedulingConfigurations$SimpleAsyncTaskSchedulerBuilderConfiguration' via constructor to bean named 'spring.task.scheduling-org.springframework.boot.autoconfigure.task.TaskSchedulingProperties'
2024-12-29T22:25:41.482-05:00 DEBUG 24872 --- [electronico-backend] [           main] o.s.b.f.s.DefaultListableBeanFactory     : Creating shared instance of singleton bean 'simpleAsyncTaskSchedulerBuilder'
2024-12-29T22:25:41.486-05:00 DEBUG 24872 --- [electronico-backend] [           main] o.s.b.f.s.DefaultListableBeanFactory     : Creating shared instance of singleton bean 'org.springframework.boot.autoconfigure.task.TaskSchedulingAutoConfiguration'
2024-12-29T22:25:41.487-05:00 DEBUG 24872 --- [electronico-backend] [           main] o.s.b.f.s.DefaultListableBeanFactory     : Creating shared instance of singleton bean 'org.springframework.boot.autoconfigure.jdbc.DataSourceTransactionManagerAutoConfiguration'
2024-12-29T22:25:41.487-05:00 DEBUG 24872 --- [electronico-backend] [           main] o.s.b.f.s.DefaultListableBeanFactory     : Creating shared instance of singleton bean 'spring.datasource-org.springframework.boot.autoconfigure.jdbc.DataSourceProperties'
2024-12-29T22:25:41.490-05:00 DEBUG 24872 --- [electronico-backend] [           main] o.s.b.f.s.DefaultListableBeanFactory     : Creating shared instance of singleton bean 'org.springframework.boot.autoconfigure.r2dbc.R2dbcTransactionManagerAutoConfiguration'
2024-12-29T22:25:41.491-05:00 DEBUG 24872 --- [electronico-backend] [           main] o.s.b.f.s.DefaultListableBeanFactory     : Creating shared instance of singleton bean 'connectionFactoryTransactionManager'
2024-12-29T22:25:41.491-05:00 DEBUG 24872 --- [electronico-backend] [           main] o.s.b.f.s.DefaultListableBeanFactory     : Autowiring by type from bean name 'connectionFactoryTransactionManager' via factory method to bean named 'connectionFactory'
2024-12-29T22:25:41.496-05:00 DEBUG 24872 --- [electronico-backend] [           main] o.s.b.f.s.DefaultListableBeanFactory     : Creating shared instance of singleton bean 'org.springframework.boot.autoconfigure.transaction.TransactionAutoConfiguration$EnableTransactionManagementConfiguration$CglibAutoProxyConfiguration'
2024-12-29T22:25:41.497-05:00 DEBUG 24872 --- [electronico-backend] [           main] o.s.b.f.s.DefaultListableBeanFactory     : Creating shared instance of singleton bean 'org.springframework.boot.autoconfigure.transaction.TransactionAutoConfiguration$EnableTransactionManagementConfiguration'
2024-12-29T22:25:41.497-05:00 DEBUG 24872 --- [electronico-backend] [           main] o.s.b.f.s.DefaultListableBeanFactory     : Creating shared instance of singleton bean 'org.springframework.boot.autoconfigure.transaction.TransactionAutoConfiguration'
2024-12-29T22:25:41.497-05:00 DEBUG 24872 --- [electronico-backend] [           main] o.s.b.f.s.DefaultListableBeanFactory     : Creating shared instance of singleton bean 'transactionalOperator'
2024-12-29T22:25:41.498-05:00 DEBUG 24872 --- [electronico-backend] [           main] o.s.b.f.s.DefaultListableBeanFactory     : Autowiring by type from bean name 'transactionalOperator' via factory method to bean named 'connectionFactoryTransactionManager'
2024-12-29T22:25:41.502-05:00 DEBUG 24872 --- [electronico-backend] [           main] o.s.b.f.s.DefaultListableBeanFactory     : Creating shared instance of singleton bean 'org.springframework.boot.autoconfigure.web.embedded.EmbeddedWebServerFactoryCustomizerAutoConfiguration'
2024-12-29T22:25:41.502-05:00 DEBUG 24872 --- [electronico-backend] [           main] o.s.b.f.s.DefaultListableBeanFactory     : Creating shared instance of singleton bean 'org.springframework.boot.autoconfigure.web.reactive.function.client.ClientHttpConnectorFactoryConfiguration$ReactorNetty'
2024-12-29T22:25:41.503-05:00 DEBUG 24872 --- [electronico-backend] [           main] o.s.b.f.s.DefaultListableBeanFactory     : Creating shared instance of singleton bean 'reactorClientHttpConnectorFactory'
2024-12-29T22:25:41.503-05:00 DEBUG 24872 --- [electronico-backend] [           main] o.s.b.f.s.DefaultListableBeanFactory     : Autowiring by type from bean name 'reactorClientHttpConnectorFactory' via factory method to bean named 'reactorResourceFactory'
2024-12-29T22:25:41.505-05:00 DEBUG 24872 --- [electronico-backend] [           main] o.s.b.f.s.DefaultListableBeanFactory     : Creating shared instance of singleton bean 'org.springframework.boot.autoconfigure.web.reactive.function.client.ClientHttpConnectorAutoConfiguration'
2024-12-29T22:25:41.505-05:00 DEBUG 24872 --- [electronico-backend] [           main] o.s.b.f.s.DefaultListableBeanFactory     : Creating shared instance of singleton bean 'org.springframework.boot.autoconfigure.web.reactive.function.client.WebClientAutoConfiguration$WebClientCodecsConfiguration'
2024-12-29T22:25:41.506-05:00 DEBUG 24872 --- [electronico-backend] [           main] o.s.b.f.s.DefaultListableBeanFactory     : Creating shared instance of singleton bean 'exchangeStrategiesCustomizer'
2024-12-29T22:25:41.506-05:00 DEBUG 24872 --- [electronico-backend] [           main] o.s.b.f.s.DefaultListableBeanFactory     : Creating shared instance of singleton bean 'org.springframework.boot.autoconfigure.web.reactive.function.client.WebClientAutoConfiguration'
2024-12-29T22:25:41.507-05:00 DEBUG 24872 --- [electronico-backend] [           main] o.s.b.f.s.DefaultListableBeanFactory     : Creating shared instance of singleton bean 'webClientSsl'
2024-12-29T22:25:41.507-05:00 DEBUG 24872 --- [electronico-backend] [           main] o.s.b.f.s.DefaultListableBeanFactory     : Autowiring by type from bean name 'webClientSsl' via factory method to bean named 'reactorClientHttpConnectorFactory'
2024-12-29T22:25:41.507-05:00 DEBUG 24872 --- [electronico-backend] [           main] o.s.b.f.s.DefaultListableBeanFactory     : Autowiring by type from bean name 'webClientSsl' via factory method to bean named 'sslBundleRegistry'
2024-12-29T22:25:41.514-05:00 DEBUG 24872 --- [electronico-backend] [           main] o.s.b.f.s.DefaultListableBeanFactory     : Creating shared instance of singleton bean 'applicationTaskExecutor'
2024-12-29T22:25:41.515-05:00 DEBUG 24872 --- [electronico-backend] [           main] o.s.b.f.s.DefaultListableBeanFactory     : Autowiring by type from bean name 'applicationTaskExecutor' via factory method to bean named 'threadPoolTaskExecutorBuilder'
2024-12-29T22:25:41.520-05:00 DEBUG 24872 --- [electronico-backend] [           main] o.s.s.concurrent.ThreadPoolTaskExecutor  : Initializing ExecutorService 'applicationTaskExecutor'
2024-12-29T22:25:41.525-05:00 DEBUG 24872 --- [electronico-backend] [           main] o.s.c.support.DefaultLifecycleProcessor  : Starting beans in phase -2147483647
2024-12-29T22:25:41.525-05:00 DEBUG 24872 --- [electronico-backend] [           main] o.s.c.support.DefaultLifecycleProcessor  : Successfully started bean 'springBootLoggingLifecycle'
2024-12-29T22:25:41.525-05:00 DEBUG 24872 --- [electronico-backend] [           main] o.s.c.support.DefaultLifecycleProcessor  : Starting beans in phase 0
2024-12-29T22:25:41.531-05:00 DEBUG 24872 --- [electronico-backend] [           main] o.s.c.support.DefaultLifecycleProcessor  : Successfully started bean 'reactorResourceFactory'
2024-12-29T22:25:41.532-05:00 DEBUG 24872 --- [electronico-backend] [           main] o.s.c.support.DefaultLifecycleProcessor  : Starting beans in phase 1073741823
2024-12-29T22:25:41.544-05:00 DEBUG 24872 --- [electronico-backend] [           main] .s.b.a.l.ConditionEvaluationReportLogger : 


============================
CONDITIONS EVALUATION REPORT
============================


Positive matches:
-----------------

   AopAutoConfiguration matched:
      - @ConditionalOnProperty (spring.aop.auto=true) matched (OnPropertyCondition)

   AopAutoConfiguration.ClassProxyingConfiguration matched:
      - @ConditionalOnMissingClass did not find unwanted class 'org.aspectj.weaver.Advice' (OnClassCondition)
      - @ConditionalOnProperty (spring.aop.proxy-target-class=true) matched (OnPropertyCondition)

   ApplicationAvailabilityAutoConfiguration#applicationAvailability matched:
      - @ConditionalOnMissingBean (types: org.springframework.boot.availability.ApplicationAvailability; SearchStrategy: all) did not find any beans (OnBeanCondition)

   ClientHttpConnectorAutoConfiguration matched:
      - @ConditionalOnClass found required class 'org.springframework.web.reactive.function.client.WebClient' (OnClassCondition)

   ClientHttpConnectorAutoConfiguration#webClientHttpConnector matched:
      - @ConditionalOnMissingBean (types: org.springframework.http.client.reactive.ClientHttpConnector; SearchStrategy: all) did not find any beans (OnBeanCondition)

   ClientHttpConnectorAutoConfiguration#webClientHttpConnectorCustomizer matched:
      - @ConditionalOnBean (types: org.springframework.http.client.reactive.ClientHttpConnector; SearchStrategy: all) found bean 'webClientHttpConnector' (OnBeanCondition)

   ClientHttpConnectorFactoryConfiguration.ReactorNetty matched:
      - @ConditionalOnClass found required class 'reactor.netty.http.client.HttpClient' (OnClassCondition)
      - @ConditionalOnMissingBean (types: org.springframework.boot.autoconfigure.web.reactive.function.client.ClientHttpConnectorFactory; SearchStrategy: all) did not find any beans (OnBeanCondition)

   CodecsAutoConfiguration matched:
      - @ConditionalOnClass found required classes 'org.springframework.http.codec.CodecConfigurer', 'org.springframework.web.reactive.function.client.WebClient' (OnClassCondition)

   CodecsAutoConfiguration.JacksonCodecConfiguration matched:
      - @ConditionalOnClass found required class 'com.fasterxml.jackson.databind.ObjectMapper' (OnClassCondition)

   CodecsAutoConfiguration.JacksonCodecConfiguration#jacksonCodecCustomizer matched:
      - @ConditionalOnBean (types: com.fasterxml.jackson.databind.ObjectMapper; SearchStrategy: all) found bean 'jacksonObjectMapper' (OnBeanCondition)

   ConnectionFactoryConfigurations.PoolConfiguration matched:
      - Property-based pooling is enabled (ConnectionFactoryConfigurations.PooledConnectionFactoryCondition)
      - @ConditionalOnMissingBean (types: io.r2dbc.spi.ConnectionFactory; SearchStrategy: all) did not find any beans (OnBeanCondition)

   ConnectionFactoryConfigurations.PoolConfiguration.PooledConnectionFactoryConfiguration matched:
      - @ConditionalOnClass found required class 'io.r2dbc.pool.ConnectionPool' (OnClassCondition)

   ConnectionFactoryDependentConfiguration matched:
      - @ConditionalOnClass found required class 'org.springframework.r2dbc.core.DatabaseClient' (OnClassCondition)
      - @ConditionalOnSingleCandidate (types: io.r2dbc.spi.ConnectionFactory; SearchStrategy: all) found a single bean 'connectionFactory' (OnBeanCondition)

   ConnectionFactoryDependentConfiguration#r2dbcDatabaseClient matched:
      - @ConditionalOnMissingBean (types: org.springframework.r2dbc.core.DatabaseClient; SearchStrategy: all) did not find any beans (OnBeanCondition)

   DataSourceTransactionManagerAutoConfiguration matched:
      - @ConditionalOnClass found required classes 'javax.sql.DataSource', 'org.springframework.jdbc.core.JdbcTemplate', 'org.springframework.transaction.TransactionManager' (OnClassCondition)

   EmbeddedWebServerFactoryCustomizerAutoConfiguration matched:
      - @ConditionalOnWebApplication (required) found ConfigurableReactiveWebEnvironment (OnWebApplicationCondition)
      - @ConditionalOnWarDeployment the application is not deployed as a WAR file. (OnWarDeploymentCondition)

   EmbeddedWebServerFactoryCustomizerAutoConfiguration.NettyWebServerFactoryCustomizerConfiguration matched:
      - @ConditionalOnClass found required class 'reactor.netty.http.server.HttpServer' (OnClassCondition)

   ErrorWebFluxAutoConfiguration matched:
      - @ConditionalOnClass found required class 'org.springframework.web.reactive.config.WebFluxConfigurer' (OnClassCondition)
      - found ConfigurableReactiveWebEnvironment (OnWebApplicationCondition)

   ErrorWebFluxAutoConfiguration#errorAttributes matched:
      - @ConditionalOnMissingBean (types: org.springframework.boot.web.reactive.error.ErrorAttributes; SearchStrategy: current) did not find any beans (OnBeanCondition)

   ErrorWebFluxAutoConfiguration#errorWebExceptionHandler matched:
      - @ConditionalOnMissingBean (types: org.springframework.boot.web.reactive.error.ErrorWebExceptionHandler; SearchStrategy: current) did not find any beans (OnBeanCondition)

   GenericCacheConfiguration matched:
      - Cache org.springframework.boot.autoconfigure.cache.GenericCacheConfiguration automatic cache type (CacheCondition)

   HttpHandlerAutoConfiguration matched:
      - @ConditionalOnClass found required classes 'org.springframework.web.reactive.DispatcherHandler', 'org.springframework.http.server.reactive.HttpHandler' (OnClassCondition)
      - found ConfigurableReactiveWebEnvironment (OnWebApplicationCondition)
      - @ConditionalOnMissingBean (types: org.springframework.http.server.reactive.HttpHandler; SearchStrategy: all) did not find any beans (OnBeanCondition)

   JacksonAutoConfiguration matched:
      - @ConditionalOnClass found required class 'com.fasterxml.jackson.databind.ObjectMapper' (OnClassCondition)

   JacksonAutoConfiguration.Jackson2ObjectMapperBuilderCustomizerConfiguration matched:
      - @ConditionalOnClass found required class 'org.springframework.http.converter.json.Jackson2ObjectMapperBuilder' (OnClassCondition)

   JacksonAutoConfiguration.JacksonObjectMapperBuilderConfiguration matched:
      - @ConditionalOnClass found required class 'org.springframework.http.converter.json.Jackson2ObjectMapperBuilder' (OnClassCondition)

   JacksonAutoConfiguration.JacksonObjectMapperBuilderConfiguration#jacksonObjectMapperBuilder matched:
      - @ConditionalOnMissingBean (types: org.springframework.http.converter.json.Jackson2ObjectMapperBuilder; SearchStrategy: all) did not find any beans (OnBeanCondition)

   JacksonAutoConfiguration.JacksonObjectMapperConfiguration matched:
      - @ConditionalOnClass found required class 'org.springframework.http.converter.json.Jackson2ObjectMapperBuilder' (OnClassCondition)

   JacksonAutoConfiguration.JacksonObjectMapperConfiguration#jacksonObjectMapper matched:
      - @ConditionalOnMissingBean (types: com.fasterxml.jackson.databind.ObjectMapper; SearchStrategy: all) did not find any beans (OnBeanCondition)

   JacksonAutoConfiguration.ParameterNamesModuleConfiguration matched:
      - @ConditionalOnClass found required class 'com.fasterxml.jackson.module.paramnames.ParameterNamesModule' (OnClassCondition)

   JacksonAutoConfiguration.ParameterNamesModuleConfiguration#parameterNamesModule matched:
      - @ConditionalOnMissingBean (types: com.fasterxml.jackson.module.paramnames.ParameterNamesModule; SearchStrategy: all) did not find any beans (OnBeanCondition)

   LifecycleAutoConfiguration#defaultLifecycleProcessor matched:
      - @ConditionalOnMissingBean (names: lifecycleProcessor; SearchStrategy: current) did not find any beans (OnBeanCondition)

   MongoAutoConfiguration matched:
      - @ConditionalOnClass found required class 'com.mongodb.client.MongoClient' (OnClassCondition)
      - @ConditionalOnMissingBean (types: org.springframework.data.mongodb.MongoDatabaseFactory; SearchStrategy: all) did not find any beans (OnBeanCondition)

   MongoAutoConfiguration#mongo matched:
      - @ConditionalOnMissingBean (types: com.mongodb.client.MongoClient; SearchStrategy: all) did not find any beans (OnBeanCondition)

   MongoAutoConfiguration#mongoConnectionDetails matched:
      - @ConditionalOnMissingBean (types: org.springframework.boot.autoconfigure.mongo.MongoConnectionDetails; SearchStrategy: all) did not find any beans (OnBeanCondition)

   MongoAutoConfiguration.MongoClientSettingsConfiguration matched:
      - @ConditionalOnMissingBean (types: com.mongodb.MongoClientSettings; SearchStrategy: all) did not find any beans (OnBeanCondition)

   MongoDataAutoConfiguration matched:
      - @ConditionalOnClass found required classes 'com.mongodb.client.MongoClient', 'org.springframework.data.mongodb.core.MongoTemplate' (OnClassCondition)

   MongoDataConfiguration#mappingMongoConverter matched:
      - @ConditionalOnMissingBean (types: org.springframework.data.mongodb.core.convert.MongoConverter; SearchStrategy: all) did not find any beans (OnBeanCondition)

   MongoDataConfiguration#mongoCustomConversions matched:
      - @ConditionalOnMissingBean (types: org.springframework.data.mongodb.core.convert.MongoCustomConversions; SearchStrategy: all) did not find any beans (OnBeanCondition)

   MongoDataConfiguration#mongoManagedTypes matched:
      - @ConditionalOnMissingBean (types: org.springframework.data.mongodb.MongoManagedTypes; SearchStrategy: all) did not find any beans (OnBeanCondition)

   MongoDataConfiguration#mongoMappingContext matched:
      - @ConditionalOnMissingBean (types: org.springframework.data.mongodb.core.mapping.MongoMappingContext; SearchStrategy: all) did not find any beans (OnBeanCondition)

   MongoDatabaseFactoryConfiguration matched:
      - @ConditionalOnSingleCandidate (types: com.mongodb.client.MongoClient; SearchStrategy: all) found a single bean 'mongo'; @ConditionalOnMissingBean (types: org.springframework.data.mongodb.MongoDatabaseFactory; SearchStrategy: all) did not find any beans (OnBeanCondition)

   MongoDatabaseFactoryDependentConfiguration matched:
      - @ConditionalOnBean (types: org.springframework.data.mongodb.MongoDatabaseFactory; SearchStrategy: all) found bean 'mongoDatabaseFactory' (OnBeanCondition)

   MongoDatabaseFactoryDependentConfiguration#gridFsTemplate matched:
      - @ConditionalOnMissingBean (types: org.springframework.data.mongodb.gridfs.GridFsOperations; SearchStrategy: all) did not find any beans (OnBeanCondition)

   MongoDatabaseFactoryDependentConfiguration#mongoTemplate matched:
      - @ConditionalOnMissingBean (types: org.springframework.data.mongodb.core.MongoOperations; SearchStrategy: all) did not find any beans (OnBeanCondition)

   MongoReactiveAutoConfiguration matched:
      - @ConditionalOnClass found required classes 'com.mongodb.reactivestreams.client.MongoClient', 'reactor.core.publisher.Flux' (OnClassCondition)

   MongoReactiveAutoConfiguration#reactiveStreamsMongoClient matched:
      - @ConditionalOnMissingBean (types: com.mongodb.reactivestreams.client.MongoClient; SearchStrategy: all) did not find any beans (OnBeanCondition)

   MongoReactiveAutoConfiguration.NettyDriverConfiguration matched:
      - @ConditionalOnClass found required classes 'io.netty.channel.socket.SocketChannel', 'io.netty.channel.nio.NioEventLoopGroup' (OnClassCondition)

   MongoReactiveDataAutoConfiguration matched:
      - @ConditionalOnClass found required classes 'com.mongodb.reactivestreams.client.MongoClient', 'org.springframework.data.mongodb.core.ReactiveMongoTemplate' (OnClassCondition)
      - @ConditionalOnBean (types: com.mongodb.reactivestreams.client.MongoClient; SearchStrategy: all) found bean 'reactiveStreamsMongoClient' (OnBeanCondition)

   MongoReactiveDataAutoConfiguration#dataBufferFactory matched:
      - @ConditionalOnMissingBean (types: org.springframework.core.io.buffer.DataBufferFactory; SearchStrategy: all) did not find any beans (OnBeanCondition)

   MongoReactiveDataAutoConfiguration#reactiveGridFsTemplate matched:
      - @ConditionalOnMissingBean (types: org.springframework.data.mongodb.gridfs.ReactiveGridFsOperations; SearchStrategy: all) did not find any beans (OnBeanCondition)

   MongoReactiveDataAutoConfiguration#reactiveMongoDatabaseFactory matched:
      - @ConditionalOnMissingBean (types: org.springframework.data.mongodb.ReactiveMongoDatabaseFactory; SearchStrategy: all) did not find any beans (OnBeanCondition)

   MongoReactiveDataAutoConfiguration#reactiveMongoTemplate matched:
      - @ConditionalOnMissingBean (types: org.springframework.data.mongodb.core.ReactiveMongoOperations; SearchStrategy: all) did not find any beans (OnBeanCondition)

   MongoReactiveRepositoriesAutoConfiguration matched:
      - @ConditionalOnClass found required classes 'com.mongodb.reactivestreams.client.MongoClient', 'org.springframework.data.mongodb.repository.ReactiveMongoRepository' (OnClassCondition)
      - @ConditionalOnRepositoryType configured type of 'AUTO' matched required type (OnRepositoryTypeCondition)
      - @ConditionalOnMissingBean (types: org.springframework.data.mongodb.repository.support.ReactiveMongoRepositoryFactoryBean,org.springframework.data.mongodb.repository.config.ReactiveMongoRepositoryConfigurationExtension; SearchStrategy: all) did not find any beans (OnBeanCondition)

   NettyAutoConfiguration matched:
      - @ConditionalOnClass found required class 'io.netty.util.NettyRuntime' (OnClassCondition)

   NoOpCacheConfiguration matched:
      - Cache org.springframework.boot.autoconfigure.cache.NoOpCacheConfiguration automatic cache type (CacheCondition)

   PersistenceExceptionTranslationAutoConfiguration matched:
      - @ConditionalOnClass found required class 'org.springframework.dao.annotation.PersistenceExceptionTranslationPostProcessor' (OnClassCondition)

   PersistenceExceptionTranslationAutoConfiguration#persistenceExceptionTranslationPostProcessor matched:
      - @ConditionalOnProperty (spring.dao.exceptiontranslation.enabled) matched (OnPropertyCondition)
      - @ConditionalOnMissingBean (types: org.springframework.dao.annotation.PersistenceExceptionTranslationPostProcessor; SearchStrategy: all) did not find any beans (OnBeanCondition)

   PropertyPlaceholderAutoConfiguration#propertySourcesPlaceholderConfigurer matched:
      - @ConditionalOnMissingBean (types: org.springframework.context.support.PropertySourcesPlaceholderConfigurer; SearchStrategy: current) did not find any beans (OnBeanCondition)

   R2dbcAutoConfiguration matched:
      - @ConditionalOnClass found required class 'io.r2dbc.spi.ConnectionFactory' (OnClassCondition)
      - @ConditionalOnResource found location classpath:META-INF/services/io.r2dbc.spi.ConnectionFactoryProvider (OnResourceCondition)

   R2dbcAutoConfiguration#propertiesR2dbcConnectionDetails matched:
      - @ConditionalOnProperty (spring.r2dbc.url) matched (OnPropertyCondition)
      - @ConditionalOnMissingBean (types: org.springframework.boot.autoconfigure.r2dbc.R2dbcConnectionDetails; SearchStrategy: all) did not find any beans (OnBeanCondition)

   R2dbcDataAutoConfiguration matched:
      - @ConditionalOnClass found required classes 'org.springframework.r2dbc.core.DatabaseClient', 'org.springframework.data.r2dbc.core.R2dbcEntityTemplate' (OnClassCondition)
      - @ConditionalOnSingleCandidate (types: org.springframework.r2dbc.core.DatabaseClient; SearchStrategy: all) found a single bean 'r2dbcDatabaseClient' (OnBeanCondition)

   R2dbcDataAutoConfiguration#r2dbcConverter matched:
      - @ConditionalOnMissingBean (types: org.springframework.data.r2dbc.convert.MappingR2dbcConverter; SearchStrategy: all) did not find any beans (OnBeanCondition)

   R2dbcDataAutoConfiguration#r2dbcCustomConversions matched:
      - @ConditionalOnMissingBean (types: org.springframework.data.r2dbc.convert.R2dbcCustomConversions; SearchStrategy: all) did not find any beans (OnBeanCondition)

   R2dbcDataAutoConfiguration#r2dbcEntityTemplate matched:
      - @ConditionalOnMissingBean (types: org.springframework.data.r2dbc.core.R2dbcEntityTemplate; SearchStrategy: all) did not find any beans (OnBeanCondition)

   R2dbcDataAutoConfiguration#r2dbcManagedTypes matched:
      - @ConditionalOnMissingBean (types: org.springframework.data.relational.RelationalManagedTypes; SearchStrategy: all) did not find any beans (OnBeanCondition)

   R2dbcDataAutoConfiguration#r2dbcMappingContext matched:
      - @ConditionalOnMissingBean (types: org.springframework.data.r2dbc.mapping.R2dbcMappingContext; SearchStrategy: all) did not find any beans (OnBeanCondition)

   R2dbcInitializationConfiguration matched:
      - @ConditionalOnClass found required classes 'io.r2dbc.spi.ConnectionFactory', 'org.springframework.r2dbc.connection.init.DatabasePopulator' (OnClassCondition)
      - @ConditionalOnSingleCandidate (types: io.r2dbc.spi.ConnectionFactory; SearchStrategy: all) found a single bean 'connectionFactory'; @ConditionalOnMissingBean (types: org.springframework.boot.autoconfigure.sql.init.SqlR2dbcScriptDatabaseInitializer,org.springframework.boot.autoconfigure.sql.init.SqlDataSourceScriptDatabaseInitializer; SearchStrategy: all) did not find any beans (OnBeanCondition)

   R2dbcTransactionManagerAutoConfiguration matched:
      - @ConditionalOnClass found required classes 'org.springframework.r2dbc.connection.R2dbcTransactionManager', 'org.springframework.transaction.ReactiveTransactionManager' (OnClassCondition)
      - @ConditionalOnSingleCandidate (types: io.r2dbc.spi.ConnectionFactory; SearchStrategy: all) found a single bean 'connectionFactory' (OnBeanCondition)

   R2dbcTransactionManagerAutoConfiguration#connectionFactoryTransactionManager matched:
      - @ConditionalOnMissingBean (types: org.springframework.transaction.ReactiveTransactionManager; SearchStrategy: all) did not find any beans (OnBeanCondition)

   ReactiveMultipartAutoConfiguration matched:
      - @ConditionalOnClass found required classes 'org.springframework.http.codec.multipart.DefaultPartHttpMessageReader', 'org.springframework.web.reactive.config.WebFluxConfigurer' (OnClassCondition)
      - found ConfigurableReactiveWebEnvironment (OnWebApplicationCondition)

   ReactiveWebServerFactoryAutoConfiguration matched:
      - @ConditionalOnClass found required class 'org.springframework.http.ReactiveHttpInputMessage' (OnClassCondition)
      - found ConfigurableReactiveWebEnvironment (OnWebApplicationCondition)

   ReactiveWebServerFactoryConfiguration.EmbeddedNetty matched:
      - @ConditionalOnClass found required class 'reactor.netty.http.server.HttpServer' (OnClassCondition)
      - @ConditionalOnMissingBean (types: org.springframework.boot.web.reactive.server.ReactiveWebServerFactory; SearchStrategy: all) did not find any beans (OnBeanCondition)

   ReactorAutoConfiguration matched:
      - @ConditionalOnClass found required class 'reactor.core.publisher.Hooks' (OnClassCondition)

   ReactorNettyConfigurations.ReactorResourceFactoryConfiguration#reactorResourceFactory matched:
      - @ConditionalOnMissingBean (types: org.springframework.http.client.ReactorResourceFactory; SearchStrategy: all) did not find any beans (OnBeanCondition)

   SimpleCacheConfiguration matched:
      - Cache org.springframework.boot.autoconfigure.cache.SimpleCacheConfiguration automatic cache type (CacheCondition)

   SqlInitializationAutoConfiguration matched:
      - @ConditionalOnProperty (spring.sql.init.enabled) matched (OnPropertyCondition)
      - NoneNestedConditions 0 matched 1 did not; NestedCondition on SqlInitializationAutoConfiguration.SqlInitializationModeCondition.ModeIsNever @ConditionalOnProperty (spring.sql.init.mode=never) did not find property 'mode' (SqlInitializationAutoConfiguration.SqlInitializationModeCondition)

   SslAutoConfiguration#sslBundleRegistry matched:
      - @ConditionalOnMissingBean (types: org.springframework.boot.ssl.SslBundleRegistry,org.springframework.boot.ssl.SslBundles; SearchStrategy: all) did not find any beans (OnBeanCondition)

   TaskExecutionAutoConfiguration matched:
      - @ConditionalOnClass found required class 'org.springframework.scheduling.concurrent.ThreadPoolTaskExecutor' (OnClassCondition)

   TaskExecutorConfigurations.SimpleAsyncTaskExecutorBuilderConfiguration#simpleAsyncTaskExecutorBuilder matched:
      - @ConditionalOnMissingBean (types: org.springframework.boot.task.SimpleAsyncTaskExecutorBuilder; SearchStrategy: all) did not find any beans (OnBeanCondition)
      - @ConditionalOnThreading found PLATFORM (OnThreadingCondition)

   TaskExecutorConfigurations.TaskExecutorConfiguration matched:
      - @ConditionalOnMissingBean (types: java.util.concurrent.Executor; SearchStrategy: all) did not find any beans (OnBeanCondition)

   TaskExecutorConfigurations.TaskExecutorConfiguration#applicationTaskExecutor matched:
      - @ConditionalOnThreading found PLATFORM (OnThreadingCondition)

   TaskExecutorConfigurations.ThreadPoolTaskExecutorBuilderConfiguration#threadPoolTaskExecutorBuilder matched:
      - @ConditionalOnMissingBean (types: org.springframework.boot.task.ThreadPoolTaskExecutorBuilder; SearchStrategy: all) did not find any beans (OnBeanCondition)

   TaskSchedulingAutoConfiguration matched:
      - @ConditionalOnClass found required class 'org.springframework.scheduling.concurrent.ThreadPoolTaskScheduler' (OnClassCondition)

   TaskSchedulingConfigurations.SimpleAsyncTaskSchedulerBuilderConfiguration#simpleAsyncTaskSchedulerBuilder matched:
      - @ConditionalOnMissingBean (types: org.springframework.boot.task.SimpleAsyncTaskSchedulerBuilder; SearchStrategy: all) did not find any beans (OnBeanCondition)
      - @ConditionalOnThreading found PLATFORM (OnThreadingCondition)

   TaskSchedulingConfigurations.ThreadPoolTaskSchedulerBuilderConfiguration#threadPoolTaskSchedulerBuilder matched:
      - @ConditionalOnMissingBean (types: org.springframework.boot.task.ThreadPoolTaskSchedulerBuilder; SearchStrategy: all) did not find any beans (OnBeanCondition)

   TransactionAutoConfiguration matched:
      - @ConditionalOnClass found required class 'org.springframework.transaction.PlatformTransactionManager' (OnClassCondition)

   TransactionAutoConfiguration#transactionalOperator matched:
      - @ConditionalOnSingleCandidate (types: org.springframework.transaction.ReactiveTransactionManager; SearchStrategy: all) found a single bean 'connectionFactoryTransactionManager'; @ConditionalOnMissingBean (types: org.springframework.transaction.reactive.TransactionalOperator; SearchStrategy: all) did not find any beans (OnBeanCondition)

   TransactionAutoConfiguration.EnableTransactionManagementConfiguration matched:
      - @ConditionalOnBean (types: org.springframework.transaction.TransactionManager; SearchStrategy: all) found bean 'connectionFactoryTransactionManager'; @ConditionalOnMissingBean (types: org.springframework.transaction.annotation.AbstractTransactionManagementConfiguration; SearchStrategy: all) did not find any beans (OnBeanCondition)

   TransactionAutoConfiguration.EnableTransactionManagementConfiguration.CglibAutoProxyConfiguration matched:
      - @ConditionalOnProperty (spring.aop.proxy-target-class=true) matched (OnPropertyCondition)

   TransactionManagerCustomizationAutoConfiguration matched:
      - @ConditionalOnClass found required class 'org.springframework.transaction.PlatformTransactionManager' (OnClassCondition)

   TransactionManagerCustomizationAutoConfiguration#platformTransactionManagerCustomizers matched:
      - @ConditionalOnMissingBean (types: org.springframework.boot.autoconfigure.transaction.TransactionManagerCustomizers; SearchStrategy: all) did not find any beans (OnBeanCondition)

   ValidationAutoConfiguration matched:
      - @ConditionalOnClass found required class 'jakarta.validation.executable.ExecutableValidator' (OnClassCondition)
      - @ConditionalOnResource found location classpath:META-INF/services/jakarta.validation.spi.ValidationProvider (OnResourceCondition)

   ValidationAutoConfiguration#defaultValidator matched:
      - @ConditionalOnMissingBean (types: jakarta.validation.Validator; SearchStrategy: all) did not find any beans (OnBeanCondition)

   ValidationAutoConfiguration#methodValidationPostProcessor matched:
      - @ConditionalOnMissingBean (types: org.springframework.validation.beanvalidation.MethodValidationPostProcessor; SearchStrategy: current) did not find any beans (OnBeanCondition)

   WebClientAutoConfiguration matched:
      - @ConditionalOnClass found required class 'org.springframework.web.reactive.function.client.WebClient' (OnClassCondition)

   WebClientAutoConfiguration#webClientBuilder matched:
      - @ConditionalOnMissingBean (types: org.springframework.web.reactive.function.client.WebClient$Builder; SearchStrategy: all) did not find any beans (OnBeanCondition)

   WebClientAutoConfiguration#webClientSsl matched:
      - @ConditionalOnBean (types: org.springframework.boot.ssl.SslBundles; SearchStrategy: all) found bean 'sslBundleRegistry'; @ConditionalOnMissingBean (types: org.springframework.boot.autoconfigure.web.reactive.function.client.WebClientSsl; SearchStrategy: all) did not find any beans (OnBeanCondition)

   WebClientAutoConfiguration.WebClientCodecsConfiguration matched:
      - @ConditionalOnBean (types: org.springframework.boot.web.codec.CodecCustomizer; SearchStrategy: all) found beans 'jacksonCodecCustomizer', 'defaultCodecCustomizer', 'defaultPartHttpMessageReaderCustomizer' (OnBeanCondition)

   WebClientAutoConfiguration.WebClientCodecsConfiguration#exchangeStrategiesCustomizer matched:
      - @ConditionalOnMissingBean (types: org.springframework.boot.autoconfigure.web.reactive.function.client.WebClientCodecCustomizer; SearchStrategy: all) did not find any beans (OnBeanCondition)

   WebFluxAutoConfiguration matched:
      - @ConditionalOnClass found required class 'org.springframework.web.reactive.config.WebFluxConfigurer' (OnClassCondition)
      - found ConfigurableReactiveWebEnvironment (OnWebApplicationCondition)
      - @ConditionalOnMissingBean (types: org.springframework.web.reactive.config.WebFluxConfigurationSupport; SearchStrategy: all) did not find any beans (OnBeanCondition)

   WebFluxAutoConfiguration.EnableWebFluxConfiguration#localeContextResolver matched:
      - @ConditionalOnMissingBean (names: localeContextResolver; SearchStrategy: all) did not find any beans (OnBeanCondition)

   WebFluxAutoConfiguration.EnableWebFluxConfiguration#webSessionManager matched:
      - @ConditionalOnMissingBean (names: webSessionManager; SearchStrategy: all) did not find any beans (OnBeanCondition)

   WebSessionIdResolverAutoConfiguration matched:
      - @ConditionalOnClass found required classes 'org.springframework.web.server.session.WebSessionManager', 'reactor.core.publisher.Mono' (OnClassCondition)
      - found ConfigurableReactiveWebEnvironment (OnWebApplicationCondition)

   WebSessionIdResolverAutoConfiguration#webSessionIdResolver matched:
      - @ConditionalOnMissingBean (types: org.springframework.web.server.session.WebSessionIdResolver; SearchStrategy: all) did not find any beans (OnBeanCondition)


Negative matches:
-----------------

   ActiveMQAutoConfiguration:
      Did not match:
         - @ConditionalOnClass did not find required class 'jakarta.jms.ConnectionFactory' (OnClassCondition)

   AopAutoConfiguration.AspectJAutoProxyingConfiguration:
      Did not match:
         - @ConditionalOnClass did not find required class 'org.aspectj.weaver.Advice' (OnClassCondition)

   ArtemisAutoConfiguration:
      Did not match:
         - @ConditionalOnClass did not find required class 'jakarta.jms.ConnectionFactory' (OnClassCondition)

   BatchAutoConfiguration:
      Did not match:
         - @ConditionalOnClass did not find required class 'org.springframework.batch.core.launch.JobLauncher' (OnClassCondition)

   Cache2kCacheConfiguration:
      Did not match:
         - @ConditionalOnClass did not find required class 'org.cache2k.Cache2kBuilder' (OnClassCondition)

   CacheAutoConfiguration:
      Did not match:
         - @ConditionalOnBean (types: org.springframework.cache.interceptor.CacheAspectSupport; SearchStrategy: all) did not find any beans of type org.springframework.cache.interceptor.CacheAspectSupport (OnBeanCondition)
      Matched:
         - @ConditionalOnClass found required class 'org.springframework.cache.CacheManager' (OnClassCondition)

   CacheAutoConfiguration.CacheManagerEntityManagerFactoryDependsOnPostProcessor:
      Did not match:
         - @ConditionalOnClass did not find required class 'org.springframework.orm.jpa.LocalContainerEntityManagerFactoryBean' (OnClassCondition)
         - Ancestor org.springframework.boot.autoconfigure.cache.CacheAutoConfiguration did not match (ConditionEvaluationReport.AncestorsMatchedCondition)

   CaffeineCacheConfiguration:
      Did not match:
         - @ConditionalOnClass did not find required class 'com.github.benmanes.caffeine.cache.Caffeine' (OnClassCondition)

   CassandraAutoConfiguration:
      Did not match:
         - @ConditionalOnClass did not find required class 'com.datastax.oss.driver.api.core.CqlSession' (OnClassCondition)

   CassandraDataAutoConfiguration:
      Did not match:
         - @ConditionalOnClass did not find required class 'com.datastax.oss.driver.api.core.CqlSession' (OnClassCondition)

   CassandraReactiveDataAutoConfiguration:
      Did not match:
         - @ConditionalOnClass did not find required class 'com.datastax.oss.driver.api.core.CqlSession' (OnClassCondition)

   CassandraReactiveRepositoriesAutoConfiguration:
      Did not match:
         - @ConditionalOnClass did not find required class 'org.springframework.data.cassandra.ReactiveSession' (OnClassCondition)

   CassandraRepositoriesAutoConfiguration:
      Did not match:
         - @ConditionalOnClass did not find required class 'com.datastax.oss.driver.api.core.CqlSession' (OnClassCondition)

   ClientHttpConnectorFactoryConfiguration.HttpClient5:
      Did not match:
         - @ConditionalOnClass did not find required classes 'org.apache.hc.client5.http.impl.async.HttpAsyncClients', 'org.apache.hc.core5.http.nio.AsyncRequestProducer', 'org.apache.hc.core5.reactive.ReactiveResponseConsumer' (OnClassCondition)

   ClientHttpConnectorFactoryConfiguration.JdkClient:
      Did not match:
         - @ConditionalOnMissingBean (types: org.springframework.boot.autoconfigure.web.reactive.function.client.ClientHttpConnectorFactory; SearchStrategy: all) found beans of type 'org.springframework.boot.autoconfigure.web.reactive.function.client.ClientHttpConnectorFactory' reactorClientHttpConnectorFactory (OnBeanCondition)
      Matched:
         - @ConditionalOnClass found required class 'java.net.http.HttpClient' (OnClassCondition)

   ConnectionFactoryConfigurations.GenericConfiguration:
      Did not match:
         - @ConditionalOnMissingBean (types: io.r2dbc.spi.ConnectionFactory; SearchStrategy: all) found beans of type 'io.r2dbc.spi.ConnectionFactory' connectionFactory (OnBeanCondition)
      Matched:
         - @ConditionalOnProperty (spring.r2dbc.pool.enabled=false) matched (OnPropertyCondition)

   CouchbaseAutoConfiguration:
      Did not match:
         - @ConditionalOnClass did not find required class 'com.couchbase.client.java.Cluster' (OnClassCondition)

   CouchbaseCacheConfiguration:
      Did not match:
         - @ConditionalOnClass did not find required class 'com.couchbase.client.java.Cluster' (OnClassCondition)

   CouchbaseDataAutoConfiguration:
      Did not match:
         - @ConditionalOnClass did not find required class 'com.couchbase.client.java.Bucket' (OnClassCondition)

   CouchbaseReactiveDataAutoConfiguration:
      Did not match:
         - @ConditionalOnClass did not find required class 'com.couchbase.client.java.Cluster' (OnClassCondition)

   CouchbaseReactiveRepositoriesAutoConfiguration:
      Did not match:
         - @ConditionalOnClass did not find required class 'com.couchbase.client.java.Cluster' (OnClassCondition)

   CouchbaseRepositoriesAutoConfiguration:
      Did not match:
         - @ConditionalOnClass did not find required class 'com.couchbase.client.java.Bucket' (OnClassCondition)

   DataSourceAutoConfiguration:
      Did not match:
         - @ConditionalOnMissingBean (types: io.r2dbc.spi.ConnectionFactory; SearchStrategy: all) found beans of type 'io.r2dbc.spi.ConnectionFactory' connectionFactory (OnBeanCondition)
      Matched:
         - @ConditionalOnClass found required classes 'javax.sql.DataSource', 'org.springframework.jdbc.datasource.embedded.EmbeddedDatabaseType' (OnClassCondition)

   DataSourceAutoConfiguration.EmbeddedDatabaseConfiguration:
      Did not match:
         - EmbeddedDataSource did not find embedded database (DataSourceAutoConfiguration.EmbeddedDatabaseCondition)
         - Ancestor org.springframework.boot.autoconfigure.jdbc.DataSourceAutoConfiguration did not match (ConditionEvaluationReport.AncestorsMatchedCondition)

   DataSourceAutoConfiguration.PooledDataSourceConfiguration:
      Did not match:
         - AnyNestedCondition 0 matched 2 did not; NestedCondition on DataSourceAutoConfiguration.PooledDataSourceCondition.PooledDataSourceAvailable PooledDataSource did not find supported DataSource; NestedCondition on DataSourceAutoConfiguration.PooledDataSourceCondition.ExplicitType @ConditionalOnProperty (spring.datasource.type) did not find property 'type' (DataSourceAutoConfiguration.PooledDataSourceCondition)
         - Ancestor org.springframework.boot.autoconfigure.jdbc.DataSourceAutoConfiguration did not match (ConditionEvaluationReport.AncestorsMatchedCondition)

   DataSourceCheckpointRestoreConfiguration:
      Did not match:
         - @ConditionalOnClass did not find required class 'org.crac.Resource' (OnClassCondition)

   DataSourceInitializationConfiguration:
      Did not match:
         - @ConditionalOnSingleCandidate (types: javax.sql.DataSource; SearchStrategy: all) did not find any beans (OnBeanCondition)
      Matched:
         - @ConditionalOnClass found required class 'org.springframework.jdbc.datasource.init.DatabasePopulator' (OnClassCondition)

   DataSourcePoolMetadataProvidersConfiguration.CommonsDbcp2PoolDataSourceMetadataProviderConfiguration:
      Did not match:
         - @ConditionalOnClass did not find required class 'org.apache.commons.dbcp2.BasicDataSource' (OnClassCondition)

   DataSourcePoolMetadataProvidersConfiguration.HikariPoolDataSourceMetadataProviderConfiguration:
      Did not match:
         - @ConditionalOnClass did not find required class 'com.zaxxer.hikari.HikariDataSource' (OnClassCondition)

   DataSourcePoolMetadataProvidersConfiguration.OracleUcpPoolDataSourceMetadataProviderConfiguration:
      Did not match:
         - @ConditionalOnClass did not find required classes 'oracle.ucp.jdbc.PoolDataSource', 'oracle.jdbc.OracleConnection' (OnClassCondition)

   DataSourcePoolMetadataProvidersConfiguration.TomcatDataSourcePoolMetadataProviderConfiguration:
      Did not match:
         - @ConditionalOnClass did not find required class 'org.apache.tomcat.jdbc.pool.DataSource' (OnClassCondition)

   DataSourceTransactionManagerAutoConfiguration.JdbcTransactionManagerConfiguration:
      Did not match:
         - @ConditionalOnSingleCandidate (types: javax.sql.DataSource; SearchStrategy: all) did not find any beans (OnBeanCondition)

   DispatcherServletAutoConfiguration:
      Did not match:
         - @ConditionalOnClass did not find required class 'org.springframework.web.servlet.DispatcherServlet' (OnClassCondition)

   ElasticsearchClientAutoConfiguration:
      Did not match:
         - @ConditionalOnClass did not find required class 'co.elastic.clients.elasticsearch.ElasticsearchClient' (OnClassCondition)

   ElasticsearchDataAutoConfiguration:
      Did not match:
         - @ConditionalOnClass did not find required class 'org.springframework.data.elasticsearch.client.elc.ElasticsearchTemplate' (OnClassCondition)

   ElasticsearchRepositoriesAutoConfiguration:
      Did not match:
         - @ConditionalOnClass did not find required class 'org.springframework.data.elasticsearch.repository.ElasticsearchRepository' (OnClassCondition)

   ElasticsearchRestClientAutoConfiguration:
      Did not match:
         - @ConditionalOnClass did not find required class 'org.elasticsearch.client.RestClientBuilder' (OnClassCondition)

   EmbeddedLdapAutoConfiguration:
      Did not match:
         - @ConditionalOnClass did not find required class 'com.unboundid.ldap.listener.InMemoryDirectoryServer' (OnClassCondition)

   EmbeddedWebServerFactoryCustomizerAutoConfiguration.JettyWebServerFactoryCustomizerConfiguration:
      Did not match:
         - @ConditionalOnClass did not find required classes 'org.eclipse.jetty.server.Server', 'org.eclipse.jetty.util.Loader', 'org.eclipse.jetty.ee10.webapp.WebAppContext' (OnClassCondition)

   EmbeddedWebServerFactoryCustomizerAutoConfiguration.TomcatWebServerFactoryCustomizerConfiguration:
      Did not match:
         - @ConditionalOnClass did not find required classes 'org.apache.catalina.startup.Tomcat', 'org.apache.coyote.UpgradeProtocol' (OnClassCondition)

   EmbeddedWebServerFactoryCustomizerAutoConfiguration.UndertowWebServerFactoryCustomizerConfiguration:
      Did not match:
         - @ConditionalOnClass did not find required classes 'io.undertow.Undertow', 'org.xnio.SslClientAuthMode' (OnClassCondition)

   ErrorMvcAutoConfiguration:
      Did not match:
         - @ConditionalOnClass did not find required class 'jakarta.servlet.Servlet' (OnClassCondition)

   FlywayAutoConfiguration:
      Did not match:
         - @ConditionalOnClass did not find required class 'org.flywaydb.core.Flyway' (OnClassCondition)

   FreeMarkerAutoConfiguration:
      Did not match:
         - @ConditionalOnClass did not find required class 'freemarker.template.Configuration' (OnClassCondition)

   GraphQlAutoConfiguration:
      Did not match:
         - @ConditionalOnClass did not find required class 'graphql.GraphQL' (OnClassCondition)

   GraphQlQueryByExampleAutoConfiguration:
      Did not match:
         - @ConditionalOnClass did not find required class 'graphql.GraphQL' (OnClassCondition)

   GraphQlQuerydslAutoConfiguration:
      Did not match:
         - @ConditionalOnClass did not find required class 'com.querydsl.core.Query' (OnClassCondition)

   GraphQlRSocketAutoConfiguration:
      Did not match:
         - @ConditionalOnClass did not find required class 'graphql.GraphQL' (OnClassCondition)

   GraphQlReactiveQueryByExampleAutoConfiguration:
      Did not match:
         - @ConditionalOnClass did not find required class 'graphql.GraphQL' (OnClassCondition)

   GraphQlReactiveQuerydslAutoConfiguration:
      Did not match:
         - @ConditionalOnClass did not find required class 'com.querydsl.core.Query' (OnClassCondition)

   GraphQlWebFluxAutoConfiguration:
      Did not match:
         - @ConditionalOnClass did not find required class 'graphql.GraphQL' (OnClassCondition)

   GraphQlWebFluxSecurityAutoConfiguration:
      Did not match:
         - @ConditionalOnClass did not find required class 'graphql.GraphQL' (OnClassCondition)

   GraphQlWebMvcAutoConfiguration:
      Did not match:
         - @ConditionalOnClass did not find required class 'graphql.GraphQL' (OnClassCondition)

   GraphQlWebMvcSecurityAutoConfiguration:
      Did not match:
         - @ConditionalOnClass did not find required class 'graphql.GraphQL' (OnClassCondition)

   GroovyTemplateAutoConfiguration:
      Did not match:
         - @ConditionalOnClass did not find required class 'groovy.text.markup.MarkupTemplateEngine' (OnClassCondition)

   GsonAutoConfiguration:
      Did not match:
         - @ConditionalOnClass did not find required class 'com.google.gson.Gson' (OnClassCondition)

   H2ConsoleAutoConfiguration:
      Did not match:
         - @ConditionalOnClass did not find required class 'org.h2.server.web.JakartaWebServlet' (OnClassCondition)

   HazelcastAutoConfiguration:
      Did not match:
         - @ConditionalOnClass did not find required class 'com.hazelcast.core.HazelcastInstance' (OnClassCondition)

   HazelcastCacheConfiguration:
      Did not match:
         - @ConditionalOnClass did not find required class 'com.hazelcast.core.HazelcastInstance' (OnClassCondition)

   HazelcastJpaDependencyAutoConfiguration:
      Did not match:
         - @ConditionalOnClass did not find required class 'com.hazelcast.core.HazelcastInstance' (OnClassCondition)

   HibernateJpaAutoConfiguration:
      Did not match:
         - @ConditionalOnClass did not find required class 'jakarta.persistence.EntityManager' (OnClassCondition)

   HttpClientAutoConfiguration:
      Did not match:
         - NoneNestedConditions 1 matched 0 did not; NestedCondition on NotReactiveWebApplicationCondition.ReactiveWebApplication found ConfigurableReactiveWebEnvironment (NotReactiveWebApplicationCondition)
      Matched:
         - @ConditionalOnClass found required class 'org.springframework.http.client.ClientHttpRequestFactory' (OnClassCondition)

   HttpEncodingAutoConfiguration:
      Did not match:
         - @ConditionalOnClass did not find required class 'org.springframework.web.filter.CharacterEncodingFilter' (OnClassCondition)

   HttpMessageConvertersAutoConfiguration:
      Did not match:
         - NoneNestedConditions 1 matched 0 did not; NestedCondition on HttpMessageConvertersAutoConfiguration.NotReactiveWebApplicationCondition.ReactiveWebApplication found ConfigurableReactiveWebEnvironment (HttpMessageConvertersAutoConfiguration.NotReactiveWebApplicationCondition)
      Matched:
         - @ConditionalOnClass found required class 'org.springframework.http.converter.HttpMessageConverter' (OnClassCondition)

   HypermediaAutoConfiguration:
      Did not match:
         - @ConditionalOnClass did not find required class 'org.springframework.hateoas.EntityModel' (OnClassCondition)

   InfinispanCacheConfiguration:
      Did not match:
         - @ConditionalOnClass did not find required class 'org.infinispan.spring.embedded.provider.SpringEmbeddedCacheManager' (OnClassCondition)

   IntegrationAutoConfiguration:
      Did not match:
         - @ConditionalOnClass did not find required class 'org.springframework.integration.config.EnableIntegration' (OnClassCondition)

   JCacheCacheConfiguration:
      Did not match:
         - @ConditionalOnClass did not find required class 'javax.cache.Caching' (OnClassCondition)

   JdbcClientAutoConfiguration:
      Did not match:
         - @ConditionalOnSingleCandidate (types: org.springframework.jdbc.core.namedparam.NamedParameterJdbcTemplate; SearchStrategy: all) did not find any beans (OnBeanCondition)

   JdbcRepositoriesAutoConfiguration:
      Did not match:
         - @ConditionalOnClass did not find required class 'org.springframework.data.jdbc.repository.config.AbstractJdbcConfiguration' (OnClassCondition)

   JdbcTemplateAutoConfiguration:
      Did not match:
         - @ConditionalOnSingleCandidate (types: javax.sql.DataSource; SearchStrategy: all) did not find any beans (OnBeanCondition)
      Matched:
         - @ConditionalOnClass found required classes 'javax.sql.DataSource', 'org.springframework.jdbc.core.JdbcTemplate' (OnClassCondition)

   JerseyAutoConfiguration:
      Did not match:
         - @ConditionalOnClass did not find required class 'jakarta.servlet.ServletRegistration' (OnClassCondition)

   JmsAutoConfiguration:
      Did not match:
         - @ConditionalOnClass did not find required class 'jakarta.jms.Message' (OnClassCondition)

   JmxAutoConfiguration:
      Did not match:
         - @ConditionalOnProperty (spring.jmx.enabled=true) found different value in property 'enabled' (OnPropertyCondition)
      Matched:
         - @ConditionalOnClass found required class 'org.springframework.jmx.export.MBeanExporter' (OnClassCondition)

   JndiConnectionFactoryAutoConfiguration:
      Did not match:
         - @ConditionalOnClass did not find required class 'org.springframework.jms.core.JmsTemplate' (OnClassCondition)

   JndiDataSourceAutoConfiguration:
      Did not match:
         - @ConditionalOnProperty (spring.datasource.jndi-name) did not find property 'jndi-name' (OnPropertyCondition)
      Matched:
         - @ConditionalOnClass found required classes 'javax.sql.DataSource', 'org.springframework.jdbc.datasource.embedded.EmbeddedDatabaseType' (OnClassCondition)

   JooqAutoConfiguration:
      Did not match:
         - @ConditionalOnClass did not find required class 'org.jooq.DSLContext' (OnClassCondition)

   JpaRepositoriesAutoConfiguration:
      Did not match:
         - @ConditionalOnClass did not find required class 'org.springframework.data.jpa.repository.JpaRepository' (OnClassCondition)

   JsonbAutoConfiguration:
      Did not match:
         - @ConditionalOnClass did not find required class 'jakarta.json.bind.Jsonb' (OnClassCondition)

   JtaAutoConfiguration:
      Did not match:
         - @ConditionalOnClass did not find required class 'jakarta.transaction.Transaction' (OnClassCondition)

   KafkaAutoConfiguration:
      Did not match:
         - @ConditionalOnClass did not find required class 'org.springframework.kafka.core.KafkaTemplate' (OnClassCondition)

   LdapAutoConfiguration:
      Did not match:
         - @ConditionalOnClass did not find required class 'org.springframework.ldap.core.ContextSource' (OnClassCondition)

   LdapRepositoriesAutoConfiguration:
      Did not match:
         - @ConditionalOnClass did not find required class 'org.springframework.data.ldap.repository.LdapRepository' (OnClassCondition)

   LiquibaseAutoConfiguration:
      Did not match:
         - @ConditionalOnClass did not find required class 'liquibase.change.DatabaseChange' (OnClassCondition)

   MailSenderAutoConfiguration:
      Did not match:
         - @ConditionalOnClass did not find required class 'jakarta.mail.internet.MimeMessage' (OnClassCondition)

   MailSenderValidatorAutoConfiguration:
      Did not match:
         - @ConditionalOnSingleCandidate did not find required type 'org.springframework.mail.javamail.JavaMailSenderImpl' (OnBeanCondition)

   MessageSourceAutoConfiguration:
      Did not match:
         - ResourceBundle did not find bundle with basename messages (MessageSourceAutoConfiguration.ResourceBundleCondition)

   MongoDataAutoConfiguration#mongoConnectionDetails:
      Did not match:
         - @ConditionalOnMissingBean (types: org.springframework.boot.autoconfigure.mongo.MongoConnectionDetails; SearchStrategy: all) found beans of type 'org.springframework.boot.autoconfigure.mongo.MongoConnectionDetails' mongoConnectionDetails (OnBeanCondition)

   MongoReactiveAutoConfiguration#mongoConnectionDetails:
      Did not match:
         - @ConditionalOnMissingBean (types: org.springframework.boot.autoconfigure.mongo.MongoConnectionDetails; SearchStrategy: all) found beans of type 'org.springframework.boot.autoconfigure.mongo.MongoConnectionDetails' mongoConnectionDetails (OnBeanCondition)

   MongoReactiveAutoConfiguration.MongoClientSettingsConfiguration:
      Did not match:
         - @ConditionalOnMissingBean (types: com.mongodb.MongoClientSettings; SearchStrategy: all) found beans of type 'com.mongodb.MongoClientSettings' mongoClientSettings (OnBeanCondition)

   MongoRepositoriesAutoConfiguration:
      Did not match:
         - @ConditionalOnMissingBean (types: org.springframework.data.mongodb.repository.support.MongoRepositoryFactoryBean,org.springframework.data.mongodb.repository.config.MongoRepositoryConfigurationExtension; SearchStrategy: all) found beans of type 'org.springframework.data.mongodb.repository.config.MongoRepositoryConfigurationExtension' org.springframework.data.mongodb.repository.config.MongoRepositoryConfigurationExtension#0 (OnBeanCondition)
      Matched:
         - @ConditionalOnClass found required classes 'com.mongodb.client.MongoClient', 'org.springframework.data.mongodb.repository.MongoRepository' (OnClassCondition)
         - @ConditionalOnRepositoryType configured type of 'AUTO' matched required type (OnRepositoryTypeCondition)

   MultipartAutoConfiguration:
      Did not match:
         - @ConditionalOnClass did not find required class 'jakarta.servlet.MultipartConfigElement' (OnClassCondition)

   MustacheAutoConfiguration:
      Did not match:
         - @ConditionalOnClass did not find required class 'com.samskivert.mustache.Mustache' (OnClassCondition)

   Neo4jAutoConfiguration:
      Did not match:
         - @ConditionalOnClass did not find required class 'org.neo4j.driver.Driver' (OnClassCondition)

   Neo4jDataAutoConfiguration:
      Did not match:
         - @ConditionalOnClass did not find required class 'org.neo4j.driver.Driver' (OnClassCondition)

   Neo4jReactiveDataAutoConfiguration:
      Did not match:
         - @ConditionalOnClass did not find required class 'org.neo4j.driver.Driver' (OnClassCondition)

   Neo4jReactiveRepositoriesAutoConfiguration:
      Did not match:
         - @ConditionalOnClass did not find required class 'org.neo4j.driver.Driver' (OnClassCondition)

   Neo4jRepositoriesAutoConfiguration:
      Did not match:
         - @ConditionalOnClass did not find required class 'org.neo4j.driver.Driver' (OnClassCondition)

   OAuth2AuthorizationServerAutoConfiguration:
      Did not match:
         - @ConditionalOnClass did not find required class 'org.springframework.security.oauth2.server.authorization.OAuth2Authorization' (OnClassCondition)

   OAuth2AuthorizationServerJwtAutoConfiguration:
      Did not match:
         - @ConditionalOnClass did not find required class 'org.springframework.security.oauth2.server.authorization.OAuth2Authorization' (OnClassCondition)

   OAuth2ClientAutoConfiguration:
      Did not match:
         - @ConditionalOnClass did not find required class 'org.springframework.security.config.annotation.web.configuration.EnableWebSecurity' (OnClassCondition)

   OAuth2ResourceServerAutoConfiguration:
      Did not match:
         - @ConditionalOnClass did not find required class 'org.springframework.security.oauth2.server.resource.authentication.BearerTokenAuthenticationToken' (OnClassCondition)

   ProjectInfoAutoConfiguration#buildProperties:
      Did not match:
         - @ConditionalOnResource did not find resource '${spring.info.build.location:classpath:META-INF/build-info.properties}' (OnResourceCondition)

   ProjectInfoAutoConfiguration#gitProperties:
      Did not match:
         - GitResource did not find git info at classpath:git.properties (ProjectInfoAutoConfiguration.GitResourceAvailableCondition)

   PulsarAutoConfiguration:
      Did not match:
         - @ConditionalOnClass did not find required class 'org.apache.pulsar.client.api.PulsarClient' (OnClassCondition)

   PulsarReactiveAutoConfiguration:
      Did not match:
         - @ConditionalOnClass did not find required class 'org.apache.pulsar.client.api.PulsarClient' (OnClassCondition)

   QuartzAutoConfiguration:
      Did not match:
         - @ConditionalOnClass did not find required class 'org.quartz.Scheduler' (OnClassCondition)

   R2dbcProxyAutoConfiguration:
      Did not match:
         - @ConditionalOnClass did not find required class 'io.r2dbc.proxy.ProxyConnectionFactory' (OnClassCondition)

   R2dbcRepositoriesAutoConfiguration:
      Did not match:
         - @ConditionalOnMissingBean (types: org.springframework.data.r2dbc.repository.support.R2dbcRepositoryFactoryBean; SearchStrategy: all) found beans of type 'org.springframework.data.r2dbc.repository.support.R2dbcRepositoryFactoryBean' &productRepository, &customerRepository (OnBeanCondition)
      Matched:
         - @ConditionalOnClass found required classes 'io.r2dbc.spi.ConnectionFactory', 'org.springframework.data.r2dbc.repository.R2dbcRepository' (OnClassCondition)
         - @ConditionalOnProperty (spring.data.r2dbc.repositories.enabled=true) matched (OnPropertyCondition)

   RSocketGraphQlClientAutoConfiguration:
      Did not match:
         - @ConditionalOnClass did not find required class 'graphql.GraphQL' (OnClassCondition)

   RSocketMessagingAutoConfiguration:
      Did not match:
         - @ConditionalOnClass did not find required class 'io.rsocket.RSocket' (OnClassCondition)

   RSocketRequesterAutoConfiguration:
      Did not match:
         - @ConditionalOnClass did not find required class 'io.rsocket.RSocket' (OnClassCondition)

   RSocketSecurityAutoConfiguration:
      Did not match:
         - @ConditionalOnClass did not find required class 'org.springframework.security.rsocket.core.SecuritySocketAcceptorInterceptor' (OnClassCondition)

   RSocketServerAutoConfiguration:
      Did not match:
         - @ConditionalOnClass did not find required class 'io.rsocket.core.RSocketServer' (OnClassCondition)

   RSocketStrategiesAutoConfiguration:
      Did not match:
         - @ConditionalOnClass did not find required class 'io.rsocket.RSocket' (OnClassCondition)

   RabbitAutoConfiguration:
      Did not match:
         - @ConditionalOnClass did not find required class 'com.rabbitmq.client.Channel' (OnClassCondition)

   ReactiveElasticsearchClientAutoConfiguration:
      Did not match:
         - @ConditionalOnClass did not find required class 'co.elastic.clients.transport.ElasticsearchTransport' (OnClassCondition)

   ReactiveElasticsearchRepositoriesAutoConfiguration:
      Did not match:
         - @ConditionalOnClass did not find required class 'org.springframework.data.elasticsearch.client.elc.ReactiveElasticsearchClient' (OnClassCondition)

   ReactiveOAuth2ClientAutoConfiguration:
      Did not match:
         - @ConditionalOnClass did not find required class 'org.springframework.security.config.annotation.web.reactive.EnableWebFluxSecurity' (OnClassCondition)

   ReactiveOAuth2ResourceServerAutoConfiguration:
      Did not match:
         - @ConditionalOnClass did not find required class 'org.springframework.security.config.annotation.web.reactive.EnableWebFluxSecurity' (OnClassCondition)

   ReactiveSecurityAutoConfiguration:
      Did not match:
         - @ConditionalOnClass did not find required class 'org.springframework.security.config.annotation.web.reactive.EnableWebFluxSecurity' (OnClassCondition)

   ReactiveUserDetailsServiceAutoConfiguration:
      Did not match:
         - @ConditionalOnClass did not find required class 'org.springframework.security.authentication.ReactiveAuthenticationManager' (OnClassCondition)

   ReactiveWebServerFactoryAutoConfiguration#forwardedHeaderTransformer:
      Did not match:
         - @ConditionalOnProperty (server.forward-headers-strategy=framework) did not find property 'server.forward-headers-strategy' (OnPropertyCondition)

   ReactiveWebServerFactoryAutoConfiguration#tomcatReactiveWebServerFactoryCustomizer:
      Did not match:
         - @ConditionalOnClass did not find required class 'org.apache.catalina.startup.Tomcat' (OnClassCondition)

   ReactiveWebServerFactoryConfiguration.EmbeddedJetty:
      Did not match:
         - @ConditionalOnClass did not find required classes 'org.eclipse.jetty.server.Server', 'org.eclipse.jetty.ee10.servlet.ServletHolder' (OnClassCondition)

   ReactiveWebServerFactoryConfiguration.EmbeddedTomcat:
      Did not match:
         - @ConditionalOnClass did not find required class 'org.apache.catalina.startup.Tomcat' (OnClassCondition)

   ReactiveWebServerFactoryConfiguration.EmbeddedUndertow:
      Did not match:
         - @ConditionalOnClass did not find required class 'io.undertow.Undertow' (OnClassCondition)

   RedisAutoConfiguration:
      Did not match:
         - @ConditionalOnClass did not find required class 'org.springframework.data.redis.core.RedisOperations' (OnClassCondition)

   RedisCacheConfiguration:
      Did not match:
         - @ConditionalOnClass did not find required class 'org.springframework.data.redis.connection.RedisConnectionFactory' (OnClassCondition)

   RedisReactiveAutoConfiguration:
      Did not match:
         - @ConditionalOnClass did not find required class 'org.springframework.data.redis.connection.ReactiveRedisConnectionFactory' (OnClassCondition)

   RedisRepositoriesAutoConfiguration:
      Did not match:
         - @ConditionalOnClass did not find required class 'org.springframework.data.redis.repository.configuration.EnableRedisRepositories' (OnClassCondition)

   RepositoryRestMvcAutoConfiguration:
      Did not match:
         - @ConditionalOnClass did not find required class 'org.springframework.data.rest.webmvc.config.RepositoryRestMvcConfiguration' (OnClassCondition)

   RestClientAutoConfiguration:
      Did not match:
         - NoneNestedConditions 1 matched 0 did not; NestedCondition on NotReactiveWebApplicationCondition.ReactiveWebApplication found ConfigurableReactiveWebEnvironment (NotReactiveWebApplicationCondition)
      Matched:
         - @ConditionalOnClass found required class 'org.springframework.web.client.RestClient' (OnClassCondition)

   RestTemplateAutoConfiguration:
      Did not match:
         - NoneNestedConditions 1 matched 0 did not; NestedCondition on NotReactiveWebApplicationCondition.ReactiveWebApplication found ConfigurableReactiveWebEnvironment (NotReactiveWebApplicationCondition)
      Matched:
         - @ConditionalOnClass found required class 'org.springframework.web.client.RestTemplate' (OnClassCondition)

   Saml2RelyingPartyAutoConfiguration:
      Did not match:
         - @ConditionalOnClass did not find required class 'org.springframework.security.saml2.provider.service.registration.RelyingPartyRegistrationRepository' (OnClassCondition)

   SecurityAutoConfiguration:
      Did not match:
         - @ConditionalOnClass did not find required class 'org.springframework.security.authentication.DefaultAuthenticationEventPublisher' (OnClassCondition)

   SecurityFilterAutoConfiguration:
      Did not match:
         - @ConditionalOnClass did not find required class 'org.springframework.security.config.http.SessionCreationPolicy' (OnClassCondition)

   SendGridAutoConfiguration:
      Did not match:
         - @ConditionalOnClass did not find required class 'com.sendgrid.SendGrid' (OnClassCondition)

   ServletWebServerFactoryAutoConfiguration:
      Did not match:
         - @ConditionalOnClass did not find required class 'jakarta.servlet.ServletRequest' (OnClassCondition)

   SessionAutoConfiguration:
      Did not match:
         - @ConditionalOnClass did not find required class 'org.springframework.session.Session' (OnClassCondition)

   SpringApplicationAdminJmxAutoConfiguration:
      Did not match:
         - @ConditionalOnProperty (spring.application.admin.enabled=true) did not find property 'enabled' (OnPropertyCondition)

   SpringDataWebAutoConfiguration:
      Did not match:
         - @ConditionalOnClass did not find required class 'org.springframework.web.servlet.config.annotation.WebMvcConfigurer' (OnClassCondition)

   TaskExecutorConfigurations.SimpleAsyncTaskExecutorBuilderConfiguration#simpleAsyncTaskExecutorBuilderVirtualThreads:
      Did not match:
         - @ConditionalOnMissingBean (types: org.springframework.boot.task.SimpleAsyncTaskExecutorBuilder; SearchStrategy: all) found beans of type 'org.springframework.boot.task.SimpleAsyncTaskExecutorBuilder' simpleAsyncTaskExecutorBuilder (OnBeanCondition)

   TaskExecutorConfigurations.TaskExecutorConfiguration#applicationTaskExecutorVirtualThreads:
      Did not match:
         - @ConditionalOnThreading did not find VIRTUAL (OnThreadingCondition)

   TaskSchedulingAutoConfiguration#scheduledBeanLazyInitializationExcludeFilter:
      Did not match:
         - @ConditionalOnBean (names: org.springframework.context.annotation.internalScheduledAnnotationProcessor; SearchStrategy: all) did not find any beans named org.springframework.context.annotation.internalScheduledAnnotationProcessor (OnBeanCondition)

   TaskSchedulingConfigurations.SimpleAsyncTaskSchedulerBuilderConfiguration#simpleAsyncTaskSchedulerBuilderVirtualThreads:
      Did not match:
         - @ConditionalOnMissingBean (types: org.springframework.boot.task.SimpleAsyncTaskSchedulerBuilder; SearchStrategy: all) found beans of type 'org.springframework.boot.task.SimpleAsyncTaskSchedulerBuilder' simpleAsyncTaskSchedulerBuilder (OnBeanCondition)

   TaskSchedulingConfigurations.TaskSchedulerConfiguration:
      Did not match:
         - @ConditionalOnBean (names: org.springframework.context.annotation.internalScheduledAnnotationProcessor; SearchStrategy: all) did not find any beans named org.springframework.context.annotation.internalScheduledAnnotationProcessor (OnBeanCondition)

   ThymeleafAutoConfiguration:
      Did not match:
         - @ConditionalOnClass did not find required class 'org.thymeleaf.spring6.SpringTemplateEngine' (OnClassCondition)

   TransactionAutoConfiguration.AspectJTransactionManagementConfiguration:
      Did not match:
         - @ConditionalOnBean did not find required type 'org.springframework.transaction.aspectj.AbstractTransactionAspect' (OnBeanCondition)
         - @ConditionalOnBean (types: org.springframework.transaction.aspectj.AbstractTransactionAspect; SearchStrategy: all) did not find any beans of type org.springframework.transaction.aspectj.AbstractTransactionAspect (OnBeanCondition)

   TransactionAutoConfiguration.EnableTransactionManagementConfiguration.JdkDynamicAutoProxyConfiguration:
      Did not match:
         - @ConditionalOnProperty (spring.aop.proxy-target-class=false) did not find property 'proxy-target-class' (OnPropertyCondition)

   TransactionAutoConfiguration.TransactionTemplateConfiguration:
      Did not match:
         - @ConditionalOnSingleCandidate (types: org.springframework.transaction.PlatformTransactionManager; SearchStrategy: all) did not find any beans (OnBeanCondition)

   UserDetailsServiceAutoConfiguration:
      Did not match:
         - @ConditionalOnClass did not find required class 'org.springframework.security.authentication.AuthenticationManager' (OnClassCondition)

   WebFluxAutoConfiguration#hiddenHttpMethodFilter:
      Did not match:
         - @ConditionalOnProperty (spring.webflux.hiddenmethod.filter.enabled) did not find property 'enabled' (OnPropertyCondition)

   WebFluxAutoConfiguration.ProblemDetailsErrorHandlingConfiguration:
      Did not match:
         - @ConditionalOnProperty (spring.webflux.problemdetails.enabled=true) did not find property 'enabled' (OnPropertyCondition)

   WebFluxAutoConfiguration.ResourceChainCustomizerConfiguration:
      Did not match:
         - @ConditionalOnEnabledResourceChain did not find class org.webjars.WebJarVersionLocator (OnEnabledResourceChainCondition)

   WebMvcAutoConfiguration:
      Did not match:
         - @ConditionalOnClass did not find required class 'jakarta.servlet.Servlet' (OnClassCondition)

   WebServiceTemplateAutoConfiguration:
      Did not match:
         - @ConditionalOnClass did not find required class 'org.springframework.oxm.Marshaller' (OnClassCondition)

   WebServicesAutoConfiguration:
      Did not match:
         - @ConditionalOnClass did not find required class 'org.springframework.ws.transport.http.MessageDispatcherServlet' (OnClassCondition)

   WebSocketMessagingAutoConfiguration:
      Did not match:
         - @ConditionalOnClass did not find required class 'org.springframework.web.socket.config.annotation.WebSocketMessageBrokerConfigurer' (OnClassCondition)

   WebSocketReactiveAutoConfiguration:
      Did not match:
         - @ConditionalOnClass did not find required class 'jakarta.servlet.Servlet' (OnClassCondition)

   WebSocketServletAutoConfiguration:
      Did not match:
         - @ConditionalOnClass did not find required class 'jakarta.servlet.Servlet' (OnClassCondition)

   XADataSourceAutoConfiguration:
      Did not match:
         - @ConditionalOnClass did not find required class 'jakarta.transaction.TransactionManager' (OnClassCondition)


Exclusions:
-----------

    None


Unconditional classes:
----------------------

    org.springframework.boot.autoconfigure.context.ConfigurationPropertiesAutoConfiguration

    org.springframework.boot.autoconfigure.ssl.SslAutoConfiguration

    org.springframework.boot.autoconfigure.context.PropertyPlaceholderAutoConfiguration

    org.springframework.boot.autoconfigure.context.LifecycleAutoConfiguration

    org.springframework.boot.autoconfigure.availability.ApplicationAvailabilityAutoConfiguration

    org.springframework.boot.autoconfigure.info.ProjectInfoAutoConfiguration



2024-12-29T22:25:41.548-05:00  INFO 24872 --- [electronico-backend] [           main] c.s.e.ElectronicoBackendApplicationTests : Started ElectronicoBackendApplicationTests in 2.832 seconds (process running for 3.744)
2024-12-29T22:25:41.549-05:00 DEBUG 24872 --- [electronico-backend] [           main] o.s.b.a.ApplicationAvailabilityBean      : Application availability state LivenessState changed to CORRECT
2024-12-29T22:25:41.552-05:00 DEBUG 24872 --- [electronico-backend] [           main] o.s.b.a.ApplicationAvailabilityBean      : Application availability state ReadinessState changed to ACCEPTING_TRAFFIC
2024-12-29T22:25:41.554-05:00 DEBUG 24872 --- [electronico-backend] [           main] org.springframework.test.context.cache   : Spring test ApplicationContext cache statistics: [DefaultContextCache@6b64429e size = 1, maxSize = 32, parentContextCount = 0, hitCount = 0, missCount = 1, failureCount = 0]
2024-12-29T22:25:41.556-05:00 DEBUG 24872 --- [electronico-backend] [           main] org.springframework.test.context.cache   : Spring test ApplicationContext cache statistics: [DefaultContextCache@6b64429e size = 1, maxSize = 32, parentContextCount = 0, hitCount = 1, missCount = 1, failureCount = 0]
2024-12-29T22:25:41.564-05:00 DEBUG 24872 --- [electronico-backend] [           main] sContextBeforeModesTestExecutionListener : Before test method: class [ElectronicoBackendApplicationTests], method [contextLoads], class annotated with @DirtiesContext [false] with mode [null], method annotated with @DirtiesContext [false] with mode [null]
2024-12-29T22:25:41.567-05:00 DEBUG 24872 --- [electronico-backend] [           main] org.springframework.test.context.cache   : Spring test ApplicationContext cache statistics: [DefaultContextCache@6b64429e size = 1, maxSize = 32, parentContextCount = 0, hitCount = 2, missCount = 1, failureCount = 0]
2024-12-29T22:25:41.568-05:00 DEBUG 24872 --- [electronico-backend] [           main] org.springframework.test.context.cache   : Spring test ApplicationContext cache statistics: [DefaultContextCache@6b64429e size = 1, maxSize = 32, parentContextCount = 0, hitCount = 3, missCount = 1, failureCount = 0]
2024-12-29T22:25:42.333-05:00 DEBUG 24872 --- [electronico-backend] [           main] org.springframework.test.context.cache   : Spring test ApplicationContext cache statistics: [DefaultContextCache@6b64429e size = 1, maxSize = 32, parentContextCount = 0, hitCount = 4, missCount = 1, failureCount = 0]
2024-12-29T22:25:42.339-05:00 DEBUG 24872 --- [electronico-backend] [           main] org.springframework.test.context.cache   : Spring test ApplicationContext cache statistics: [DefaultContextCache@6b64429e size = 1, maxSize = 32, parentContextCount = 0, hitCount = 5, missCount = 1, failureCount = 0]
2024-12-29T22:25:42.346-05:00 DEBUG 24872 --- [electronico-backend] [           main] org.springframework.test.context.cache   : Spring test ApplicationContext cache statistics: [DefaultContextCache@6b64429e size = 1, maxSize = 32, parentContextCount = 0, hitCount = 6, missCount = 1, failureCount = 0]
2024-12-29T22:25:42.347-05:00 DEBUG 24872 --- [electronico-backend] [           main] org.springframework.test.context.cache   : Spring test ApplicationContext cache statistics: [DefaultContextCache@6b64429e size = 1, maxSize = 32, parentContextCount = 0, hitCount = 7, missCount = 1, failureCount = 0]
2024-12-29T22:25:42.348-05:00 DEBUG 24872 --- [electronico-backend] [           main] org.springframework.test.context.cache   : Spring test ApplicationContext cache statistics: [DefaultContextCache@6b64429e size = 1, maxSize = 32, parentContextCount = 0, hitCount = 8, missCount = 1, failureCount = 0]
2024-12-29T22:25:42.348-05:00 DEBUG 24872 --- [electronico-backend] [           main] org.springframework.test.context.cache   : Spring test ApplicationContext cache statistics: [DefaultContextCache@6b64429e size = 1, maxSize = 32, parentContextCount = 0, hitCount = 9, missCount = 1, failureCount = 0]
2024-12-29T22:25:42.349-05:00 DEBUG 24872 --- [electronico-backend] [           main] org.springframework.test.context.cache   : Spring test ApplicationContext cache statistics: [DefaultContextCache@6b64429e size = 1, maxSize = 32, parentContextCount = 0, hitCount = 10, missCount = 1, failureCount = 0]
2024-12-29T22:25:42.349-05:00 DEBUG 24872 --- [electronico-backend] [           main] org.springframework.test.context.cache   : Spring test ApplicationContext cache statistics: [DefaultContextCache@6b64429e size = 1, maxSize = 32, parentContextCount = 0, hitCount = 11, missCount = 1, failureCount = 0]
2024-12-29T22:25:42.350-05:00 DEBUG 24872 --- [electronico-backend] [           main] org.springframework.test.context.cache   : Spring test ApplicationContext cache statistics: [DefaultContextCache@6b64429e size = 1, maxSize = 32, parentContextCount = 0, hitCount = 12, missCount = 1, failureCount = 0]
2024-12-29T22:25:42.351-05:00 DEBUG 24872 --- [electronico-backend] [           main] .c.s.DirtiesContextTestExecutionListener : After test method: class [ElectronicoBackendApplicationTests], method [contextLoads], class annotated with @DirtiesContext [false] with mode [null], method annotated with @DirtiesContext [false] with mode [null]
]]></system-out>
  </testcase>
</testsuite>